09:34:53.435 INFO  =-=-=-=-=-=-=- Loading command(s) -=-=-=-=-=-=-= 
09:35:22.156 INFO  =-=-=-=-=-=-=- Loading event(s) -=-=-=-=-=-=-= 
09:35:57.982 ERROR Đã có lỗi xảy ra: channel.createOverwrite is not a function. 
09:39:08.573 ERROR Đã có lỗi xảy ra: channel.createOverwrite is not a function. 
09:39:08.576 ERROR Đã có lỗi xảy ra: channel.createOverwrite is not a function. 
09:39:08.579 ERROR Đã có lỗi xảy ra: channel.createOverwrite is not a function. 
09:39:08.584 ERROR Đã có lỗi xảy ra: channel.createOverwrite is not a function. 
09:39:08.586 ERROR Đã có lỗi xảy ra: channel.createOverwrite is not a function. 
09:39:08.587 ERROR Đã có lỗi xảy ra: channel.createOverwrite is not a function. 
09:39:08.589 ERROR Đã có lỗi xảy ra: channel.createOverwrite is not a function. 
09:39:08.590 ERROR Đã có lỗi xảy ra: channel.createOverwrite is not a function. 
09:39:08.592 ERROR Đã có lỗi xảy ra: channel.createOverwrite is not a function. 
09:39:08.593 ERROR Đã có lỗi xảy ra: channel.createOverwrite is not a function. 
09:39:08.594 ERROR Đã có lỗi xảy ra: channel.createOverwrite is not a function. 
09:39:08.596 ERROR Đã có lỗi xảy ra: channel.createOverwrite is not a function. 
09:39:08.600 ERROR Đã có lỗi xảy ra: channel.createOverwrite is not a function. 
09:39:08.601 ERROR Đã có lỗi xảy ra: channel.createOverwrite is not a function. 
09:39:08.603 ERROR Đã có lỗi xảy ra: channel.createOverwrite is not a function. 
09:39:08.604 ERROR Đã có lỗi xảy ra: channel.createOverwrite is not a function. 
09:39:08.605 ERROR Đã có lỗi xảy ra: channel.createOverwrite is not a function. 
09:39:08.607 ERROR Đã có lỗi xảy ra: channel.createOverwrite is not a function. 
09:39:08.608 ERROR Đã có lỗi xảy ra: channel.createOverwrite is not a function. 
09:39:08.609 ERROR Đã có lỗi xảy ra: channel.createOverwrite is not a function. 
09:39:08.611 ERROR Đã có lỗi xảy ra: channel.createOverwrite is not a function. 
09:39:08.616 ERROR Đã có lỗi xảy ra: channel.createOverwrite is not a function. 
09:39:08.619 ERROR Đã có lỗi xảy ra: channel.createOverwrite is not a function. 
09:39:08.620 ERROR Đã có lỗi xảy ra: channel.createOverwrite is not a function. 
09:39:08.622 ERROR Đã có lỗi xảy ra: channel.createOverwrite is not a function. 
09:39:08.623 ERROR Đã có lỗi xảy ra: channel.createOverwrite is not a function. 
09:39:08.624 ERROR Đã có lỗi xảy ra: channel.createOverwrite is not a function. 
09:39:08.626 ERROR Đã có lỗi xảy ra: channel.createOverwrite is not a function. 
09:39:08.628 ERROR Đã có lỗi xảy ra: channel.createOverwrite is not a function. 
09:39:08.632 ERROR Đã có lỗi xảy ra: channel.createOverwrite is not a function. 
09:39:08.634 ERROR Đã có lỗi xảy ra: channel.createOverwrite is not a function. 
09:39:08.635 ERROR Đã có lỗi xảy ra: channel.createOverwrite is not a function. 
09:39:08.636 ERROR Đã có lỗi xảy ra: channel.createOverwrite is not a function. 
09:39:08.638 ERROR Đã có lỗi xảy ra: channel.createOverwrite is not a function. 
09:39:08.640 ERROR Đã có lỗi xảy ra: channel.createOverwrite is not a function. 
09:39:08.642 ERROR Đã có lỗi xảy ra: channel.createOverwrite is not a function. 
09:39:08.647 ERROR Đã có lỗi xảy ra: channel.createOverwrite is not a function. 
09:39:08.649 ERROR Đã có lỗi xảy ra: channel.createOverwrite is not a function. 
09:39:08.650 ERROR Đã có lỗi xảy ra: channel.createOverwrite is not a function. 
09:39:08.652 ERROR Đã có lỗi xảy ra: channel.createOverwrite is not a function. 
09:39:08.655 ERROR Đã có lỗi xảy ra: channel.createOverwrite is not a function. 
09:39:08.656 ERROR Đã có lỗi xảy ra: channel.createOverwrite is not a function. 
09:39:08.661 ERROR Đã có lỗi xảy ra: channel.createOverwrite is not a function. 
09:39:08.663 ERROR Đã có lỗi xảy ra: channel.createOverwrite is not a function. 
09:39:08.664 ERROR Đã có lỗi xảy ra: channel.createOverwrite is not a function. 
09:39:08.666 ERROR Đã có lỗi xảy ra: channel.createOverwrite is not a function. 
09:39:08.667 ERROR Đã có lỗi xảy ra: channel.createOverwrite is not a function. 
09:39:08.669 ERROR Đã có lỗi xảy ra: channel.createOverwrite is not a function. 
09:39:08.670 ERROR Đã có lỗi xảy ra: channel.createOverwrite is not a function. 
09:39:08.671 ERROR Đã có lỗi xảy ra: channel.createOverwrite is not a function. 
09:39:08.674 ERROR Đã có lỗi xảy ra: channel.createOverwrite is not a function. 
09:39:08.677 ERROR Đã có lỗi xảy ra: channel.createOverwrite is not a function. 
09:39:08.679 ERROR Đã có lỗi xảy ra: channel.createOverwrite is not a function. 
09:39:08.680 ERROR Đã có lỗi xảy ra: channel.createOverwrite is not a function. 
09:39:08.681 ERROR Đã có lỗi xảy ra: channel.createOverwrite is not a function. 
09:39:08.683 ERROR Đã có lỗi xảy ra: channel.createOverwrite is not a function. 
09:39:08.684 ERROR Đã có lỗi xảy ra: channel.createOverwrite is not a function. 
09:39:08.686 ERROR Đã có lỗi xảy ra: channel.createOverwrite is not a function. 
09:39:08.687 ERROR Đã có lỗi xảy ra: channel.createOverwrite is not a function. 
09:39:08.692 ERROR Đã có lỗi xảy ra: channel.createOverwrite is not a function. 
09:39:08.695 ERROR Đã có lỗi xảy ra: channel.createOverwrite is not a function. 
09:39:08.697 ERROR Đã có lỗi xảy ra: channel.createOverwrite is not a function. 
09:39:08.698 ERROR Đã có lỗi xảy ra: channel.createOverwrite is not a function. 
09:39:08.700 ERROR Đã có lỗi xảy ra: channel.createOverwrite is not a function. 
09:39:08.701 ERROR Đã có lỗi xảy ra: channel.createOverwrite is not a function. 
09:39:08.705 ERROR Đã có lỗi xảy ra: channel.createOverwrite is not a function. 
09:39:09.230 ERROR Đã có lỗi xảy ra: Unknown Role. 
09:39:09.565 ERROR Đã có lỗi xảy ra: Unknown Role. 
09:39:42.695 ERROR Đã có lỗi xảy ra: channel.createOverwrite is not a function. 
09:39:42.698 ERROR Đã có lỗi xảy ra: channel.createOverwrite is not a function. 
09:39:42.700 ERROR Đã có lỗi xảy ra: channel.createOverwrite is not a function. 
09:39:42.702 ERROR Đã có lỗi xảy ra: channel.createOverwrite is not a function. 
09:39:42.703 ERROR Đã có lỗi xảy ra: channel.createOverwrite is not a function. 
09:39:42.704 ERROR Đã có lỗi xảy ra: channel.createOverwrite is not a function. 
09:39:42.706 ERROR Đã có lỗi xảy ra: channel.createOverwrite is not a function. 
09:39:42.707 ERROR Đã có lỗi xảy ra: channel.createOverwrite is not a function. 
09:39:42.709 ERROR Đã có lỗi xảy ra: channel.createOverwrite is not a function. 
09:39:42.710 ERROR Đã có lỗi xảy ra: channel.createOverwrite is not a function. 
09:39:42.712 ERROR Đã có lỗi xảy ra: channel.createOverwrite is not a function. 
09:39:42.716 ERROR Đã có lỗi xảy ra: channel.createOverwrite is not a function. 
09:39:42.718 ERROR Đã có lỗi xảy ra: channel.createOverwrite is not a function. 
09:39:42.721 ERROR Đã có lỗi xảy ra: channel.createOverwrite is not a function. 
09:39:42.723 ERROR Đã có lỗi xảy ra: channel.createOverwrite is not a function. 
09:39:42.724 ERROR Đã có lỗi xảy ra: channel.createOverwrite is not a function. 
09:39:42.726 ERROR Đã có lỗi xảy ra: channel.createOverwrite is not a function. 
09:39:42.731 ERROR Đã có lỗi xảy ra: channel.createOverwrite is not a function. 
09:39:42.734 ERROR Đã có lỗi xảy ra: channel.createOverwrite is not a function. 
09:39:42.736 ERROR Đã có lỗi xảy ra: channel.createOverwrite is not a function. 
09:39:42.739 ERROR Đã có lỗi xảy ra: channel.createOverwrite is not a function. 
09:39:42.740 ERROR Đã có lỗi xảy ra: channel.createOverwrite is not a function. 
09:39:42.743 ERROR Đã có lỗi xảy ra: channel.createOverwrite is not a function. 
09:39:42.748 ERROR Đã có lỗi xảy ra: channel.createOverwrite is not a function. 
09:39:42.750 ERROR Đã có lỗi xảy ra: channel.createOverwrite is not a function. 
09:39:42.752 ERROR Đã có lỗi xảy ra: channel.createOverwrite is not a function. 
09:39:42.753 ERROR Đã có lỗi xảy ra: channel.createOverwrite is not a function. 
09:39:42.755 ERROR Đã có lỗi xảy ra: channel.createOverwrite is not a function. 
09:39:42.756 ERROR Đã có lỗi xảy ra: channel.createOverwrite is not a function. 
09:39:42.764 ERROR Đã có lỗi xảy ra: channel.createOverwrite is not a function. 
09:39:42.766 ERROR Đã có lỗi xảy ra: channel.createOverwrite is not a function. 
09:39:42.769 ERROR Đã có lỗi xảy ra: channel.createOverwrite is not a function. 
09:39:42.771 ERROR Đã có lỗi xảy ra: channel.createOverwrite is not a function. 
09:39:42.772 ERROR Đã có lỗi xảy ra: channel.createOverwrite is not a function. 
09:39:42.779 ERROR Đã có lỗi xảy ra: channel.createOverwrite is not a function. 
09:39:42.781 ERROR Đã có lỗi xảy ra: channel.createOverwrite is not a function. 
09:39:42.783 ERROR Đã có lỗi xảy ra: channel.createOverwrite is not a function. 
09:39:42.785 ERROR Đã có lỗi xảy ra: channel.createOverwrite is not a function. 
09:39:42.787 ERROR Đã có lỗi xảy ra: channel.createOverwrite is not a function. 
09:39:42.791 ERROR Đã có lỗi xảy ra: channel.createOverwrite is not a function. 
09:39:42.794 ERROR Đã có lỗi xảy ra: channel.createOverwrite is not a function. 
09:39:42.795 ERROR Đã có lỗi xảy ra: channel.createOverwrite is not a function. 
09:39:42.797 ERROR Đã có lỗi xảy ra: channel.createOverwrite is not a function. 
09:39:42.800 ERROR Đã có lỗi xảy ra: channel.createOverwrite is not a function. 
09:39:42.803 ERROR Đã có lỗi xảy ra: channel.createOverwrite is not a function. 
09:39:42.809 ERROR Đã có lỗi xảy ra: channel.createOverwrite is not a function. 
09:39:42.811 ERROR Đã có lỗi xảy ra: channel.createOverwrite is not a function. 
09:39:42.813 ERROR Đã có lỗi xảy ra: channel.createOverwrite is not a function. 
09:39:42.815 ERROR Đã có lỗi xảy ra: channel.createOverwrite is not a function. 
09:39:42.816 ERROR Đã có lỗi xảy ra: channel.createOverwrite is not a function. 
09:39:42.818 ERROR Đã có lỗi xảy ra: channel.createOverwrite is not a function. 
09:39:42.823 ERROR Đã có lỗi xảy ra: channel.createOverwrite is not a function. 
09:39:42.825 ERROR Đã có lỗi xảy ra: channel.createOverwrite is not a function. 
09:39:42.827 ERROR Đã có lỗi xảy ra: channel.createOverwrite is not a function. 
09:39:42.829 ERROR Đã có lỗi xảy ra: channel.createOverwrite is not a function. 
09:39:42.830 ERROR Đã có lỗi xảy ra: channel.createOverwrite is not a function. 
09:39:42.832 ERROR Đã có lỗi xảy ra: channel.createOverwrite is not a function. 
09:39:42.833 ERROR Đã có lỗi xảy ra: channel.createOverwrite is not a function. 
09:39:42.837 ERROR Đã có lỗi xảy ra: channel.createOverwrite is not a function. 
09:39:42.839 ERROR Đã có lỗi xảy ra: channel.createOverwrite is not a function. 
09:39:42.842 ERROR Đã có lỗi xảy ra: channel.createOverwrite is not a function. 
09:39:42.843 ERROR Đã có lỗi xảy ra: channel.createOverwrite is not a function. 
09:39:42.846 ERROR Đã có lỗi xảy ra: channel.createOverwrite is not a function. 
09:39:42.848 ERROR Đã có lỗi xảy ra: channel.createOverwrite is not a function. 
09:39:42.852 ERROR Đã có lỗi xảy ra: channel.createOverwrite is not a function. 
09:39:42.856 ERROR Đã có lỗi xảy ra: channel.createOverwrite is not a function. 
09:39:42.857 ERROR Đã có lỗi xảy ra: channel.createOverwrite is not a function. 
09:39:56.410 INFO  =-=-=-=-=-=-=- Loading command(s) -=-=-=-=-=-=-= 
09:39:58.848 INFO  =-=-=-=-=-=-=- Loading event(s) -=-=-=-=-=-=-= 
09:40:24.389 ERROR Đã có lỗi xảy ra: Supplied roles is not a Role, Snowflake or Array or Collection of Roles or Snowflakes.. 
11:27:40.678 INFO  =-=-=-=-=-=-=- Loading command(s) -=-=-=-=-=-=-= 
11:28:02.706 INFO  =-=-=-=-=-=-=- Loading event(s) -=-=-=-=-=-=-= 
11:33:09.063 INFO  =-=-=-=-=-=-=- Loading command(s) -=-=-=-=-=-=-= 
11:33:11.256 INFO  =-=-=-=-=-=-=- Loading event(s) -=-=-=-=-=-=-= 
11:33:49.385 INFO  =-=-=-=-=-=-=- Loading command(s) -=-=-=-=-=-=-= 
11:33:51.356 INFO  =-=-=-=-=-=-=- Loading event(s) -=-=-=-=-=-=-= 
11:34:21.737 INFO  =-=-=-=-=-=-=- Loading command(s) -=-=-=-=-=-=-= 
11:34:23.622 INFO  =-=-=-=-=-=-=- Loading event(s) -=-=-=-=-=-=-= 
13:28:20.465 INFO  =-=-=-=-=-=-=- Loading command(s) -=-=-=-=-=-=-= 
13:28:39.607 INFO  =-=-=-=-=-=-=- Loading event(s) -=-=-=-=-=-=-= 
13:31:34.171 INFO  =-=-=-=-=-=-=- Loading command(s) -=-=-=-=-=-=-= 
13:31:37.327 INFO  =-=-=-=-=-=-=- Loading event(s) -=-=-=-=-=-=-= 
13:41:32.759 INFO  =-=-=-=-=-=-=- Loading command(s) -=-=-=-=-=-=-= 
13:41:35.025 INFO  =-=-=-=-=-=-=- Loading event(s) -=-=-=-=-=-=-= 
13:42:12.258 INFO  =-=-=-=-=-=-=- Loading command(s) -=-=-=-=-=-=-= 
13:42:14.366 INFO  =-=-=-=-=-=-=- Loading event(s) -=-=-=-=-=-=-= 
13:57:57.862 INFO  =-=-=-=-=-=-=- Loading command(s) -=-=-=-=-=-=-= 
13:58:00.262 INFO  =-=-=-=-=-=-=- Loading event(s) -=-=-=-=-=-=-= 
14:11:32.558 INFO  =-=-=-=-=-=-=- Loading command(s) -=-=-=-=-=-=-= 
14:11:35.877 INFO  =-=-=-=-=-=-=- Loading event(s) -=-=-=-=-=-=-= 
14:41:46.413 INFO  =-=-=-=-=-=-=- Loading command(s) -=-=-=-=-=-=-= 
14:41:48.726 INFO  =-=-=-=-=-=-=- Loading event(s) -=-=-=-=-=-=-= 
14:42:18.332 ERROR Đã có lỗi xảy ra: Cannot read properties of undefined (reading 'user'). 
14:42:34.553 INFO  =-=-=-=-=-=-=- Loading command(s) -=-=-=-=-=-=-= 
14:42:36.791 INFO  =-=-=-=-=-=-=- Loading event(s) -=-=-=-=-=-=-= 
14:42:40.771 ERROR Đã có lỗi xảy ra: Cannot read properties of undefined (reading 'tag'). 
14:44:59.648 INFO  =-=-=-=-=-=-=- Loading command(s) -=-=-=-=-=-=-= 
14:45:02.177 INFO  =-=-=-=-=-=-=- Loading event(s) -=-=-=-=-=-=-= 
14:45:10.119 ERROR Đã có lỗi xảy ra: MessageEmbed field values must be non-empty strings.. 
14:45:36.897 INFO  =-=-=-=-=-=-=- Loading command(s) -=-=-=-=-=-=-= 
14:45:39.309 INFO  =-=-=-=-=-=-=- Loading event(s) -=-=-=-=-=-=-= 
14:45:57.385 ERROR Đã có lỗi xảy ra: MessageEmbed field values must be non-empty strings.. 
14:46:48.971 INFO  =-=-=-=-=-=-=- Loading command(s) -=-=-=-=-=-=-= 
14:46:51.114 INFO  =-=-=-=-=-=-=- Loading event(s) -=-=-=-=-=-=-= 
14:48:31.689 INFO  =-=-=-=-=-=-=- Loading command(s) -=-=-=-=-=-=-= 
14:48:33.624 INFO  =-=-=-=-=-=-=- Loading event(s) -=-=-=-=-=-=-= 
14:48:39.824 ERROR Đã có lỗi xảy ra: message.guild.members.fetch.filter is not a function. 
14:50:45.901 INFO  =-=-=-=-=-=-=- Loading command(s) -=-=-=-=-=-=-= 
14:50:48.059 INFO  =-=-=-=-=-=-=- Loading event(s) -=-=-=-=-=-=-= 
14:52:56.650 INFO  =-=-=-=-=-=-=- Loading command(s) -=-=-=-=-=-=-= 
14:52:58.916 INFO  =-=-=-=-=-=-=- Loading event(s) -=-=-=-=-=-=-= 
14:53:35.651 ERROR Đã có lỗi xảy ra: Cannot read properties of null (reading 'status'). 
14:53:54.638 INFO  =-=-=-=-=-=-=- Loading command(s) -=-=-=-=-=-=-= 
14:53:56.562 INFO  =-=-=-=-=-=-=- Loading event(s) -=-=-=-=-=-=-= 
14:57:10.861 INFO  =-=-=-=-=-=-=- Loading command(s) -=-=-=-=-=-=-= 
14:57:12.899 INFO  =-=-=-=-=-=-=- Loading event(s) -=-=-=-=-=-=-= 
15:00:02.769 INFO  =-=-=-=-=-=-=- Loading command(s) -=-=-=-=-=-=-= 
15:00:05.788 INFO  =-=-=-=-=-=-=- Loading event(s) -=-=-=-=-=-=-= 
15:00:11.339 ERROR Đã có lỗi xảy ra: bot is not defined. 
15:00:44.417 INFO  =-=-=-=-=-=-=- Loading command(s) -=-=-=-=-=-=-= 
15:00:46.519 INFO  =-=-=-=-=-=-=- Loading event(s) -=-=-=-=-=-=-= 
21:05:47.401 INFO  =-=-=-=-=-=-=- Loading command(s) -=-=-=-=-=-=-= 
21:06:05.216 INFO  =-=-=-=-=-=-=- Loading event(s) -=-=-=-=-=-=-= 
21:06:08.677 ERROR Privileged intent provided is not enabled or whitelisted. 
21:21:31.000 INFO  =-=-=-=-=-=-=- Loading command(s) -=-=-=-=-=-=-= 
21:21:39.024 INFO  =-=-=-=-=-=-=- Loading event(s) -=-=-=-=-=-=-= 
21:22:02.922 INFO  =-=-=-=-=-=-=- Loading command(s) -=-=-=-=-=-=-= 
21:22:06.685 INFO  =-=-=-=-=-=-=- Loading event(s) -=-=-=-=-=-=-= 
21:23:27.863 INFO  =-=-=-=-=-=-=- Loading command(s) -=-=-=-=-=-=-= 
21:23:30.935 INFO  =-=-=-=-=-=-=- Loading event(s) -=-=-=-=-=-=-= 
21:23:33.370 INFO  =-=-=-=-=-=-=- Loading command(s) -=-=-=-=-=-=-= 
21:23:36.596 INFO  =-=-=-=-=-=-=- Loading event(s) -=-=-=-=-=-=-= 
21:23:38.837 INFO  =-=-=-=-=-=-=- Loading command(s) -=-=-=-=-=-=-= 
21:23:42.491 INFO  =-=-=-=-=-=-=- Loading event(s) -=-=-=-=-=-=-= 
21:23:38.940 INFO  =-=-=-=-=-=-=- Loading command(s) -=-=-=-=-=-=-= 
21:23:42.478 INFO  =-=-=-=-=-=-=- Loading event(s) -=-=-=-=-=-=-= 
21:23:44.808 INFO  =-=-=-=-=-=-=- Loading command(s) -=-=-=-=-=-=-= 
21:23:47.320 INFO  =-=-=-=-=-=-=- Loading event(s) -=-=-=-=-=-=-= 
21:23:50.178 INFO  =-=-=-=-=-=-=- Loading command(s) -=-=-=-=-=-=-= 
21:23:52.720 INFO  =-=-=-=-=-=-=- Loading event(s) -=-=-=-=-=-=-= 
21:23:59.880 INFO  =-=-=-=-=-=-=- Loading command(s) -=-=-=-=-=-=-= 
21:24:03.753 INFO  =-=-=-=-=-=-=- Loading event(s) -=-=-=-=-=-=-= 
21:23:59.797 INFO  =-=-=-=-=-=-=- Loading command(s) -=-=-=-=-=-=-= 
21:24:03.766 INFO  =-=-=-=-=-=-=- Loading event(s) -=-=-=-=-=-=-= 
21:24:05.446 INFO  =-=-=-=-=-=-=- Loading command(s) -=-=-=-=-=-=-= 
21:24:08.977 INFO  =-=-=-=-=-=-=- Loading event(s) -=-=-=-=-=-=-= 
21:24:10.962 INFO  =-=-=-=-=-=-=- Loading command(s) -=-=-=-=-=-=-= 
21:24:13.387 INFO  =-=-=-=-=-=-=- Loading event(s) -=-=-=-=-=-=-= 
21:24:32.474 INFO  =-=-=-=-=-=-=- Loading command(s) -=-=-=-=-=-=-= 
21:24:34.414 INFO  =-=-=-=-=-=-=- Loading event(s) -=-=-=-=-=-=-= 
21:25:08.160 INFO  =-=-=-=-=-=-=- Loading command(s) -=-=-=-=-=-=-= 
21:25:10.074 INFO  =-=-=-=-=-=-=- Loading event(s) -=-=-=-=-=-=-= 
21:25:39.919 INFO  =-=-=-=-=-=-=- Loading command(s) -=-=-=-=-=-=-= 
21:25:41.902 INFO  =-=-=-=-=-=-=- Loading event(s) -=-=-=-=-=-=-= 
21:25:45.439 INFO  =-=-=-=-=-=-=- Loading command(s) -=-=-=-=-=-=-= 
21:25:47.400 INFO  =-=-=-=-=-=-=- Loading event(s) -=-=-=-=-=-=-= 
21:26:17.425 INFO  =-=-=-=-=-=-=- Loading command(s) -=-=-=-=-=-=-= 
21:26:19.385 INFO  =-=-=-=-=-=-=- Loading event(s) -=-=-=-=-=-=-= 
21:26:45.507 INFO  =-=-=-=-=-=-=- Loading command(s) -=-=-=-=-=-=-= 
21:26:47.598 INFO  =-=-=-=-=-=-=- Loading event(s) -=-=-=-=-=-=-= 
21:27:32.977 INFO  =-=-=-=-=-=-=- Loading command(s) -=-=-=-=-=-=-= 
21:27:35.097 INFO  =-=-=-=-=-=-=- Loading event(s) -=-=-=-=-=-=-= 
21:27:38.500 INFO  =-=-=-=-=-=-=- Loading command(s) -=-=-=-=-=-=-= 
21:27:41.643 INFO  =-=-=-=-=-=-=- Loading event(s) -=-=-=-=-=-=-= 
21:31:49.132 INFO  =-=-=-=-=-=-=- Loading command(s) -=-=-=-=-=-=-= 
21:31:51.450 INFO  =-=-=-=-=-=-=- Loading event(s) -=-=-=-=-=-=-= 
21:31:54.626 INFO  =-=-=-=-=-=-=- Loading command(s) -=-=-=-=-=-=-= 
21:31:56.735 INFO  =-=-=-=-=-=-=- Loading event(s) -=-=-=-=-=-=-= 
21:32:10.140 ERROR Đã có lỗi xảy ra: message.channel.send(...).delete is not a function. 
21:32:10.562 ERROR Đã có lỗi xảy ra: message.channel.send(...).delete is not a function. 
21:32:11.006 ERROR Đã có lỗi xảy ra: message.channel.send(...).delete is not a function. 
21:34:44.733 INFO  =-=-=-=-=-=-=- Loading command(s) -=-=-=-=-=-=-= 
21:34:46.976 INFO  =-=-=-=-=-=-=- Loading event(s) -=-=-=-=-=-=-= 
21:34:50.240 INFO  =-=-=-=-=-=-=- Loading command(s) -=-=-=-=-=-=-= 
21:34:52.362 INFO  =-=-=-=-=-=-=- Loading event(s) -=-=-=-=-=-=-= 
21:34:50.720 INFO  =-=-=-=-=-=-=- Loading command(s) -=-=-=-=-=-=-= 
21:34:52.892 INFO  =-=-=-=-=-=-=- Loading event(s) -=-=-=-=-=-=-= 
21:34:55.751 INFO  =-=-=-=-=-=-=- Loading command(s) -=-=-=-=-=-=-= 
21:34:57.673 INFO  =-=-=-=-=-=-=- Loading event(s) -=-=-=-=-=-=-= 
21:35:01.206 INFO  =-=-=-=-=-=-=- Loading command(s) -=-=-=-=-=-=-= 
21:35:03.381 INFO  =-=-=-=-=-=-=- Loading event(s) -=-=-=-=-=-=-= 
21:35:01.280 INFO  =-=-=-=-=-=-=- Loading command(s) -=-=-=-=-=-=-= 
21:35:03.519 INFO  =-=-=-=-=-=-=- Loading event(s) -=-=-=-=-=-=-= 
21:35:06.245 INFO  =-=-=-=-=-=-=- Loading command(s) -=-=-=-=-=-=-= 
21:35:08.205 INFO  =-=-=-=-=-=-=- Loading event(s) -=-=-=-=-=-=-= 
21:35:22.677 INFO  =-=-=-=-=-=-=- Loading command(s) -=-=-=-=-=-=-= 
21:35:24.512 INFO  =-=-=-=-=-=-=- Loading event(s) -=-=-=-=-=-=-= 
21:35:36.108 INFO  =-=-=-=-=-=-=- Loading command(s) -=-=-=-=-=-=-= 
21:35:37.995 INFO  =-=-=-=-=-=-=- Loading event(s) -=-=-=-=-=-=-= 
21:35:59.986 INFO  =-=-=-=-=-=-=- Loading command(s) -=-=-=-=-=-=-= 
21:36:02.207 INFO  =-=-=-=-=-=-=- Loading event(s) -=-=-=-=-=-=-= 
21:39:31.776 INFO  =-=-=-=-=-=-=- Loading command(s) -=-=-=-=-=-=-= 
21:39:33.618 INFO  =-=-=-=-=-=-=- Loading event(s) -=-=-=-=-=-=-= 
21:39:37.327 INFO  =-=-=-=-=-=-=- Loading command(s) -=-=-=-=-=-=-= 
21:39:39.410 INFO  =-=-=-=-=-=-=- Loading event(s) -=-=-=-=-=-=-= 
21:50:15.131 INFO  =-=-=-=-=-=-=- Loading command(s) -=-=-=-=-=-=-= 
21:50:17.024 INFO  =-=-=-=-=-=-=- Loading event(s) -=-=-=-=-=-=-= 
21:50:53.279 INFO  =-=-=-=-=-=-=- Loading command(s) -=-=-=-=-=-=-= 
21:50:55.219 INFO  =-=-=-=-=-=-=- Loading event(s) -=-=-=-=-=-=-= 
21:51:32.648 INFO  =-=-=-=-=-=-=- Loading command(s) -=-=-=-=-=-=-= 
21:51:34.510 INFO  =-=-=-=-=-=-=- Loading event(s) -=-=-=-=-=-=-= 
21:51:34.898 ERROR An invalid token was provided. 
22:23:45.181 INFO  =-=-=-=-=-=-=- Loading command(s) -=-=-=-=-=-=-= 
22:23:49.564 INFO  =-=-=-=-=-=-=- Loading event(s) -=-=-=-=-=-=-= 
22:26:08.396 INFO  =-=-=-=-=-=-=- Loading command(s) -=-=-=-=-=-=-= 
22:26:10.557 INFO  =-=-=-=-=-=-=- Loading event(s) -=-=-=-=-=-=-= 
22:26:57.173 INFO  =-=-=-=-=-=-=- Loading command(s) -=-=-=-=-=-=-= 
22:26:59.226 INFO  =-=-=-=-=-=-=- Loading event(s) -=-=-=-=-=-=-= 
22:28:24.388 INFO  =-=-=-=-=-=-=- Loading command(s) -=-=-=-=-=-=-= 
22:28:27.867 INFO  =-=-=-=-=-=-=- Loading event(s) -=-=-=-=-=-=-= 
22:29:08.129 INFO  =-=-=-=-=-=-=- Loading command(s) -=-=-=-=-=-=-= 
22:29:10.542 INFO  =-=-=-=-=-=-=- Loading event(s) -=-=-=-=-=-=-= 
22:29:47.935 INFO  =-=-=-=-=-=-=- Loading command(s) -=-=-=-=-=-=-= 
22:29:50.154 INFO  =-=-=-=-=-=-=- Loading event(s) -=-=-=-=-=-=-= 
23:41:41.104 INFO  =-=-=-=-=-=-=- Loading command(s) -=-=-=-=-=-=-= 
23:42:08.591 INFO  =-=-=-=-=-=-=- Loading event(s) -=-=-=-=-=-=-= 
23:42:50.201 INFO  =-=-=-=-=-=-=- Loading command(s) -=-=-=-=-=-=-= 
23:42:52.228 INFO  =-=-=-=-=-=-=- Loading event(s) -=-=-=-=-=-=-= 
23:43:56.168 ERROR Đã có lỗi xảy ra: MessageEmbed is not defined. 
23:44:35.127 INFO  =-=-=-=-=-=-=- Loading command(s) -=-=-=-=-=-=-= 
23:44:36.950 INFO  =-=-=-=-=-=-=- Loading event(s) -=-=-=-=-=-=-= 
23:44:46.877 ERROR Đã có lỗi xảy ra: MessageEmbed is not a constructor. 
23:46:11.565 INFO  =-=-=-=-=-=-=- Loading command(s) -=-=-=-=-=-=-= 
23:46:13.371 INFO  =-=-=-=-=-=-=- Loading event(s) -=-=-=-=-=-=-= 
23:49:30.250 INFO  =-=-=-=-=-=-=- Loading command(s) -=-=-=-=-=-=-= 
23:49:32.271 INFO  =-=-=-=-=-=-=- Loading event(s) -=-=-=-=-=-=-= 
23:50:11.817 INFO  =-=-=-=-=-=-=- Loading command(s) -=-=-=-=-=-=-= 
23:50:13.892 INFO  =-=-=-=-=-=-=- Loading event(s) -=-=-=-=-=-=-= 
23:51:43.308 INFO  =-=-=-=-=-=-=- Loading command(s) -=-=-=-=-=-=-= 
23:51:45.427 INFO  =-=-=-=-=-=-=- Loading event(s) -=-=-=-=-=-=-= 
23:54:03.477 INFO  =-=-=-=-=-=-=- Loading command(s) -=-=-=-=-=-=-= 
23:54:11.165 INFO  =-=-=-=-=-=-=- Loading event(s) -=-=-=-=-=-=-= 
