16:11:18.380 INFO  =-=-=-=-=-=-=- Loading command(s) -=-=-=-=-=-=-= 
16:11:41.376 INFO  =-=-=-=-=-=-=- Loading event(s) -=-=-=-=-=-=-= 
16:22:55.333 INFO  =-=-=-=-=-=-=- Loading command(s) -=-=-=-=-=-=-= 
16:23:04.717 INFO  =-=-=-=-=-=-=- Loading event(s) -=-=-=-=-=-=-= 
16:24:02.022 INFO  =-=-=-=-=-=-=- Loading command(s) -=-=-=-=-=-=-= 
16:24:03.750 INFO  =-=-=-=-=-=-=- Loading event(s) -=-=-=-=-=-=-= 
16:24:05.672 INFO  =-=-=-=-=-=-=- Loading command(s) -=-=-=-=-=-=-= 
16:24:07.427 INFO  =-=-=-=-=-=-=- Loading event(s) -=-=-=-=-=-=-= 
16:24:07.537 INFO  =-=-=-=-=-=-=- Loading command(s) -=-=-=-=-=-=-= 
16:24:09.364 INFO  =-=-=-=-=-=-=- Loading event(s) -=-=-=-=-=-=-= 
16:24:11.754 INFO  =-=-=-=-=-=-=- Loading command(s) -=-=-=-=-=-=-= 
16:24:14.683 INFO  =-=-=-=-=-=-=- Loading event(s) -=-=-=-=-=-=-= 
16:24:13.290 INFO  =-=-=-=-=-=-=- Loading command(s) -=-=-=-=-=-=-= 
16:24:16.620 INFO  =-=-=-=-=-=-=- Loading event(s) -=-=-=-=-=-=-= 
16:24:54.745 INFO  =-=-=-=-=-=-=- Loading command(s) -=-=-=-=-=-=-= 
16:24:56.910 INFO  =-=-=-=-=-=-=- Loading event(s) -=-=-=-=-=-=-= 
16:25:24.532 INFO  =-=-=-=-=-=-=- Loading command(s) -=-=-=-=-=-=-= 
16:25:33.650 INFO  =-=-=-=-=-=-=- Loading event(s) -=-=-=-=-=-=-= 
16:53:23.878 INFO  =-=-=-=-=-=-=- Loading command(s) -=-=-=-=-=-=-= 
16:53:34.706 INFO  =-=-=-=-=-=-=- Loading event(s) -=-=-=-=-=-=-= 
16:54:04.292 INFO  =-=-=-=-=-=-=- Loading command(s) -=-=-=-=-=-=-= 
16:54:07.461 INFO  =-=-=-=-=-=-=- Loading event(s) -=-=-=-=-=-=-= 
16:54:20.616 ERROR Đã có lỗi xảy ra: Missing Access. 
16:56:41.124 INFO  =-=-=-=-=-=-=- Loading command(s) -=-=-=-=-=-=-= 
16:56:43.750 INFO  =-=-=-=-=-=-=- Loading event(s) -=-=-=-=-=-=-= 
16:56:47.047 INFO  =-=-=-=-=-=-=- Loading command(s) -=-=-=-=-=-=-= 
16:56:57.384 INFO  =-=-=-=-=-=-=- Loading event(s) -=-=-=-=-=-=-= 
16:56:47.229 INFO  =-=-=-=-=-=-=- Loading command(s) -=-=-=-=-=-=-= 
16:56:57.389 INFO  =-=-=-=-=-=-=- Loading event(s) -=-=-=-=-=-=-= 
16:57:08.616 INFO  =-=-=-=-=-=-=- Loading command(s) -=-=-=-=-=-=-= 
16:57:11.155 INFO  =-=-=-=-=-=-=- Loading event(s) -=-=-=-=-=-=-= 
16:57:43.323 INFO  =-=-=-=-=-=-=- Loading command(s) -=-=-=-=-=-=-= 
16:57:45.875 INFO  =-=-=-=-=-=-=- Loading event(s) -=-=-=-=-=-=-= 
17:01:50.354 INFO  =-=-=-=-=-=-=- Loading command(s) -=-=-=-=-=-=-= 
17:01:52.726 INFO  =-=-=-=-=-=-=- Loading event(s) -=-=-=-=-=-=-= 
17:02:26.154 INFO  =-=-=-=-=-=-=- Loading command(s) -=-=-=-=-=-=-= 
17:02:28.314 INFO  =-=-=-=-=-=-=- Loading event(s) -=-=-=-=-=-=-= 
17:49:49.613 INFO  =-=-=-=-=-=-=- Loading command(s) -=-=-=-=-=-=-= 
17:50:02.763 INFO  =-=-=-=-=-=-=- Loading event(s) -=-=-=-=-=-=-= 
17:50:03.404 INFO  =-=-=-=-=-=-=- Loading command(s) -=-=-=-=-=-=-= 
17:50:06.067 INFO  =-=-=-=-=-=-=- Loading event(s) -=-=-=-=-=-=-= 
17:50:06.496 INFO  =-=-=-=-=-=-=- Loading command(s) -=-=-=-=-=-=-= 
17:50:11.858 INFO  =-=-=-=-=-=-=- Loading event(s) -=-=-=-=-=-=-= 
17:52:17.917 INFO  =-=-=-=-=-=-=- Loading command(s) -=-=-=-=-=-=-= 
17:52:18.812 INFO  =-=-=-=-=-=-=- Loading event(s) -=-=-=-=-=-=-= 
17:52:28.365 INFO  =-=-=-=-=-=-=- Loading command(s) -=-=-=-=-=-=-= 
17:52:29.472 INFO  =-=-=-=-=-=-=- Loading event(s) -=-=-=-=-=-=-= 
17:52:36.593 INFO  =-=-=-=-=-=-=- Loading command(s) -=-=-=-=-=-=-= 
17:52:37.673 INFO  =-=-=-=-=-=-=- Loading event(s) -=-=-=-=-=-=-= 
17:52:36.688 INFO  =-=-=-=-=-=-=- Loading command(s) -=-=-=-=-=-=-= 
17:52:37.829 INFO  =-=-=-=-=-=-=- Loading event(s) -=-=-=-=-=-=-= 
17:52:42.048 INFO  =-=-=-=-=-=-=- Loading command(s) -=-=-=-=-=-=-= 
17:52:43.105 INFO  =-=-=-=-=-=-=- Loading event(s) -=-=-=-=-=-=-= 
17:52:42.123 INFO  =-=-=-=-=-=-=- Loading command(s) -=-=-=-=-=-=-= 
17:52:43.208 INFO  =-=-=-=-=-=-=- Loading event(s) -=-=-=-=-=-=-= 
17:53:02.375 INFO  =-=-=-=-=-=-=- Loading command(s) -=-=-=-=-=-=-= 
17:53:03.436 INFO  =-=-=-=-=-=-=- Loading event(s) -=-=-=-=-=-=-= 
17:53:44.031 INFO  =-=-=-=-=-=-=- Loading command(s) -=-=-=-=-=-=-= 
17:53:44.948 INFO  =-=-=-=-=-=-=- Loading event(s) -=-=-=-=-=-=-= 
17:53:49.518 INFO  =-=-=-=-=-=-=- Loading command(s) -=-=-=-=-=-=-= 
17:53:50.381 INFO  =-=-=-=-=-=-=- Loading event(s) -=-=-=-=-=-=-= 
17:53:55.014 INFO  =-=-=-=-=-=-=- Loading command(s) -=-=-=-=-=-=-= 
17:53:55.912 INFO  =-=-=-=-=-=-=- Loading event(s) -=-=-=-=-=-=-= 
17:54:03.767 INFO  =-=-=-=-=-=-=- Loading command(s) -=-=-=-=-=-=-= 
17:54:04.694 INFO  =-=-=-=-=-=-=- Loading event(s) -=-=-=-=-=-=-= 
17:54:51.540 INFO  =-=-=-=-=-=-=- Loading command(s) -=-=-=-=-=-=-= 
17:54:52.484 INFO  =-=-=-=-=-=-=- Loading event(s) -=-=-=-=-=-=-= 
17:54:57.055 INFO  =-=-=-=-=-=-=- Loading command(s) -=-=-=-=-=-=-= 
17:54:57.936 INFO  =-=-=-=-=-=-=- Loading event(s) -=-=-=-=-=-=-= 
17:55:02.543 INFO  =-=-=-=-=-=-=- Loading command(s) -=-=-=-=-=-=-= 
17:55:03.449 INFO  =-=-=-=-=-=-=- Loading event(s) -=-=-=-=-=-=-= 
17:55:07.228 INFO  =-=-=-=-=-=-=- Loading command(s) -=-=-=-=-=-=-= 
17:55:08.159 INFO  =-=-=-=-=-=-=- Loading event(s) -=-=-=-=-=-=-= 
17:55:08.130 INFO  =-=-=-=-=-=-=- Loading command(s) -=-=-=-=-=-=-= 
17:55:09.165 INFO  =-=-=-=-=-=-=- Loading event(s) -=-=-=-=-=-=-= 
17:55:12.527 INFO  =-=-=-=-=-=-=- Loading command(s) -=-=-=-=-=-=-= 
17:55:13.471 INFO  =-=-=-=-=-=-=- Loading event(s) -=-=-=-=-=-=-= 
17:55:23.698 INFO  =-=-=-=-=-=-=- Loading command(s) -=-=-=-=-=-=-= 
17:55:24.574 INFO  =-=-=-=-=-=-=- Loading event(s) -=-=-=-=-=-=-= 
17:55:29.182 INFO  =-=-=-=-=-=-=- Loading command(s) -=-=-=-=-=-=-= 
17:55:30.048 INFO  =-=-=-=-=-=-=- Loading event(s) -=-=-=-=-=-=-= 
17:55:34.784 INFO  =-=-=-=-=-=-=- Loading command(s) -=-=-=-=-=-=-= 
17:55:35.698 INFO  =-=-=-=-=-=-=- Loading event(s) -=-=-=-=-=-=-= 
17:55:39.473 INFO  =-=-=-=-=-=-=- Loading command(s) -=-=-=-=-=-=-= 
17:55:40.432 INFO  =-=-=-=-=-=-=- Loading event(s) -=-=-=-=-=-=-= 
17:55:40.275 INFO  =-=-=-=-=-=-=- Loading command(s) -=-=-=-=-=-=-= 
17:55:41.397 INFO  =-=-=-=-=-=-=- Loading event(s) -=-=-=-=-=-=-= 
17:55:55.345 INFO  =-=-=-=-=-=-=- Loading command(s) -=-=-=-=-=-=-= 
17:55:56.278 INFO  =-=-=-=-=-=-=- Loading event(s) -=-=-=-=-=-=-= 
17:56:05.797 INFO  =-=-=-=-=-=-=- Loading command(s) -=-=-=-=-=-=-= 
17:56:06.947 INFO  =-=-=-=-=-=-=- Loading event(s) -=-=-=-=-=-=-= 
17:56:15.994 INFO  =-=-=-=-=-=-=- Loading command(s) -=-=-=-=-=-=-= 
17:56:16.893 INFO  =-=-=-=-=-=-=- Loading event(s) -=-=-=-=-=-=-= 
17:56:26.497 INFO  =-=-=-=-=-=-=- Loading command(s) -=-=-=-=-=-=-= 
17:56:27.609 INFO  =-=-=-=-=-=-=- Loading event(s) -=-=-=-=-=-=-= 
17:56:31.417 INFO  =-=-=-=-=-=-=- Loading command(s) -=-=-=-=-=-=-= 
17:56:32.645 INFO  =-=-=-=-=-=-=- Loading event(s) -=-=-=-=-=-=-= 
17:56:36.567 INFO  =-=-=-=-=-=-=- Loading command(s) -=-=-=-=-=-=-= 
17:56:37.694 INFO  =-=-=-=-=-=-=- Loading event(s) -=-=-=-=-=-=-= 
17:56:40.225 INFO  =-=-=-=-=-=-=- Loading command(s) -=-=-=-=-=-=-= 
17:56:41.139 INFO  =-=-=-=-=-=-=- Loading event(s) -=-=-=-=-=-=-= 
17:56:45.696 INFO  =-=-=-=-=-=-=- Loading command(s) -=-=-=-=-=-=-= 
17:56:50.705 INFO  =-=-=-=-=-=-=- Loading event(s) -=-=-=-=-=-=-= 
17:56:52.399 INFO  =-=-=-=-=-=-=- Loading command(s) -=-=-=-=-=-=-= 
17:56:53.364 INFO  =-=-=-=-=-=-=- Loading event(s) -=-=-=-=-=-=-= 
17:56:54.535 INFO  =-=-=-=-=-=-=- Loading command(s) -=-=-=-=-=-=-= 
17:56:55.432 INFO  =-=-=-=-=-=-=- Loading event(s) -=-=-=-=-=-=-= 
17:56:59.894 INFO  =-=-=-=-=-=-=- Loading command(s) -=-=-=-=-=-=-= 
17:57:00.812 INFO  =-=-=-=-=-=-=- Loading event(s) -=-=-=-=-=-=-= 
17:57:02.906 INFO  =-=-=-=-=-=-=- Loading command(s) -=-=-=-=-=-=-= 
17:57:12.418 INFO  =-=-=-=-=-=-=- Loading event(s) -=-=-=-=-=-=-= 
17:57:12.869 INFO  =-=-=-=-=-=-=- Loading command(s) -=-=-=-=-=-=-= 
17:57:13.755 INFO  =-=-=-=-=-=-=- Loading event(s) -=-=-=-=-=-=-= 
17:57:15.233 INFO  =-=-=-=-=-=-=- Loading command(s) -=-=-=-=-=-=-= 
17:57:16.125 INFO  =-=-=-=-=-=-=- Loading event(s) -=-=-=-=-=-=-= 
17:57:22.390 INFO  =-=-=-=-=-=-=- Loading command(s) -=-=-=-=-=-=-= 
17:57:23.487 INFO  =-=-=-=-=-=-=- Loading event(s) -=-=-=-=-=-=-= 
17:57:27.245 INFO  =-=-=-=-=-=-=- Loading command(s) -=-=-=-=-=-=-= 
17:57:28.339 INFO  =-=-=-=-=-=-=- Loading event(s) -=-=-=-=-=-=-= 
17:57:52.120 INFO  =-=-=-=-=-=-=- Loading command(s) -=-=-=-=-=-=-= 
17:57:53.079 INFO  =-=-=-=-=-=-=- Loading event(s) -=-=-=-=-=-=-= 
17:59:19.209 INFO  =-=-=-=-=-=-=- Loading command(s) -=-=-=-=-=-=-= 
17:59:20.278 INFO  =-=-=-=-=-=-=- Loading event(s) -=-=-=-=-=-=-= 
17:59:24.837 INFO  =-=-=-=-=-=-=- Loading command(s) -=-=-=-=-=-=-= 
17:59:25.854 INFO  =-=-=-=-=-=-=- Loading event(s) -=-=-=-=-=-=-= 
17:59:29.666 INFO  =-=-=-=-=-=-=- Loading command(s) -=-=-=-=-=-=-= 
17:59:30.817 INFO  =-=-=-=-=-=-=- Loading event(s) -=-=-=-=-=-=-= 
17:59:30.341 INFO  =-=-=-=-=-=-=- Loading command(s) -=-=-=-=-=-=-= 
17:59:31.485 INFO  =-=-=-=-=-=-=- Loading event(s) -=-=-=-=-=-=-= 
17:59:34.874 INFO  =-=-=-=-=-=-=- Loading command(s) -=-=-=-=-=-=-= 
17:59:35.793 INFO  =-=-=-=-=-=-=- Loading event(s) -=-=-=-=-=-=-= 
17:59:45.188 INFO  =-=-=-=-=-=-=- Loading command(s) -=-=-=-=-=-=-= 
17:59:46.104 INFO  =-=-=-=-=-=-=- Loading event(s) -=-=-=-=-=-=-= 
17:59:55.484 INFO  =-=-=-=-=-=-=- Loading command(s) -=-=-=-=-=-=-= 
17:59:56.372 INFO  =-=-=-=-=-=-=- Loading event(s) -=-=-=-=-=-=-= 
18:00:20.998 INFO  =-=-=-=-=-=-=- Loading command(s) -=-=-=-=-=-=-= 
18:00:21.908 INFO  =-=-=-=-=-=-=- Loading event(s) -=-=-=-=-=-=-= 
18:00:26.497 INFO  =-=-=-=-=-=-=- Loading command(s) -=-=-=-=-=-=-= 
18:00:27.454 INFO  =-=-=-=-=-=-=- Loading event(s) -=-=-=-=-=-=-= 
20:34:53.650 INFO  =-=-=-=-=-=-=- Loading command(s) -=-=-=-=-=-=-= 
20:35:13.827 INFO  =-=-=-=-=-=-=- Loading event(s) -=-=-=-=-=-=-= 
20:36:12.604 ERROR Đã có lỗi xảy ra: welcomeChannel is not defined. 
20:37:07.109 INFO  =-=-=-=-=-=-=- Loading command(s) -=-=-=-=-=-=-= 
20:37:10.597 INFO  =-=-=-=-=-=-=- Loading event(s) -=-=-=-=-=-=-= 
20:39:55.645 ERROR Đã có lỗi xảy ra: No value specified. Need Help? Check Out: discord.gg/plexidev. 
20:40:44.594 INFO  =-=-=-=-=-=-=- Loading command(s) -=-=-=-=-=-=-= 
20:40:46.734 INFO  =-=-=-=-=-=-=- Loading event(s) -=-=-=-=-=-=-= 
20:40:51.458 ERROR Đã có lỗi xảy ra: No value specified. Need Help? Check Out: discord.gg/plexidev. 
20:41:21.761 INFO  =-=-=-=-=-=-=- Loading command(s) -=-=-=-=-=-=-= 
20:41:24.077 INFO  =-=-=-=-=-=-=- Loading event(s) -=-=-=-=-=-=-= 
20:42:47.147 INFO  =-=-=-=-=-=-=- Loading command(s) -=-=-=-=-=-=-= 
20:42:49.441 INFO  =-=-=-=-=-=-=- Loading event(s) -=-=-=-=-=-=-= 
20:43:50.606 INFO  =-=-=-=-=-=-=- Loading command(s) -=-=-=-=-=-=-= 
20:43:54.941 INFO  =-=-=-=-=-=-=- Loading event(s) -=-=-=-=-=-=-= 
21:09:58.183 INFO  =-=-=-=-=-=-=- Loading command(s) -=-=-=-=-=-=-= 
21:10:00.767 INFO  =-=-=-=-=-=-=- Loading event(s) -=-=-=-=-=-=-= 
21:22:46.313 INFO  =-=-=-=-=-=-=- Loading command(s) -=-=-=-=-=-=-= 
21:22:57.654 INFO  =-=-=-=-=-=-=- Loading event(s) -=-=-=-=-=-=-= 
21:33:54.766 INFO  =-=-=-=-=-=-=- Loading command(s) -=-=-=-=-=-=-= 
21:33:59.020 INFO  =-=-=-=-=-=-=- Loading event(s) -=-=-=-=-=-=-= 
21:34:25.816 INFO  =-=-=-=-=-=-=- Loading command(s) -=-=-=-=-=-=-= 
21:34:28.321 INFO  =-=-=-=-=-=-=- Loading event(s) -=-=-=-=-=-=-= 
21:36:35.780 INFO  =-=-=-=-=-=-=- Loading command(s) -=-=-=-=-=-=-= 
21:36:39.010 INFO  =-=-=-=-=-=-=- Loading event(s) -=-=-=-=-=-=-= 
21:37:58.308 INFO  =-=-=-=-=-=-=- Loading command(s) -=-=-=-=-=-=-= 
21:38:01.612 INFO  =-=-=-=-=-=-=- Loading event(s) -=-=-=-=-=-=-= 
21:47:15.731 INFO  =-=-=-=-=-=-=- Loading command(s) -=-=-=-=-=-=-= 
21:47:18.427 INFO  =-=-=-=-=-=-=- Loading event(s) -=-=-=-=-=-=-= 
