07:34:17.564 INFO  =-=-=-=-=-=-=- Loading command(s) -=-=-=-=-=-=-= 
07:34:44.747 INFO  c Loading event(s) -=-=-=-=-=-=-= 
07:37:36.938 INFO  =-=-=-=-=-=-=- Loading command(s) -=-=-=-=-=-=-= 
07:37:38.873 INFO  c Loading event(s) -=-=-=-=-=-=-= 
07:39:19.886 INFO  =-=-=-=-=-=-=- Loading command(s) -=-=-=-=-=-=-= 
07:39:21.866 INFO  c Loading event(s) -=-=-=-=-=-=-= 
07:40:46.359 INFO  =-=-=-=-=-=-=- Loading command(s) -=-=-=-=-=-=-= 
07:40:48.666 INFO  c Loading event(s) -=-=-=-=-=-=-= 
07:43:06.189 INFO  =-=-=-=-=-=-=- Loading command(s) -=-=-=-=-=-=-= 
07:43:08.070 INFO  c Loading event(s) -=-=-=-=-=-=-= 
07:44:22.114 INFO  =-=-=-=-=-=-=- Loading command(s) -=-=-=-=-=-=-= 
07:44:24.424 INFO  c Loading event(s) -=-=-=-=-=-=-= 
07:45:11.314 ERROR Have an error: Cannot read properties of null (reading 'permissions'). 
07:45:37.628 ERROR Have an error: Cannot read properties of null (reading 'permissions'). 
07:45:52.295 INFO  =-=-=-=-=-=-=- Loading command(s) -=-=-=-=-=-=-= 
07:45:55.004 INFO  c Loading event(s) -=-=-=-=-=-=-= 
07:46:38.489 INFO  =-=-=-=-=-=-=- Loading command(s) -=-=-=-=-=-=-= 
07:46:40.858 INFO  c Loading event(s) -=-=-=-=-=-=-= 
07:47:31.740 ERROR Have an error: Cannot read properties of null (reading 'permissions'). 
07:48:24.717 INFO  =-=-=-=-=-=-=- Loading command(s) -=-=-=-=-=-=-= 
07:48:26.924 INFO  c Loading event(s) -=-=-=-=-=-=-= 
07:49:20.678 INFO  =-=-=-=-=-=-=- Loading command(s) -=-=-=-=-=-=-= 
07:49:23.470 INFO  c Loading event(s) -=-=-=-=-=-=-= 
07:49:53.077 ERROR Have an error: Cannot read properties of null (reading 'permissions'). 
07:51:58.991 INFO  =-=-=-=-=-=-=- Loading command(s) -=-=-=-=-=-=-= 
07:52:02.627 INFO  c Loading event(s) -=-=-=-=-=-=-= 
07:53:05.387 ERROR Have an error: Cannot read properties of null (reading 'permissions'). 
07:53:38.939 INFO  =-=-=-=-=-=-=- Loading command(s) -=-=-=-=-=-=-= 
07:53:41.083 INFO  c Loading event(s) -=-=-=-=-=-=-= 
07:55:18.616 INFO  =-=-=-=-=-=-=- Loading command(s) -=-=-=-=-=-=-= 
07:55:20.851 INFO  c Loading event(s) -=-=-=-=-=-=-= 
19:56:53.453 INFO  =-=-=-=-=-=-=- Loading command(s) -=-=-=-=-=-=-= 
19:57:30.388 INFO  c Loading event(s) -=-=-=-=-=-=-= 
19:57:38.026 ERROR Have an error: client.guilds.cache.get(...).fetchInvites is not a function. 
19:58:17.308 ERROR Have an error: member.guild.fetchInvites is not a function. 
19:59:34.794 ERROR Have an error: Cannot read properties of null (reading 'permissions'). 
19:59:36.708 ERROR Have an error: Cannot read properties of null (reading 'permissions'). 
19:59:38.287 ERROR Have an error: Cannot read properties of null (reading 'permissions'). 
19:59:40.188 ERROR Have an error: Cannot read properties of null (reading 'permissions'). 
19:59:41.405 ERROR Have an error: Cannot read properties of null (reading 'permissions'). 
19:59:42.562 ERROR Have an error: Cannot read properties of null (reading 'permissions'). 
19:59:43.708 ERROR Have an error: Cannot read properties of null (reading 'permissions'). 
19:59:44.857 ERROR Have an error: Cannot read properties of null (reading 'permissions'). 
19:59:45.988 ERROR Have an error: Cannot read properties of null (reading 'permissions'). 
19:59:47.340 ERROR Have an error: Cannot read properties of null (reading 'permissions'). 
19:59:48.425 ERROR Have an error: Cannot read properties of null (reading 'permissions'). 
19:59:49.663 ERROR Have an error: Cannot read properties of null (reading 'permissions'). 
20:00:49.217 ERROR Have an error: Cannot read properties of null (reading 'permissions'). 
20:00:49.616 ERROR Have an error: Cannot read properties of null (reading 'permissions'). 
20:00:50.011 ERROR Have an error: Cannot read properties of null (reading 'permissions'). 
20:00:50.517 ERROR Have an error: Cannot read properties of null (reading 'permissions'). 
20:00:51.093 ERROR Have an error: Cannot read properties of null (reading 'permissions'). 
20:00:51.101 ERROR Have an error: Cannot read properties of null (reading 'permissions'). 
20:00:51.717 ERROR Have an error: Cannot read properties of null (reading 'permissions'). 
20:00:52.464 ERROR Have an error: Cannot read properties of null (reading 'permissions'). 
20:00:52.471 ERROR Have an error: Cannot read properties of null (reading 'permissions'). 
20:00:52.824 ERROR Have an error: Cannot read properties of null (reading 'permissions'). 
20:00:53.211 ERROR Have an error: Cannot read properties of null (reading 'permissions'). 
20:00:53.273 ERROR Have an error: Cannot read properties of null (reading 'permissions'). 
20:00:54.272 ERROR Have an error: Cannot read properties of null (reading 'permissions'). 
20:00:54.607 ERROR Have an error: Cannot read properties of null (reading 'permissions'). 
20:00:55.229 ERROR Have an error: Cannot read properties of null (reading 'permissions'). 
20:00:55.600 ERROR Have an error: Cannot read properties of null (reading 'permissions'). 
20:00:55.766 ERROR Have an error: Cannot read properties of null (reading 'permissions'). 
20:00:56.222 ERROR Have an error: Cannot read properties of null (reading 'permissions'). 
20:00:56.521 ERROR Have an error: Cannot read properties of null (reading 'permissions'). 
20:00:56.767 ERROR Have an error: Cannot read properties of null (reading 'permissions'). 
20:00:57.313 ERROR Have an error: Cannot read properties of null (reading 'permissions'). 
20:00:57.528 ERROR Have an error: Cannot read properties of null (reading 'permissions'). 
20:00:57.830 ERROR Have an error: Cannot read properties of null (reading 'permissions'). 
20:00:58.359 ERROR Have an error: Cannot read properties of null (reading 'permissions'). 
20:00:58.526 ERROR Have an error: Cannot read properties of null (reading 'permissions'). 
20:00:58.789 ERROR Have an error: Cannot read properties of null (reading 'permissions'). 
20:00:59.209 ERROR Have an error: Cannot read properties of null (reading 'permissions'). 
20:00:59.647 ERROR Have an error: Cannot read properties of null (reading 'permissions'). 
20:00:59.702 ERROR Have an error: Cannot read properties of null (reading 'permissions'). 
20:01:00.129 ERROR Have an error: Cannot read properties of null (reading 'permissions'). 
20:01:49.519 ERROR Have an error: Cannot read properties of null (reading 'permissions'). 
20:01:51.513 ERROR Have an error: Cannot read properties of null (reading 'permissions'). 
20:01:52.728 ERROR Have an error: Cannot read properties of null (reading 'permissions'). 
20:02:54.088 ERROR Have an error: Cannot read properties of null (reading 'permissions'). 
20:02:54.596 ERROR Have an error: Cannot read properties of null (reading 'permissions'). 
20:02:55.020 ERROR Have an error: Cannot read properties of null (reading 'permissions'). 
20:02:55.490 ERROR Have an error: Cannot read properties of null (reading 'permissions'). 
20:02:55.973 ERROR Have an error: Cannot read properties of null (reading 'permissions'). 
20:02:56.526 ERROR Have an error: Cannot read properties of null (reading 'permissions'). 
20:08:51.000 INFO  =-=-=-=-=-=-=- Loading command(s) -=-=-=-=-=-=-= 
20:09:02.172 INFO  c Loading event(s) -=-=-=-=-=-=-= 
20:09:23.323 ERROR Have an error: guild.fetchInvites is not a function. 
20:14:41.725 ERROR Have an error: Cannot read properties of null (reading 'permissions'). 
20:14:42.677 ERROR Have an error: Cannot read properties of null (reading 'permissions'). 
20:14:44.660 ERROR Have an error: Cannot read properties of null (reading 'permissions'). 
20:14:46.511 ERROR Have an error: Cannot read properties of null (reading 'permissions'). 
20:14:47.557 ERROR Have an error: Cannot read properties of null (reading 'permissions'). 
20:14:48.547 ERROR Have an error: Cannot read properties of null (reading 'permissions'). 
20:14:49.759 ERROR Have an error: Cannot read properties of null (reading 'permissions'). 
20:14:51.544 ERROR Have an error: Cannot read properties of null (reading 'permissions'). 
20:14:52.812 ERROR Have an error: Cannot read properties of null (reading 'permissions'). 
20:14:54.185 ERROR Have an error: Cannot read properties of null (reading 'permissions'). 
20:14:55.240 ERROR Have an error: Cannot read properties of null (reading 'permissions'). 
20:15:20.097 ERROR Have an error: Cannot read properties of null (reading 'permissions'). 
20:15:21.319 ERROR Have an error: Cannot read properties of null (reading 'permissions'). 
20:15:22.590 ERROR Have an error: Cannot read properties of null (reading 'permissions'). 
20:15:24.654 ERROR Have an error: Cannot read properties of null (reading 'permissions'). 
20:15:26.843 ERROR Have an error: Cannot read properties of null (reading 'permissions'). 
20:15:28.569 ERROR Have an error: Cannot read properties of null (reading 'permissions'). 
20:15:30.611 ERROR Have an error: Cannot read properties of null (reading 'permissions'). 
20:15:32.537 ERROR Have an error: Cannot read properties of null (reading 'permissions'). 
20:15:34.721 ERROR Have an error: Cannot read properties of null (reading 'permissions'). 
20:15:36.666 ERROR Have an error: Cannot read properties of null (reading 'permissions'). 
20:15:38.541 ERROR Have an error: Cannot read properties of null (reading 'permissions'). 
20:15:40.783 ERROR Have an error: Cannot read properties of null (reading 'permissions'). 
20:15:42.528 ERROR Have an error: Cannot read properties of null (reading 'permissions'). 
20:15:44.655 ERROR Have an error: Cannot read properties of null (reading 'permissions'). 
20:15:46.556 ERROR Have an error: Cannot read properties of null (reading 'permissions'). 
20:15:49.183 ERROR Have an error: Cannot read properties of null (reading 'permissions'). 
20:15:50.582 ERROR Have an error: Cannot read properties of null (reading 'permissions'). 
20:15:52.962 ERROR Have an error: Cannot read properties of null (reading 'permissions'). 
20:15:54.636 ERROR Have an error: Cannot read properties of null (reading 'permissions'). 
20:15:57.064 ERROR Have an error: Cannot read properties of null (reading 'permissions'). 
20:16:01.464 ERROR Have an error: Cannot read properties of null (reading 'permissions'). 
20:16:03.571 ERROR Have an error: Cannot read properties of null (reading 'permissions'). 
20:16:05.561 ERROR Have an error: Cannot read properties of null (reading 'permissions'). 
20:16:07.584 ERROR Have an error: Cannot read properties of null (reading 'permissions'). 
20:16:09.560 ERROR Have an error: Cannot read properties of null (reading 'permissions'). 
20:16:11.578 ERROR Have an error: Cannot read properties of null (reading 'permissions'). 
20:16:13.664 ERROR Have an error: Cannot read properties of null (reading 'permissions'). 
20:16:15.594 ERROR Have an error: Cannot read properties of null (reading 'permissions'). 
20:16:17.620 ERROR Have an error: Cannot read properties of null (reading 'permissions'). 
20:16:19.499 ERROR Have an error: Cannot read properties of null (reading 'permissions'). 
20:16:21.566 ERROR Have an error: Cannot read properties of null (reading 'permissions'). 
20:16:23.634 ERROR Have an error: Cannot read properties of null (reading 'permissions'). 
20:16:25.622 ERROR Have an error: Cannot read properties of null (reading 'permissions'). 
20:16:27.619 ERROR Have an error: Cannot read properties of null (reading 'permissions'). 
20:16:29.592 ERROR Have an error: Cannot read properties of null (reading 'permissions'). 
20:16:31.575 ERROR Have an error: Cannot read properties of null (reading 'permissions'). 
20:16:34.249 ERROR Have an error: Cannot read properties of null (reading 'permissions'). 
20:16:36.754 ERROR Have an error: Cannot read properties of null (reading 'permissions'). 
20:16:38.516 ERROR Have an error: Cannot read properties of null (reading 'permissions'). 
20:16:40.621 ERROR Have an error: Cannot read properties of null (reading 'permissions'). 
20:16:42.543 ERROR Have an error: Cannot read properties of null (reading 'permissions'). 
20:16:44.627 ERROR Have an error: Cannot read properties of null (reading 'permissions'). 
20:16:45.798 ERROR Have an error: Cannot read properties of null (reading 'permissions'). 
20:17:16.196 ERROR Have an error: Cannot read properties of null (reading 'permissions'). 
20:17:17.305 ERROR Have an error: Cannot read properties of null (reading 'permissions'). 
20:17:19.202 ERROR Have an error: Cannot read properties of null (reading 'permissions'). 
20:17:21.237 ERROR Have an error: Cannot read properties of null (reading 'permissions'). 
20:17:23.245 ERROR Have an error: Cannot read properties of null (reading 'permissions'). 
20:17:25.729 ERROR Have an error: Cannot read properties of null (reading 'permissions'). 
20:17:27.318 ERROR Have an error: Cannot read properties of null (reading 'permissions'). 
20:17:29.217 ERROR Have an error: Cannot read properties of null (reading 'permissions'). 
20:17:31.373 ERROR Have an error: Cannot read properties of null (reading 'permissions'). 
20:17:33.247 ERROR Have an error: Cannot read properties of null (reading 'permissions'). 
20:17:35.240 ERROR Have an error: Cannot read properties of null (reading 'permissions'). 
20:17:37.228 ERROR Have an error: Cannot read properties of null (reading 'permissions'). 
20:17:39.226 ERROR Have an error: Cannot read properties of null (reading 'permissions'). 
20:17:40.574 ERROR Have an error: Cannot read properties of null (reading 'permissions'). 
20:17:41.214 ERROR Have an error: Cannot read properties of null (reading 'permissions'). 
20:17:41.734 ERROR Have an error: Cannot read properties of null (reading 'permissions'). 
20:17:43.202 ERROR Have an error: Cannot read properties of null (reading 'permissions'). 
20:17:43.374 ERROR Have an error: Cannot read properties of null (reading 'permissions'). 
20:17:43.584 ERROR Have an error: Cannot read properties of null (reading 'permissions'). 
20:17:43.807 ERROR Have an error: Cannot read properties of null (reading 'permissions'). 
20:17:44.254 ERROR Have an error: Cannot read properties of null (reading 'permissions'). 
20:17:44.823 ERROR Have an error: Cannot read properties of null (reading 'permissions'). 
20:17:45.222 ERROR Have an error: Cannot read properties of null (reading 'permissions'). 
20:17:45.365 ERROR Have an error: Cannot read properties of null (reading 'permissions'). 
20:17:45.529 ERROR Have an error: Cannot read properties of null (reading 'permissions'). 
20:17:45.854 ERROR Have an error: Cannot read properties of null (reading 'permissions'). 
20:17:46.390 ERROR Have an error: Cannot read properties of null (reading 'permissions'). 
20:17:46.821 ERROR Have an error: Cannot read properties of null (reading 'permissions'). 
20:17:47.328 ERROR Have an error: Cannot read properties of null (reading 'permissions'). 
20:17:47.581 ERROR Have an error: Cannot read properties of null (reading 'permissions'). 
20:17:48.135 ERROR Have an error: Cannot read properties of null (reading 'permissions'). 
20:17:48.257 ERROR Have an error: Cannot read properties of null (reading 'permissions'). 
20:17:48.274 ERROR Have an error: Cannot read properties of null (reading 'permissions'). 
20:17:48.773 ERROR Have an error: Cannot read properties of null (reading 'permissions'). 
20:17:49.231 ERROR Have an error: Cannot read properties of null (reading 'permissions'). 
20:17:49.557 ERROR Have an error: Cannot read properties of null (reading 'permissions'). 
20:17:49.707 ERROR Have an error: Cannot read properties of null (reading 'permissions'). 
20:17:50.354 ERROR Have an error: Cannot read properties of null (reading 'permissions'). 
20:17:50.362 ERROR Have an error: Cannot read properties of null (reading 'permissions'). 
20:17:50.582 ERROR Have an error: Cannot read properties of null (reading 'permissions'). 
20:17:51.068 ERROR Have an error: Cannot read properties of null (reading 'permissions'). 
20:17:51.530 ERROR Have an error: Cannot read properties of null (reading 'permissions'). 
20:17:51.717 ERROR Have an error: Cannot read properties of null (reading 'permissions'). 
20:17:52.225 ERROR Have an error: Cannot read properties of null (reading 'permissions'). 
20:17:52.241 ERROR Have an error: Cannot read properties of null (reading 'permissions'). 
20:17:52.691 ERROR Have an error: Cannot read properties of null (reading 'permissions'). 
20:18:43.627 ERROR Have an error: Cannot read properties of null (reading 'permissions'). 
20:18:46.513 ERROR Have an error: Cannot read properties of null (reading 'permissions'). 
20:18:48.527 ERROR Have an error: Cannot read properties of null (reading 'permissions'). 
20:18:50.517 ERROR Have an error: Cannot read properties of null (reading 'permissions'). 
20:18:52.509 ERROR Have an error: Cannot read properties of null (reading 'permissions'). 
20:18:54.625 ERROR Have an error: Cannot read properties of null (reading 'permissions'). 
20:18:56.577 ERROR Have an error: Cannot read properties of null (reading 'permissions'). 
20:18:58.620 ERROR Have an error: Cannot read properties of null (reading 'permissions'). 
20:19:00.907 ERROR Have an error: Cannot read properties of null (reading 'permissions'). 
20:19:02.773 ERROR Have an error: Cannot read properties of null (reading 'permissions'). 
20:19:04.685 ERROR Have an error: Cannot read properties of null (reading 'permissions'). 
20:19:06.648 ERROR Have an error: Cannot read properties of null (reading 'permissions'). 
20:19:08.566 ERROR Have an error: Cannot read properties of null (reading 'permissions'). 
20:19:10.580 ERROR Have an error: Cannot read properties of null (reading 'permissions'). 
20:19:12.994 ERROR Have an error: Cannot read properties of null (reading 'permissions'). 
20:19:14.636 ERROR Have an error: Cannot read properties of null (reading 'permissions'). 
20:19:16.811 ERROR Have an error: Cannot read properties of null (reading 'permissions'). 
20:19:18.653 ERROR Have an error: Cannot read properties of null (reading 'permissions'). 
20:19:20.988 ERROR Have an error: Cannot read properties of null (reading 'permissions'). 
20:19:22.664 ERROR Have an error: Cannot read properties of null (reading 'permissions'). 
20:19:24.629 ERROR Have an error: Cannot read properties of null (reading 'permissions'). 
20:19:26.534 ERROR Have an error: Cannot read properties of null (reading 'permissions'). 
20:19:28.513 ERROR Have an error: Cannot read properties of null (reading 'permissions'). 
20:19:30.563 ERROR Have an error: Cannot read properties of null (reading 'permissions'). 
20:19:32.563 ERROR Have an error: Cannot read properties of null (reading 'permissions'). 
20:19:34.653 ERROR Have an error: Cannot read properties of null (reading 'permissions'). 
20:19:36.589 ERROR Have an error: Cannot read properties of null (reading 'permissions'). 
20:19:38.547 ERROR Have an error: Cannot read properties of null (reading 'permissions'). 
20:19:40.554 ERROR Have an error: Cannot read properties of null (reading 'permissions'). 
20:19:42.603 ERROR Have an error: Cannot read properties of null (reading 'permissions'). 
20:19:44.596 ERROR Have an error: Cannot read properties of null (reading 'permissions'). 
20:19:46.553 ERROR Have an error: Cannot read properties of null (reading 'permissions'). 
20:19:48.675 ERROR Have an error: Cannot read properties of null (reading 'permissions'). 
20:19:50.567 ERROR Have an error: Cannot read properties of null (reading 'permissions'). 
20:19:52.787 ERROR Have an error: Cannot read properties of null (reading 'permissions'). 
20:19:54.626 ERROR Have an error: Cannot read properties of null (reading 'permissions'). 
20:19:56.564 ERROR Have an error: Cannot read properties of null (reading 'permissions'). 
20:19:58.541 ERROR Have an error: Cannot read properties of null (reading 'permissions'). 
20:20:00.580 ERROR Have an error: Cannot read properties of null (reading 'permissions'). 
20:20:02.620 ERROR Have an error: Cannot read properties of null (reading 'permissions'). 
20:20:04.686 ERROR Have an error: Cannot read properties of null (reading 'permissions'). 
20:20:06.785 ERROR Have an error: Cannot read properties of null (reading 'permissions'). 
20:20:08.558 ERROR Have an error: Cannot read properties of null (reading 'permissions'). 
20:20:10.958 ERROR Have an error: Cannot read properties of null (reading 'permissions'). 
20:20:12.656 ERROR Have an error: Cannot read properties of null (reading 'permissions'). 
20:20:14.760 ERROR Have an error: Cannot read properties of null (reading 'permissions'). 
20:20:16.533 ERROR Have an error: Cannot read properties of null (reading 'permissions'). 
20:20:18.550 ERROR Have an error: Cannot read properties of null (reading 'permissions'). 
20:20:20.743 ERROR Have an error: Cannot read properties of null (reading 'permissions'). 
20:20:22.568 ERROR Have an error: Cannot read properties of null (reading 'permissions'). 
20:20:24.635 ERROR Have an error: Cannot read properties of null (reading 'permissions'). 
20:20:26.786 ERROR Have an error: Cannot read properties of null (reading 'permissions'). 
20:20:28.558 ERROR Have an error: Cannot read properties of null (reading 'permissions'). 
20:20:30.650 ERROR Have an error: Cannot read properties of null (reading 'permissions'). 
20:20:32.537 ERROR Have an error: Cannot read properties of null (reading 'permissions'). 
20:20:34.647 ERROR Have an error: Cannot read properties of null (reading 'permissions'). 
20:20:36.520 ERROR Have an error: Cannot read properties of null (reading 'permissions'). 
20:20:38.540 ERROR Have an error: Cannot read properties of null (reading 'permissions'). 
20:20:40.690 ERROR Have an error: Cannot read properties of null (reading 'permissions'). 
20:20:42.595 ERROR Have an error: Cannot read properties of null (reading 'permissions'). 
20:20:45.432 ERROR Have an error: Cannot read properties of null (reading 'permissions'). 
20:20:46.560 ERROR Have an error: Cannot read properties of null (reading 'permissions'). 
20:21:57.741 ERROR Have an error: Cannot read properties of null (reading 'permissions'). 
20:21:59.567 ERROR Have an error: Cannot read properties of null (reading 'permissions'). 
20:22:01.661 ERROR Have an error: Cannot read properties of null (reading 'permissions'). 
20:22:04.110 ERROR Have an error: Cannot read properties of null (reading 'permissions'). 
20:22:05.823 ERROR Have an error: Cannot read properties of null (reading 'permissions'). 
20:22:07.546 ERROR Have an error: Cannot read properties of null (reading 'permissions'). 
20:22:09.614 ERROR Have an error: Cannot read properties of null (reading 'permissions'). 
20:22:11.531 ERROR Have an error: Cannot read properties of null (reading 'permissions'). 
20:22:13.606 ERROR Have an error: Cannot read properties of null (reading 'permissions'). 
20:22:15.541 ERROR Have an error: Cannot read properties of null (reading 'permissions'). 
20:22:17.631 ERROR Have an error: Cannot read properties of null (reading 'permissions'). 
20:22:19.613 ERROR Have an error: Cannot read properties of null (reading 'permissions'). 
20:22:21.538 ERROR Have an error: Cannot read properties of null (reading 'permissions'). 
20:22:23.500 ERROR Have an error: Cannot read properties of null (reading 'permissions'). 
20:22:25.589 ERROR Have an error: Cannot read properties of null (reading 'permissions'). 
20:22:27.545 ERROR Have an error: Cannot read properties of null (reading 'permissions'). 
20:22:29.575 ERROR Have an error: Cannot read properties of null (reading 'permissions'). 
20:22:31.704 ERROR Have an error: Cannot read properties of null (reading 'permissions'). 
20:22:33.632 ERROR Have an error: Cannot read properties of null (reading 'permissions'). 
20:22:35.571 ERROR Have an error: Cannot read properties of null (reading 'permissions'). 
20:22:36.763 ERROR Have an error: Cannot read properties of null (reading 'permissions'). 
20:22:38.250 ERROR Have an error: Cannot read properties of null (reading 'permissions'). 
20:22:39.464 ERROR Have an error: Cannot read properties of null (reading 'permissions'). 
20:22:40.669 ERROR Have an error: Cannot read properties of null (reading 'permissions'). 
20:22:42.065 ERROR Have an error: Cannot read properties of null (reading 'permissions'). 
20:22:43.212 ERROR Have an error: Cannot read properties of null (reading 'permissions'). 
20:22:44.616 ERROR Have an error: Cannot read properties of null (reading 'permissions'). 
20:22:45.880 ERROR Have an error: Cannot read properties of null (reading 'permissions'). 
20:22:47.047 ERROR Have an error: Cannot read properties of null (reading 'permissions'). 
20:22:48.794 ERROR Have an error: Cannot read properties of null (reading 'permissions'). 
20:22:57.787 ERROR Have an error: Cannot read properties of null (reading 'permissions'). 
20:22:59.642 ERROR Have an error: Cannot read properties of null (reading 'permissions'). 
20:23:01.917 ERROR Have an error: Cannot read properties of null (reading 'permissions'). 
20:23:04.087 ERROR Have an error: Cannot read properties of null (reading 'permissions'). 
20:23:05.964 ERROR Have an error: Cannot read properties of null (reading 'permissions'). 
20:23:07.755 ERROR Have an error: Cannot read properties of null (reading 'permissions'). 
20:23:09.889 ERROR Have an error: Cannot read properties of null (reading 'permissions'). 
20:23:12.517 ERROR Have an error: Cannot read properties of null (reading 'permissions'). 
20:23:14.629 ERROR Have an error: Cannot read properties of null (reading 'permissions'). 
20:23:16.982 ERROR Have an error: Cannot read properties of null (reading 'permissions'). 
20:23:18.548 ERROR Have an error: Cannot read properties of null (reading 'permissions'). 
20:23:20.676 ERROR Have an error: Cannot read properties of null (reading 'permissions'). 
20:23:22.547 ERROR Have an error: Cannot read properties of null (reading 'permissions'). 
20:23:24.672 ERROR Have an error: Cannot read properties of null (reading 'permissions'). 
20:23:27.259 ERROR Have an error: Cannot read properties of null (reading 'permissions'). 
20:23:28.647 ERROR Have an error: Cannot read properties of null (reading 'permissions'). 
20:23:30.563 ERROR Have an error: Cannot read properties of null (reading 'permissions'). 
20:23:33.543 ERROR Have an error: Cannot read properties of null (reading 'permissions'). 
20:23:35.541 ERROR Have an error: Cannot read properties of null (reading 'permissions'). 
20:23:37.556 ERROR Have an error: Cannot read properties of null (reading 'permissions'). 
20:23:40.260 ERROR Have an error: Cannot read properties of null (reading 'permissions'). 
20:23:41.613 ERROR Have an error: Cannot read properties of null (reading 'permissions'). 
20:23:42.830 ERROR Have an error: Cannot read properties of null (reading 'permissions'). 
20:23:44.620 ERROR Have an error: Cannot read properties of null (reading 'permissions'). 
20:23:47.808 ERROR Have an error: Cannot read properties of null (reading 'permissions'). 
20:23:49.643 ERROR Have an error: Cannot read properties of null (reading 'permissions'). 
20:23:51.963 ERROR Have an error: Cannot read properties of null (reading 'permissions'). 
20:23:53.604 ERROR Have an error: Cannot read properties of null (reading 'permissions'). 
20:23:55.552 ERROR Have an error: Cannot read properties of null (reading 'permissions'). 
20:23:58.195 ERROR Have an error: Cannot read properties of null (reading 'permissions'). 
20:23:59.762 ERROR Have an error: Cannot read properties of null (reading 'permissions'). 
20:24:01.897 ERROR Have an error: Cannot read properties of null (reading 'permissions'). 
20:24:04.587 ERROR Have an error: Cannot read properties of null (reading 'permissions'). 
20:24:07.789 ERROR Have an error: Cannot read properties of null (reading 'permissions'). 
20:24:09.437 ERROR Have an error: Cannot read properties of null (reading 'permissions'). 
20:24:11.411 ERROR Have an error: Cannot read properties of null (reading 'permissions'). 
20:24:12.872 ERROR Have an error: Cannot read properties of null (reading 'permissions'). 
20:24:14.462 ERROR Have an error: Cannot read properties of null (reading 'permissions'). 
20:24:15.766 ERROR Have an error: Cannot read properties of null (reading 'permissions'). 
20:24:16.889 ERROR Have an error: Cannot read properties of null (reading 'permissions'). 
20:24:18.625 ERROR Have an error: Cannot read properties of null (reading 'permissions'). 
20:24:21.753 ERROR Have an error: Cannot read properties of null (reading 'permissions'). 
20:24:23.687 ERROR Have an error: Cannot read properties of null (reading 'permissions'). 
20:24:25.605 ERROR Have an error: Cannot read properties of null (reading 'permissions'). 
20:24:27.565 ERROR Have an error: Cannot read properties of null (reading 'permissions'). 
20:24:29.612 ERROR Have an error: Cannot read properties of null (reading 'permissions'). 
20:24:31.644 ERROR Have an error: Cannot read properties of null (reading 'permissions'). 
20:24:33.693 ERROR Have an error: Cannot read properties of null (reading 'permissions'). 
20:24:35.545 ERROR Have an error: Cannot read properties of null (reading 'permissions'). 
20:24:38.185 ERROR Have an error: Cannot read properties of null (reading 'permissions'). 
20:24:40.970 ERROR Have an error: Cannot read properties of null (reading 'permissions'). 
20:24:55.497 ERROR Have an error: Cannot read properties of null (reading 'permissions'). 
20:24:57.761 ERROR Have an error: Cannot read properties of null (reading 'permissions'). 
20:26:10.512 ERROR Have an error: Cannot read properties of null (reading 'permissions'). 
20:26:10.938 ERROR Have an error: Cannot read properties of null (reading 'permissions'). 
20:26:11.362 ERROR Have an error: Cannot read properties of null (reading 'permissions'). 
20:26:12.734 ERROR Have an error: Cannot read properties of null (reading 'permissions'). 
20:26:13.147 ERROR Have an error: Cannot read properties of null (reading 'permissions'). 
20:26:13.740 ERROR Have an error: Cannot read properties of null (reading 'permissions'). 
20:26:14.143 ERROR Have an error: Cannot read properties of null (reading 'permissions'). 
20:26:14.630 ERROR Have an error: Cannot read properties of null (reading 'permissions'). 
20:26:15.106 ERROR Have an error: Cannot read properties of null (reading 'permissions'). 
20:26:34.940 ERROR Have an error: Cannot read properties of null (reading 'permissions'). 
20:26:35.355 ERROR Have an error: Cannot read properties of null (reading 'permissions'). 
20:26:35.863 ERROR Have an error: Cannot read properties of null (reading 'permissions'). 
20:26:36.313 ERROR Have an error: Cannot read properties of null (reading 'permissions'). 
20:26:36.901 ERROR Have an error: Cannot read properties of null (reading 'permissions'). 
20:26:37.338 ERROR Have an error: Cannot read properties of null (reading 'permissions'). 
20:26:37.727 ERROR Have an error: Cannot read properties of null (reading 'permissions'). 
20:26:39.208 ERROR Have an error: Cannot read properties of null (reading 'permissions'). 
20:26:39.514 ERROR Have an error: Cannot read properties of null (reading 'permissions'). 
20:26:40.744 ERROR Have an error: Cannot read properties of null (reading 'permissions'). 
20:26:41.863 ERROR Have an error: Cannot read properties of null (reading 'permissions'). 
20:26:42.779 ERROR Have an error: Cannot read properties of null (reading 'permissions'). 
20:26:43.965 ERROR Have an error: Cannot read properties of null (reading 'permissions'). 
20:26:44.727 ERROR Have an error: Cannot read properties of null (reading 'permissions'). 
20:26:45.500 ERROR Have an error: Cannot read properties of null (reading 'permissions'). 
20:26:46.504 ERROR Have an error: Cannot read properties of null (reading 'permissions'). 
20:26:47.544 ERROR Have an error: Cannot read properties of null (reading 'permissions'). 
20:26:48.484 ERROR Have an error: Cannot read properties of null (reading 'permissions'). 
20:26:49.560 ERROR Have an error: Cannot read properties of null (reading 'permissions'). 
20:26:50.453 ERROR Have an error: Cannot read properties of null (reading 'permissions'). 
20:26:51.587 ERROR Have an error: Cannot read properties of null (reading 'permissions'). 
20:31:59.652 ERROR Have an error: Cannot read properties of null (reading 'permissions'). 
20:34:01.019 ERROR Have an error: Cannot read properties of null (reading 'permissions'). 
20:35:09.396 ERROR Have an error: Cannot read properties of null (reading 'permissions'). 
20:35:39.723 ERROR Have an error: Cannot read properties of null (reading 'permissions'). 
20:36:46.762 ERROR Have an error: Cannot read properties of null (reading 'permissions'). 
20:36:47.945 ERROR Have an error: Cannot read properties of null (reading 'permissions'). 
20:37:15.573 ERROR Have an error: Cannot read properties of null (reading 'permissions'). 
20:37:42.032 ERROR Have an error: Cannot read properties of null (reading 'permissions'). 
20:38:07.409 ERROR Have an error: Cannot read properties of null (reading 'permissions'). 
20:39:40.061 ERROR Have an error: Cannot read properties of null (reading 'permissions'). 
20:40:04.179 ERROR Have an error: Cannot read properties of null (reading 'permissions'). 
20:40:37.500 ERROR Have an error: Cannot read properties of null (reading 'permissions'). 
20:40:38.652 ERROR Have an error: Cannot read properties of null (reading 'permissions'). 
20:40:40.269 ERROR Have an error: Cannot read properties of null (reading 'permissions'). 
20:40:42.234 ERROR Have an error: Cannot read properties of null (reading 'permissions'). 
20:40:44.167 ERROR Have an error: Cannot read properties of null (reading 'permissions'). 
20:40:45.418 ERROR Have an error: Cannot read properties of null (reading 'permissions'). 
20:40:46.600 ERROR Have an error: Cannot read properties of null (reading 'permissions'). 
20:40:47.730 ERROR Have an error: Cannot read properties of null (reading 'permissions'). 
20:40:48.891 ERROR Have an error: Cannot read properties of null (reading 'permissions'). 
20:40:50.020 ERROR Have an error: Cannot read properties of null (reading 'permissions'). 
20:40:51.247 ERROR Have an error: Cannot read properties of null (reading 'permissions'). 
20:40:53.214 ERROR Have an error: Cannot read properties of null (reading 'permissions'). 
20:40:55.238 ERROR Have an error: Cannot read properties of null (reading 'permissions'). 
20:40:57.346 ERROR Have an error: Cannot read properties of null (reading 'permissions'). 
20:40:58.568 ERROR Have an error: Cannot read properties of null (reading 'permissions'). 
20:40:59.717 ERROR Have an error: Cannot read properties of null (reading 'permissions'). 
20:41:00.898 ERROR Have an error: Cannot read properties of null (reading 'permissions'). 
20:41:02.031 ERROR Have an error: Cannot read properties of null (reading 'permissions'). 
20:41:03.202 ERROR Have an error: Cannot read properties of null (reading 'permissions'). 
20:41:36.367 ERROR Have an error: Cannot read properties of null (reading 'permissions'). 
20:42:28.121 ERROR Have an error: Cannot read properties of null (reading 'permissions'). 
20:42:57.516 ERROR Have an error: Cannot read properties of null (reading 'permissions'). 
20:45:07.002 ERROR Have an error: Missing Permissions. 
21:25:37.120 INFO  =-=-=-=-=-=-=- Loading command(s) -=-=-=-=-=-=-= 
21:26:23.225 INFO  c Loading event(s) -=-=-=-=-=-=-= 
21:27:54.595 ERROR Have an error: Cannot read properties of null (reading 'permissions'). 
