00:47:28.621 INFO  =-=-=-=-=-=-=- Loading command(s) -=-=-=-=-=-=-= 
00:47:49.081 INFO  c Loading event(s) -=-=-=-=-=-=-= 
00:48:29.898 ERROR Have an error: Cannot access 'time' before initialization. 
00:49:38.632 INFO  =-=-=-=-=-=-=- Loading command(s) -=-=-=-=-=-=-= 
00:49:40.996 INFO  c Loading event(s) -=-=-=-=-=-=-= 
00:49:46.996 ERROR Have an error: val is not a non-empty string or a valid number. val=undefined. 
00:51:26.984 INFO  =-=-=-=-=-=-=- Loading command(s) -=-=-=-=-=-=-= 
00:51:29.489 INFO  c Loading event(s) -=-=-=-=-=-=-= 
00:53:44.201 INFO  =-=-=-=-=-=-=- Loading command(s) -=-=-=-=-=-=-= 
00:53:46.962 INFO  c Loading event(s) -=-=-=-=-=-=-= 
00:54:48.879 INFO  =-=-=-=-=-=-=- Loading command(s) -=-=-=-=-=-=-= 
00:54:51.597 INFO  c Loading event(s) -=-=-=-=-=-=-= 
00:56:01.710 INFO  =-=-=-=-=-=-=- Loading command(s) -=-=-=-=-=-=-= 
00:56:04.475 INFO  c Loading event(s) -=-=-=-=-=-=-= 
00:56:56.280 INFO  =-=-=-=-=-=-=- Loading command(s) -=-=-=-=-=-=-= 
00:56:58.872 INFO  c Loading event(s) -=-=-=-=-=-=-= 
01:17:09.097 INFO  =-=-=-=-=-=-=- Loading command(s) -=-=-=-=-=-=-= 
01:17:18.927 INFO  c Loading event(s) -=-=-=-=-=-=-= 
01:18:20.039 INFO  =-=-=-=-=-=-=- Loading command(s) -=-=-=-=-=-=-= 
01:18:23.424 INFO  c Loading event(s) -=-=-=-=-=-=-= 
01:25:50.845 INFO  =-=-=-=-=-=-=- Loading command(s) -=-=-=-=-=-=-= 
01:25:53.212 INFO  c Loading event(s) -=-=-=-=-=-=-= 
07:37:27.175 INFO  =-=-=-=-=-=-=- Loading command(s) -=-=-=-=-=-=-= 
07:38:00.864 INFO  c Loading event(s) -=-=-=-=-=-=-= 
07:38:26.851 ERROR Have an error: Cannot read properties of null (reading 'permissions'). 
07:39:21.500 ERROR Have an error: Cannot read properties of null (reading 'permissions'). 
07:39:21.672 ERROR Have an error: Unknown Message. 
07:39:22.057 ERROR Have an error: Cannot read properties of null (reading 'permissions'). 
07:39:45.875 ERROR Have an error: Cannot read properties of null (reading 'permissions'). 
07:39:45.894 ERROR Have an error: Cannot read properties of null (reading 'permissions'). 
07:39:46.141 ERROR Have an error: Unknown Message. 
07:39:46.227 ERROR Have an error: Cannot read properties of null (reading 'permissions'). 
07:39:46.442 ERROR Have an error: Unknown Message. 
07:44:46.702 INFO  =-=-=-=-=-=-=- Loading command(s) -=-=-=-=-=-=-= 
07:44:50.306 INFO  c Loading event(s) -=-=-=-=-=-=-= 
07:45:36.868 ERROR Have an error: Unknown Message. 
07:46:56.988 INFO  =-=-=-=-=-=-=- Loading command(s) -=-=-=-=-=-=-= 
07:46:59.621 INFO  c Loading event(s) -=-=-=-=-=-=-= 
07:47:39.808 INFO  =-=-=-=-=-=-=- Loading command(s) -=-=-=-=-=-=-= 
07:47:42.313 INFO  c Loading event(s) -=-=-=-=-=-=-= 
07:48:47.942 INFO  =-=-=-=-=-=-=- Loading command(s) -=-=-=-=-=-=-= 
07:48:50.254 INFO  c Loading event(s) -=-=-=-=-=-=-= 
07:49:36.187 INFO  =-=-=-=-=-=-=- Loading command(s) -=-=-=-=-=-=-= 
07:49:38.423 INFO  c Loading event(s) -=-=-=-=-=-=-= 
07:50:21.033 INFO  =-=-=-=-=-=-=- Loading command(s) -=-=-=-=-=-=-= 
07:50:23.675 INFO  c Loading event(s) -=-=-=-=-=-=-= 
13:24:25.647 INFO  =-=-=-=-=-=-=- Loading command(s) -=-=-=-=-=-=-= 
13:24:57.844 INFO  c Loading event(s) -=-=-=-=-=-=-= 
13:26:47.455 ERROR Have an error: args is not defined. 
13:27:24.496 INFO  =-=-=-=-=-=-=- Loading command(s) -=-=-=-=-=-=-= 
13:27:27.235 INFO  c Loading event(s) -=-=-=-=-=-=-= 
13:27:32.891 ERROR Have an error: args.join is not a function. 
13:28:18.909 INFO  =-=-=-=-=-=-=- Loading command(s) -=-=-=-=-=-=-= 
13:28:21.661 INFO  c Loading event(s) -=-=-=-=-=-=-= 
13:30:48.949 INFO  =-=-=-=-=-=-=- Loading command(s) -=-=-=-=-=-=-= 
13:30:51.939 INFO  c Loading event(s) -=-=-=-=-=-=-= 
13:31:15.444 INFO  =-=-=-=-=-=-=- Loading command(s) -=-=-=-=-=-=-= 
13:31:18.163 INFO  c Loading event(s) -=-=-=-=-=-=-= 
13:31:48.714 ERROR Have an error: Cannot send an empty message. 
13:31:52.484 ERROR Have an error: Invalid Form Body
user_limit: int value should be less than or equal to 99.. 
13:31:53.234 ERROR Have an error: Invalid Form Body
user_limit: int value should be less than or equal to 99.. 
13:32:52.032 ERROR Have an error: emoji is not defined. 
13:33:37.306 INFO  =-=-=-=-=-=-=- Loading command(s) -=-=-=-=-=-=-= 
13:33:40.380 INFO  c Loading event(s) -=-=-=-=-=-=-= 
16:15:15.851 INFO  =-=-=-=-=-=-=- Loading command(s) -=-=-=-=-=-=-= 
16:15:47.691 INFO  c Loading event(s) -=-=-=-=-=-=-= 
16:18:31.448 INFO  =-=-=-=-=-=-=- Loading command(s) -=-=-=-=-=-=-= 
16:18:43.975 INFO  c Loading event(s) -=-=-=-=-=-=-= 
16:21:38.498 INFO  =-=-=-=-=-=-=- Loading command(s) -=-=-=-=-=-=-= 
16:21:42.182 INFO  c Loading event(s) -=-=-=-=-=-=-= 
16:22:30.456 INFO  =-=-=-=-=-=-=- Loading command(s) -=-=-=-=-=-=-= 
16:22:33.415 INFO  c Loading event(s) -=-=-=-=-=-=-= 
16:22:54.913 ERROR Have an error: Cannot send an empty message. 
16:23:14.492 ERROR Have an error: Invalid Form Body
user_limit: int value should be less than or equal to 99.. 
16:23:27.854 ERROR Have an error: Invalid Form Body
user_limit: int value should be less than or equal to 99.. 
16:23:28.155 ERROR Have an error: Invalid Form Body
user_limit: int value should be less than or equal to 99.. 
16:33:13.632 ERROR Have an error: Invalid Form Body
user_limit: int value should be less than or equal to 99.. 
16:33:14.519 ERROR Have an error: Invalid Form Body
user_limit: int value should be less than or equal to 99.. 
17:01:03.978 ERROR Have an error: Unknown Channel. 
17:01:04.015 ERROR Have an error: Unknown Channel. 
17:01:04.029 ERROR Have an error: Unknown Channel. 
17:01:04.037 ERROR Have an error: Unknown Channel. 
17:01:04.085 ERROR Have an error: Unknown Channel. 
17:01:04.092 ERROR Have an error: Unknown Channel. 
17:01:04.096 ERROR Have an error: Unknown Channel. 
17:01:04.104 ERROR Have an error: Unknown Channel. 
17:01:04.110 ERROR Have an error: Unknown Channel. 
17:01:04.115 ERROR Have an error: Unknown Channel. 
17:01:04.126 ERROR Have an error: Unknown Channel. 
17:01:04.132 ERROR Have an error: Unknown Channel. 
17:01:04.139 ERROR Have an error: Unknown Channel. 
17:01:04.144 ERROR Have an error: Unknown Channel. 
17:01:04.155 ERROR Have an error: Unknown Channel. 
17:01:04.162 ERROR Have an error: Unknown Channel. 
17:01:04.169 ERROR Have an error: Unknown Channel. 
17:01:04.173 ERROR Have an error: Unknown Channel. 
17:01:04.183 ERROR Have an error: Unknown Channel. 
17:01:04.193 ERROR Have an error: Unknown Channel. 
17:01:04.199 ERROR Have an error: Unknown Channel. 
17:01:04.203 ERROR Have an error: Unknown Channel. 
17:01:04.211 ERROR Have an error: Unknown Channel. 
17:01:04.219 ERROR Have an error: Unknown Channel. 
17:01:04.228 ERROR Have an error: Unknown Channel. 
17:01:04.233 ERROR Have an error: Unknown Channel. 
17:01:04.241 ERROR Have an error: Unknown Channel. 
17:01:04.251 ERROR Have an error: Unknown Channel. 
17:01:04.258 ERROR Have an error: Unknown Channel. 
17:01:04.262 ERROR Have an error: Unknown Channel. 
17:01:04.268 ERROR Have an error: Unknown Channel. 
17:01:04.280 ERROR Have an error: Unknown Channel. 
17:01:04.289 ERROR Have an error: Unknown Channel. 
17:01:04.298 ERROR Have an error: Unknown Channel. 
17:01:04.304 ERROR Have an error: Unknown Channel. 
17:01:04.315 ERROR Have an error: Unknown Channel. 
17:01:05.707 ERROR Have an error: Unknown Channel. 
17:01:05.714 ERROR Have an error: Unknown Channel. 
17:01:05.719 ERROR Have an error: Unknown Channel. 
17:01:05.724 ERROR Have an error: Unknown Channel. 
17:01:05.733 ERROR Have an error: Unknown Channel. 
17:01:05.743 ERROR Have an error: Unknown Channel. 
