00:13:06.266 INFO  =-=-=-=-=-=-=- Loading command(s) -=-=-=-=-=-=-= 
00:13:08.241 INFO  c Loading event(s) -=-=-=-=-=-=-= 
00:13:08.247 INFO  =-=-=-=-=-=-=- Loading command(s) -=-=-=-=-=-=-= 
00:13:08.275 INFO  c Loading event(s) -=-=-=-=-=-=-= 
00:17:36.279 INFO  =-=-=-=-=-=-=- Loading command(s) -=-=-=-=-=-=-= 
00:17:38.313 INFO  c Loading event(s) -=-=-=-=-=-=-= 
00:17:38.320 INFO  =-=-=-=-=-=-=- Loading command(s) -=-=-=-=-=-=-= 
00:17:38.374 INFO  c Loading event(s) -=-=-=-=-=-=-= 
00:18:30.447 INFO  =-=-=-=-=-=-=- Loading command(s) -=-=-=-=-=-=-= 
00:18:32.382 INFO  c Loading event(s) -=-=-=-=-=-=-= 
00:18:32.389 INFO  =-=-=-=-=-=-=- Loading command(s) -=-=-=-=-=-=-= 
00:18:32.416 INFO  c Loading event(s) -=-=-=-=-=-=-= 
00:19:27.373 INFO  =-=-=-=-=-=-=- Loading command(s) -=-=-=-=-=-=-= 
00:19:29.520 INFO  c Loading event(s) -=-=-=-=-=-=-= 
00:19:29.527 INFO  =-=-=-=-=-=-=- Loading command(s) -=-=-=-=-=-=-= 
00:19:29.563 INFO  c Loading event(s) -=-=-=-=-=-=-= 
00:20:34.884 INFO  =-=-=-=-=-=-=- Loading command(s) -=-=-=-=-=-=-= 
00:20:36.818 INFO  c Loading event(s) -=-=-=-=-=-=-= 
00:20:36.825 INFO  =-=-=-=-=-=-=- Loading command(s) -=-=-=-=-=-=-= 
00:20:36.859 INFO  c Loading event(s) -=-=-=-=-=-=-= 
00:22:14.226 INFO  =-=-=-=-=-=-=- Loading command(s) -=-=-=-=-=-=-= 
00:22:16.257 INFO  c Loading event(s) -=-=-=-=-=-=-= 
00:22:16.263 INFO  =-=-=-=-=-=-=- Loading command(s) -=-=-=-=-=-=-= 
00:22:16.291 INFO  c Loading event(s) -=-=-=-=-=-=-= 
00:22:55.077 INFO  =-=-=-=-=-=-=- Loading command(s) -=-=-=-=-=-=-= 
00:22:57.007 INFO  c Loading event(s) -=-=-=-=-=-=-= 
00:22:57.013 INFO  =-=-=-=-=-=-=- Loading command(s) -=-=-=-=-=-=-= 
00:22:57.037 INFO  c Loading event(s) -=-=-=-=-=-=-= 
00:23:33.112 INFO  =-=-=-=-=-=-=- Loading command(s) -=-=-=-=-=-=-= 
00:23:35.259 INFO  c Loading event(s) -=-=-=-=-=-=-= 
08:20:30.551 INFO  =-=-=-=-=-=-=- Loading command(s) -=-=-=-=-=-=-= 
08:21:04.851 INFO  c Loading event(s) -=-=-=-=-=-=-= 
08:25:50.679 INFO  =-=-=-=-=-=-=- Loading command(s) -=-=-=-=-=-=-= 
08:25:53.004 INFO  c Loading event(s) -=-=-=-=-=-=-= 
08:27:04.140 INFO  =-=-=-=-=-=-=- Loading command(s) -=-=-=-=-=-=-= 
08:27:07.786 INFO  c Loading event(s) -=-=-=-=-=-=-= 
08:28:30.902 INFO  =-=-=-=-=-=-=- Loading command(s) -=-=-=-=-=-=-= 
08:28:33.162 INFO  c Loading event(s) -=-=-=-=-=-=-= 
08:29:25.364 INFO  =-=-=-=-=-=-=- Loading command(s) -=-=-=-=-=-=-= 
08:29:29.217 INFO  c Loading event(s) -=-=-=-=-=-=-= 
08:34:08.920 INFO  =-=-=-=-=-=-=- Loading command(s) -=-=-=-=-=-=-= 
08:34:11.164 INFO  c Loading event(s) -=-=-=-=-=-=-= 
08:34:21.735 ERROR Have an error: Image or Canvas expected. 
08:36:05.750 INFO  =-=-=-=-=-=-=- Loading command(s) -=-=-=-=-=-=-= 
08:36:08.324 INFO  c Loading event(s) -=-=-=-=-=-=-= 
08:45:43.018 INFO  =-=-=-=-=-=-=- Loading command(s) -=-=-=-=-=-=-= 
08:45:45.354 INFO  c Loading event(s) -=-=-=-=-=-=-= 
08:56:24.855 INFO  =-=-=-=-=-=-=- Loading command(s) -=-=-=-=-=-=-= 
08:56:27.919 INFO  c Loading event(s) -=-=-=-=-=-=-= 
08:57:18.131 INFO  =-=-=-=-=-=-=- Loading command(s) -=-=-=-=-=-=-= 
08:57:20.280 INFO  c Loading event(s) -=-=-=-=-=-=-= 
08:58:00.590 INFO  =-=-=-=-=-=-=- Loading command(s) -=-=-=-=-=-=-= 
08:58:02.826 INFO  c Loading event(s) -=-=-=-=-=-=-= 
08:59:02.704 INFO  =-=-=-=-=-=-=- Loading command(s) -=-=-=-=-=-=-= 
08:59:05.171 INFO  c Loading event(s) -=-=-=-=-=-=-= 
09:01:19.157 INFO  =-=-=-=-=-=-=- Loading command(s) -=-=-=-=-=-=-= 
09:01:21.625 INFO  c Loading event(s) -=-=-=-=-=-=-= 
09:02:20.014 INFO  =-=-=-=-=-=-=- Loading command(s) -=-=-=-=-=-=-= 
09:02:22.386 INFO  c Loading event(s) -=-=-=-=-=-=-= 
09:11:30.543 INFO  =-=-=-=-=-=-=- Loading command(s) -=-=-=-=-=-=-= 
09:11:35.941 INFO  c Loading event(s) -=-=-=-=-=-=-= 
09:12:23.248 ERROR Have an error: Unknown Message. 
09:12:37.854 ERROR Have an error: Unknown Message. 
09:15:02.051 INFO  =-=-=-=-=-=-=- Loading command(s) -=-=-=-=-=-=-= 
09:15:04.175 INFO  c Loading event(s) -=-=-=-=-=-=-= 
09:15:58.679 INFO  =-=-=-=-=-=-=- Loading command(s) -=-=-=-=-=-=-= 
09:16:01.348 INFO  c Loading event(s) -=-=-=-=-=-=-= 
09:17:59.920 INFO  =-=-=-=-=-=-=- Loading command(s) -=-=-=-=-=-=-= 
09:18:01.894 INFO  c Loading event(s) -=-=-=-=-=-=-= 
09:20:10.355 INFO  =-=-=-=-=-=-=- Loading command(s) -=-=-=-=-=-=-= 
09:20:12.301 INFO  c Loading event(s) -=-=-=-=-=-=-= 
09:25:50.351 ERROR Have an error: Unknown Message. 
09:26:02.013 ERROR Have an error: Unknown Message. 
09:26:17.263 INFO  =-=-=-=-=-=-=- Loading command(s) -=-=-=-=-=-=-= 
09:26:19.863 INFO  c Loading event(s) -=-=-=-=-=-=-= 
09:27:09.150 INFO  =-=-=-=-=-=-=- Loading command(s) -=-=-=-=-=-=-= 
09:27:11.433 INFO  c Loading event(s) -=-=-=-=-=-=-= 
09:28:36.587 INFO  =-=-=-=-=-=-=- Loading command(s) -=-=-=-=-=-=-= 
09:28:38.850 INFO  c Loading event(s) -=-=-=-=-=-=-= 
09:29:38.917 INFO  =-=-=-=-=-=-=- Loading command(s) -=-=-=-=-=-=-= 
09:29:41.539 INFO  c Loading event(s) -=-=-=-=-=-=-= 
09:38:34.291 INFO  =-=-=-=-=-=-=- Loading command(s) -=-=-=-=-=-=-= 
09:38:36.758 INFO  c Loading event(s) -=-=-=-=-=-=-= 
09:39:11.599 INFO  =-=-=-=-=-=-=- Loading command(s) -=-=-=-=-=-=-= 
09:39:13.642 INFO  c Loading event(s) -=-=-=-=-=-=-= 
09:39:41.990 ERROR Have an error: Supplied parameter is not a User nor a Role.. 
09:39:41.997 ERROR Have an error: Supplied parameter is not a User nor a Role.. 
09:39:57.665 ERROR Have an error: Supplied parameter is not a User nor a Role.. 
09:39:57.668 ERROR Have an error: Supplied parameter is not a User nor a Role.. 
09:41:12.949 INFO  =-=-=-=-=-=-=- Loading command(s) -=-=-=-=-=-=-= 
09:41:14.956 INFO  c Loading event(s) -=-=-=-=-=-=-= 
09:41:22.690 ERROR Have an error: Supplied parameter is not a User nor a Role.. 
09:41:22.696 ERROR Have an error: Supplied parameter is not a User nor a Role.. 
09:43:56.789 INFO  =-=-=-=-=-=-=- Loading command(s) -=-=-=-=-=-=-= 
09:43:59.698 INFO  c Loading event(s) -=-=-=-=-=-=-= 
09:44:06.130 ERROR Have an error: Supplied parameter is not a User nor a Role.. 
09:44:06.135 ERROR Have an error: Supplied parameter is not a User nor a Role.. 
09:45:12.473 INFO  =-=-=-=-=-=-=- Loading command(s) -=-=-=-=-=-=-= 
09:45:14.778 INFO  c Loading event(s) -=-=-=-=-=-=-= 
09:45:20.418 ERROR Have an error: Supplied parameter is not a User nor a Role.. 
09:46:18.222 INFO  =-=-=-=-=-=-=- Loading command(s) -=-=-=-=-=-=-= 
09:46:20.490 INFO  c Loading event(s) -=-=-=-=-=-=-= 
09:46:25.998 ERROR Have an error: Supplied parameter is not a User nor a Role.. 
09:47:44.232 INFO  =-=-=-=-=-=-=- Loading command(s) -=-=-=-=-=-=-= 
09:47:46.846 INFO  c Loading event(s) -=-=-=-=-=-=-= 
09:47:53.476 ERROR Have an error: Supplied parameter is not a User nor a Role.. 
09:48:34.748 INFO  =-=-=-=-=-=-=- Loading command(s) -=-=-=-=-=-=-= 
09:48:36.875 INFO  c Loading event(s) -=-=-=-=-=-=-= 
09:49:46.746 INFO  =-=-=-=-=-=-=- Loading command(s) -=-=-=-=-=-=-= 
09:49:49.105 INFO  c Loading event(s) -=-=-=-=-=-=-= 
09:55:16.872 INFO  =-=-=-=-=-=-=- Loading command(s) -=-=-=-=-=-=-= 
09:55:19.250 INFO  c Loading event(s) -=-=-=-=-=-=-= 
09:59:11.816 INFO  =-=-=-=-=-=-=- Loading command(s) -=-=-=-=-=-=-= 
09:59:14.592 INFO  c Loading event(s) -=-=-=-=-=-=-= 
13:56:07.379 INFO  =-=-=-=-=-=-=- Loading command(s) -=-=-=-=-=-=-= 
13:56:45.552 INFO  c Loading event(s) -=-=-=-=-=-=-= 
13:58:49.431 INFO  =-=-=-=-=-=-=- Loading command(s) -=-=-=-=-=-=-= 
13:59:01.276 INFO  c Loading event(s) -=-=-=-=-=-=-= 
13:59:47.226 INFO  =-=-=-=-=-=-=- Loading command(s) -=-=-=-=-=-=-= 
13:59:49.580 INFO  c Loading event(s) -=-=-=-=-=-=-= 
14:00:33.967 INFO  =-=-=-=-=-=-=- Loading command(s) -=-=-=-=-=-=-= 
14:00:36.554 INFO  c Loading event(s) -=-=-=-=-=-=-= 
14:03:28.710 ERROR Have an error: Unknown Message. 
14:16:23.479 INFO  =-=-=-=-=-=-=- Loading command(s) -=-=-=-=-=-=-= 
14:16:29.902 INFO  c Loading event(s) -=-=-=-=-=-=-= 
14:17:45.029 INFO  =-=-=-=-=-=-=- Loading command(s) -=-=-=-=-=-=-= 
14:17:47.395 INFO  c Loading event(s) -=-=-=-=-=-=-= 
14:19:33.536 INFO  =-=-=-=-=-=-=- Loading command(s) -=-=-=-=-=-=-= 
14:19:36.273 INFO  c Loading event(s) -=-=-=-=-=-=-= 
18:36:25.248 INFO  =-=-=-=-=-=-=- Loading command(s) -=-=-=-=-=-=-= 
18:36:58.775 INFO  c Loading event(s) -=-=-=-=-=-=-= 
18:38:29.292 INFO  =-=-=-=-=-=-=- Loading command(s) -=-=-=-=-=-=-= 
18:38:32.298 INFO  c Loading event(s) -=-=-=-=-=-=-= 
18:39:27.204 INFO  =-=-=-=-=-=-=- Loading command(s) -=-=-=-=-=-=-= 
18:39:29.635 INFO  c Loading event(s) -=-=-=-=-=-=-= 
18:43:22.553 INFO  =-=-=-=-=-=-=- Loading command(s) -=-=-=-=-=-=-= 
18:43:24.866 INFO  c Loading event(s) -=-=-=-=-=-=-= 
18:44:49.491 INFO  =-=-=-=-=-=-=- Loading command(s) -=-=-=-=-=-=-= 
18:44:51.786 INFO  c Loading event(s) -=-=-=-=-=-=-= 
18:45:24.006 INFO  =-=-=-=-=-=-=- Loading command(s) -=-=-=-=-=-=-= 
18:45:26.298 INFO  c Loading event(s) -=-=-=-=-=-=-= 
18:46:13.047 INFO  =-=-=-=-=-=-=- Loading command(s) -=-=-=-=-=-=-= 
18:46:15.197 INFO  c Loading event(s) -=-=-=-=-=-=-= 
18:47:10.593 INFO  =-=-=-=-=-=-=- Loading command(s) -=-=-=-=-=-=-= 
18:47:12.930 INFO  c Loading event(s) -=-=-=-=-=-=-= 
18:47:34.827 INFO  =-=-=-=-=-=-=- Loading command(s) -=-=-=-=-=-=-= 
18:47:37.311 INFO  c Loading event(s) -=-=-=-=-=-=-= 
18:49:21.576 INFO  =-=-=-=-=-=-=- Loading command(s) -=-=-=-=-=-=-= 
18:49:23.946 INFO  c Loading event(s) -=-=-=-=-=-=-= 
18:50:49.871 INFO  =-=-=-=-=-=-=- Loading command(s) -=-=-=-=-=-=-= 
18:50:52.226 INFO  c Loading event(s) -=-=-=-=-=-=-= 
18:51:26.597 INFO  =-=-=-=-=-=-=- Loading command(s) -=-=-=-=-=-=-= 
18:51:29.220 INFO  c Loading event(s) -=-=-=-=-=-=-= 
18:52:29.626 INFO  =-=-=-=-=-=-=- Loading command(s) -=-=-=-=-=-=-= 
18:52:31.823 INFO  c Loading event(s) -=-=-=-=-=-=-= 
18:53:47.014 INFO  =-=-=-=-=-=-=- Loading command(s) -=-=-=-=-=-=-= 
18:53:49.360 INFO  c Loading event(s) -=-=-=-=-=-=-= 
18:55:32.300 INFO  =-=-=-=-=-=-=- Loading command(s) -=-=-=-=-=-=-= 
18:55:34.749 INFO  c Loading event(s) -=-=-=-=-=-=-= 
18:56:23.990 ERROR Have an error: Target user is not connected to voice.. 
18:56:24.274 ERROR Have an error: Target user is not connected to voice.. 
18:56:24.551 ERROR Have an error: Target user is not connected to voice.. 
18:56:24.814 ERROR Have an error: Target user is not connected to voice.. 
18:56:25.118 ERROR Have an error: Target user is not connected to voice.. 
18:56:25.385 ERROR Have an error: Target user is not connected to voice.. 
19:03:55.141 INFO  =-=-=-=-=-=-=- Loading command(s) -=-=-=-=-=-=-= 
19:04:06.096 INFO  c Loading event(s) -=-=-=-=-=-=-= 
19:04:43.311 INFO  =-=-=-=-=-=-=- Loading command(s) -=-=-=-=-=-=-= 
19:04:45.793 INFO  c Loading event(s) -=-=-=-=-=-=-= 
19:05:14.544 INFO  =-=-=-=-=-=-=- Loading command(s) -=-=-=-=-=-=-= 
19:05:16.806 INFO  c Loading event(s) -=-=-=-=-=-=-= 
19:05:21.873 ERROR Have an error: Could not resolve channel to a guild voice channel.. 
19:05:22.907 ERROR Have an error: Could not resolve channel to a guild voice channel.. 
19:07:11.294 INFO  =-=-=-=-=-=-=- Loading command(s) -=-=-=-=-=-=-= 
19:07:13.813 INFO  c Loading event(s) -=-=-=-=-=-=-= 
19:07:31.173 ERROR Have an error: Could not resolve channel to a guild voice channel.. 
19:10:23.336 INFO  =-=-=-=-=-=-=- Loading command(s) -=-=-=-=-=-=-= 
19:10:25.684 INFO  c Loading event(s) -=-=-=-=-=-=-= 
19:11:09.083 INFO  =-=-=-=-=-=-=- Loading command(s) -=-=-=-=-=-=-= 
19:11:11.571 INFO  c Loading event(s) -=-=-=-=-=-=-= 
19:11:17.907 ERROR Have an error: Could not resolve channel to a guild voice channel.. 
19:13:50.298 INFO  =-=-=-=-=-=-=- Loading command(s) -=-=-=-=-=-=-= 
19:13:52.770 INFO  c Loading event(s) -=-=-=-=-=-=-= 
19:19:19.265 INFO  =-=-=-=-=-=-=- Loading command(s) -=-=-=-=-=-=-= 
19:19:22.169 INFO  c Loading event(s) -=-=-=-=-=-=-= 
19:19:58.455 INFO  =-=-=-=-=-=-=- Loading command(s) -=-=-=-=-=-=-= 
19:20:01.383 INFO  c Loading event(s) -=-=-=-=-=-=-= 
19:36:28.236 INFO  =-=-=-=-=-=-=- Loading command(s) -=-=-=-=-=-=-= 
19:36:34.244 INFO  c Loading event(s) -=-=-=-=-=-=-= 
19:39:41.306 INFO  =-=-=-=-=-=-=- Loading command(s) -=-=-=-=-=-=-= 
19:39:49.440 INFO  c Loading event(s) -=-=-=-=-=-=-= 
19:44:16.430 INFO  =-=-=-=-=-=-=- Loading command(s) -=-=-=-=-=-=-= 
19:44:18.776 INFO  c Loading event(s) -=-=-=-=-=-=-= 
19:44:52.099 INFO  =-=-=-=-=-=-=- Loading command(s) -=-=-=-=-=-=-= 
19:44:54.440 INFO  c Loading event(s) -=-=-=-=-=-=-= 
19:46:10.256 INFO  =-=-=-=-=-=-=- Loading command(s) -=-=-=-=-=-=-= 
19:46:12.989 INFO  c Loading event(s) -=-=-=-=-=-=-= 
19:53:06.438 INFO  =-=-=-=-=-=-=- Loading command(s) -=-=-=-=-=-=-= 
19:53:09.050 INFO  c Loading event(s) -=-=-=-=-=-=-= 
19:54:08.386 INFO  =-=-=-=-=-=-=- Loading command(s) -=-=-=-=-=-=-= 
19:54:12.365 INFO  c Loading event(s) -=-=-=-=-=-=-= 
19:54:41.697 INFO  =-=-=-=-=-=-=- Loading command(s) -=-=-=-=-=-=-= 
19:54:44.366 INFO  c Loading event(s) -=-=-=-=-=-=-= 
19:55:53.218 INFO  =-=-=-=-=-=-=- Loading command(s) -=-=-=-=-=-=-= 
19:55:56.012 INFO  c Loading event(s) -=-=-=-=-=-=-= 
19:55:58.834 INFO  =-=-=-=-=-=-=- Loading command(s) -=-=-=-=-=-=-= 
19:56:01.395 INFO  c Loading event(s) -=-=-=-=-=-=-= 
19:56:09.168 ERROR Have an error: Cannot read properties of null (reading 'delete'). 
19:56:44.786 INFO  =-=-=-=-=-=-=- Loading command(s) -=-=-=-=-=-=-= 
19:56:46.956 INFO  c Loading event(s) -=-=-=-=-=-=-= 
19:56:57.126 ERROR Have an error: Cannot read properties of null (reading 'deletable'). 
20:00:28.460 ERROR Have an error: Cannot read properties of null (reading 'deletable'). 
20:00:40.166 INFO  =-=-=-=-=-=-=- Loading command(s) -=-=-=-=-=-=-= 
20:00:42.682 INFO  c Loading event(s) -=-=-=-=-=-=-= 
20:10:07.424 INFO  =-=-=-=-=-=-=- Loading command(s) -=-=-=-=-=-=-= 
20:10:09.717 INFO  c Loading event(s) -=-=-=-=-=-=-= 
