07:30:31.378 INFO  =-=-=-=-=-=-=- Loading command(s) -=-=-=-=-=-=-= 
07:31:25.523 INFO  =-=-=-=-=-=-=- Loading event(s) -=-=-=-=-=-=-= 
07:33:29.984 INFO  =-=-=-=-=-=-=- Loading command(s) -=-=-=-=-=-=-= 
07:33:33.589 INFO  =-=-=-=-=-=-=- Loading event(s) -=-=-=-=-=-=-= 
07:33:42.461 INFO  =-=-=-=-=-=-=- Loading command(s) -=-=-=-=-=-=-= 
07:33:46.056 INFO  =-=-=-=-=-=-=- Loading event(s) -=-=-=-=-=-=-= 
07:34:13.235 INFO  =-=-=-=-=-=-=- Loading command(s) -=-=-=-=-=-=-= 
07:34:15.749 INFO  =-=-=-=-=-=-=- Loading event(s) -=-=-=-=-=-=-= 
09:51:01.255 INFO  =-=-=-=-=-=-=- Loading command(s) -=-=-=-=-=-=-= 
09:51:24.766 INFO  =-=-=-=-=-=-=- Loading event(s) -=-=-=-=-=-=-= 
09:51:28.657 INFO  =-=-=-=-=-=-=- Loading command(s) -=-=-=-=-=-=-= 
09:51:34.947 INFO  =-=-=-=-=-=-=- Loading event(s) -=-=-=-=-=-=-= 
09:51:37.252 INFO  =-=-=-=-=-=-=- Loading command(s) -=-=-=-=-=-=-= 
09:51:41.007 INFO  =-=-=-=-=-=-=- Loading event(s) -=-=-=-=-=-=-= 
09:51:43.039 INFO  =-=-=-=-=-=-=- Loading command(s) -=-=-=-=-=-=-= 
09:51:47.411 INFO  =-=-=-=-=-=-=- Loading event(s) -=-=-=-=-=-=-= 
09:51:49.997 INFO  =-=-=-=-=-=-=- Loading command(s) -=-=-=-=-=-=-= 
09:51:53.586 INFO  =-=-=-=-=-=-=- Loading event(s) -=-=-=-=-=-=-= 
09:51:56.536 INFO  =-=-=-=-=-=-=- Loading command(s) -=-=-=-=-=-=-= 
09:52:00.175 INFO  =-=-=-=-=-=-=- Loading event(s) -=-=-=-=-=-=-= 
09:52:02.647 INFO  =-=-=-=-=-=-=- Loading command(s) -=-=-=-=-=-=-= 
09:52:06.006 INFO  =-=-=-=-=-=-=- Loading event(s) -=-=-=-=-=-=-= 
09:52:08.342 INFO  =-=-=-=-=-=-=- Loading command(s) -=-=-=-=-=-=-= 
09:52:11.426 INFO  =-=-=-=-=-=-=- Loading event(s) -=-=-=-=-=-=-= 
09:52:14.035 INFO  =-=-=-=-=-=-=- Loading command(s) -=-=-=-=-=-=-= 
09:52:16.598 INFO  =-=-=-=-=-=-=- Loading event(s) -=-=-=-=-=-=-= 
09:52:19.221 INFO  =-=-=-=-=-=-=- Loading command(s) -=-=-=-=-=-=-= 
09:52:21.631 INFO  =-=-=-=-=-=-=- Loading event(s) -=-=-=-=-=-=-= 
09:52:29.289 INFO  =-=-=-=-=-=-=- Loading command(s) -=-=-=-=-=-=-= 
09:52:32.234 INFO  =-=-=-=-=-=-=- Loading event(s) -=-=-=-=-=-=-= 
09:52:35.011 INFO  =-=-=-=-=-=-=- Loading command(s) -=-=-=-=-=-=-= 
09:52:38.683 INFO  =-=-=-=-=-=-=- Loading event(s) -=-=-=-=-=-=-= 
09:52:41.114 INFO  =-=-=-=-=-=-=- Loading command(s) -=-=-=-=-=-=-= 
09:52:44.828 INFO  =-=-=-=-=-=-=- Loading event(s) -=-=-=-=-=-=-= 
09:52:48.543 INFO  =-=-=-=-=-=-=- Loading command(s) -=-=-=-=-=-=-= 
09:52:52.358 INFO  =-=-=-=-=-=-=- Loading event(s) -=-=-=-=-=-=-= 
09:52:54.906 INFO  =-=-=-=-=-=-=- Loading command(s) -=-=-=-=-=-=-= 
09:52:58.560 INFO  =-=-=-=-=-=-=- Loading event(s) -=-=-=-=-=-=-= 
09:53:00.640 INFO  =-=-=-=-=-=-=- Loading command(s) -=-=-=-=-=-=-= 
09:53:03.591 INFO  =-=-=-=-=-=-=- Loading event(s) -=-=-=-=-=-=-= 
09:53:06.172 INFO  =-=-=-=-=-=-=- Loading command(s) -=-=-=-=-=-=-= 
09:53:08.742 INFO  =-=-=-=-=-=-=- Loading event(s) -=-=-=-=-=-=-= 
09:53:11.183 INFO  =-=-=-=-=-=-=- Loading command(s) -=-=-=-=-=-=-= 
09:53:14.759 INFO  =-=-=-=-=-=-=- Loading event(s) -=-=-=-=-=-=-= 
09:53:17.272 INFO  =-=-=-=-=-=-=- Loading command(s) -=-=-=-=-=-=-= 
09:53:20.937 INFO  =-=-=-=-=-=-=- Loading event(s) -=-=-=-=-=-=-= 
09:53:22.996 INFO  =-=-=-=-=-=-=- Loading command(s) -=-=-=-=-=-=-= 
09:53:27.125 INFO  =-=-=-=-=-=-=- Loading event(s) -=-=-=-=-=-=-= 
09:53:29.372 INFO  =-=-=-=-=-=-=- Loading command(s) -=-=-=-=-=-=-= 
09:53:32.181 INFO  =-=-=-=-=-=-=- Loading event(s) -=-=-=-=-=-=-= 
09:53:34.889 INFO  =-=-=-=-=-=-=- Loading command(s) -=-=-=-=-=-=-= 
09:53:38.714 INFO  =-=-=-=-=-=-=- Loading event(s) -=-=-=-=-=-=-= 
09:53:41.214 INFO  =-=-=-=-=-=-=- Loading command(s) -=-=-=-=-=-=-= 
09:53:44.916 INFO  =-=-=-=-=-=-=- Loading event(s) -=-=-=-=-=-=-= 
09:53:47.647 INFO  =-=-=-=-=-=-=- Loading command(s) -=-=-=-=-=-=-= 
09:53:50.762 INFO  =-=-=-=-=-=-=- Loading event(s) -=-=-=-=-=-=-= 
09:53:53.383 INFO  =-=-=-=-=-=-=- Loading command(s) -=-=-=-=-=-=-= 
09:53:56.389 INFO  =-=-=-=-=-=-=- Loading event(s) -=-=-=-=-=-=-= 
09:53:59.065 INFO  =-=-=-=-=-=-=- Loading command(s) -=-=-=-=-=-=-= 
09:54:02.410 INFO  =-=-=-=-=-=-=- Loading event(s) -=-=-=-=-=-=-= 
09:54:05.271 INFO  =-=-=-=-=-=-=- Loading command(s) -=-=-=-=-=-=-= 
09:54:08.179 INFO  =-=-=-=-=-=-=- Loading event(s) -=-=-=-=-=-=-= 
09:54:10.881 INFO  =-=-=-=-=-=-=- Loading command(s) -=-=-=-=-=-=-= 
09:54:13.596 INFO  =-=-=-=-=-=-=- Loading event(s) -=-=-=-=-=-=-= 
09:54:16.640 INFO  =-=-=-=-=-=-=- Loading command(s) -=-=-=-=-=-=-= 
09:54:19.692 INFO  =-=-=-=-=-=-=- Loading event(s) -=-=-=-=-=-=-= 
09:54:22.196 INFO  =-=-=-=-=-=-=- Loading command(s) -=-=-=-=-=-=-= 
09:54:29.197 INFO  =-=-=-=-=-=-=- Loading event(s) -=-=-=-=-=-=-= 
09:56:50.716 INFO  =-=-=-=-=-=-=- Loading command(s) -=-=-=-=-=-=-= 
09:56:52.914 INFO  =-=-=-=-=-=-=- Loading event(s) -=-=-=-=-=-=-= 
09:57:12.468 ERROR Đã có lỗi xảy ra: Cannot read properties of null (reading 'broadcastEval'). 
09:57:52.759 INFO  =-=-=-=-=-=-=- Loading command(s) -=-=-=-=-=-=-= 
09:57:55.332 INFO  =-=-=-=-=-=-=- Loading event(s) -=-=-=-=-=-=-= 
09:58:03.290 ERROR Đã có lỗi xảy ra: promise is not defined. 
09:58:25.402 INFO  =-=-=-=-=-=-=- Loading command(s) -=-=-=-=-=-=-= 
09:58:27.588 INFO  =-=-=-=-=-=-=- Loading event(s) -=-=-=-=-=-=-= 
09:58:36.852 ERROR Đã có lỗi xảy ra: Discord is not defined. 
09:59:14.897 INFO  =-=-=-=-=-=-=- Loading command(s) -=-=-=-=-=-=-= 
09:59:17.244 INFO  =-=-=-=-=-=-=- Loading event(s) -=-=-=-=-=-=-= 
09:59:24.957 ERROR Đã có lỗi xảy ra: final is not defined. 
09:59:39.940 INFO  =-=-=-=-=-=-=- Loading command(s) -=-=-=-=-=-=-= 
09:59:42.247 INFO  =-=-=-=-=-=-=- Loading event(s) -=-=-=-=-=-=-= 
10:05:24.117 INFO  =-=-=-=-=-=-=- Loading command(s) -=-=-=-=-=-=-= 
10:05:26.959 INFO  =-=-=-=-=-=-=- Loading event(s) -=-=-=-=-=-=-= 
10:13:55.467 INFO  =-=-=-=-=-=-=- Loading command(s) -=-=-=-=-=-=-= 
10:14:07.601 INFO  =-=-=-=-=-=-=- Loading event(s) -=-=-=-=-=-=-= 
10:22:43.297 INFO  =-=-=-=-=-=-=- Loading command(s) -=-=-=-=-=-=-= 
10:22:53.817 INFO  =-=-=-=-=-=-=- Loading event(s) -=-=-=-=-=-=-= 
10:22:56.748 INFO  =-=-=-=-=-=-=- Loading command(s) -=-=-=-=-=-=-= 
10:22:59.107 INFO  =-=-=-=-=-=-=- Loading event(s) -=-=-=-=-=-=-= 
10:23:03.366 INFO  =-=-=-=-=-=-=- Loading command(s) -=-=-=-=-=-=-= 
10:23:05.685 INFO  =-=-=-=-=-=-=- Loading event(s) -=-=-=-=-=-=-= 
10:23:10.716 INFO  =-=-=-=-=-=-=- Loading command(s) -=-=-=-=-=-=-= 
10:23:13.448 INFO  =-=-=-=-=-=-=- Loading event(s) -=-=-=-=-=-=-= 
10:23:12.857 INFO  =-=-=-=-=-=-=- Loading command(s) -=-=-=-=-=-=-= 
10:23:15.683 INFO  =-=-=-=-=-=-=- Loading event(s) -=-=-=-=-=-=-= 
10:23:21.930 INFO  =-=-=-=-=-=-=- Loading command(s) -=-=-=-=-=-=-= 
10:23:24.569 INFO  =-=-=-=-=-=-=- Loading event(s) -=-=-=-=-=-=-= 
10:23:28.969 INFO  =-=-=-=-=-=-=- Loading command(s) -=-=-=-=-=-=-= 
10:23:31.721 INFO  =-=-=-=-=-=-=- Loading event(s) -=-=-=-=-=-=-= 
10:23:51.042 INFO  =-=-=-=-=-=-=- Loading command(s) -=-=-=-=-=-=-= 
10:23:53.744 INFO  =-=-=-=-=-=-=- Loading event(s) -=-=-=-=-=-=-= 
10:23:57.851 INFO  =-=-=-=-=-=-=- Loading command(s) -=-=-=-=-=-=-= 
10:24:00.690 INFO  =-=-=-=-=-=-=- Loading event(s) -=-=-=-=-=-=-= 
10:24:25.712 INFO  =-=-=-=-=-=-=- Loading command(s) -=-=-=-=-=-=-= 
10:24:28.233 INFO  =-=-=-=-=-=-=- Loading event(s) -=-=-=-=-=-=-= 
10:24:32.079 INFO  =-=-=-=-=-=-=- Loading command(s) -=-=-=-=-=-=-= 
10:24:35.280 INFO  =-=-=-=-=-=-=- Loading event(s) -=-=-=-=-=-=-= 
10:24:40.841 INFO  =-=-=-=-=-=-=- Loading command(s) -=-=-=-=-=-=-= 
10:24:43.696 INFO  =-=-=-=-=-=-=- Loading event(s) -=-=-=-=-=-=-= 
10:24:48.024 INFO  =-=-=-=-=-=-=- Loading command(s) -=-=-=-=-=-=-= 
10:24:51.162 INFO  =-=-=-=-=-=-=- Loading event(s) -=-=-=-=-=-=-= 
10:24:55.155 INFO  =-=-=-=-=-=-=- Loading command(s) -=-=-=-=-=-=-= 
10:24:57.721 INFO  =-=-=-=-=-=-=- Loading event(s) -=-=-=-=-=-=-= 
10:25:01.933 INFO  =-=-=-=-=-=-=- Loading command(s) -=-=-=-=-=-=-= 
10:25:04.750 INFO  =-=-=-=-=-=-=- Loading event(s) -=-=-=-=-=-=-= 
10:25:08.616 INFO  =-=-=-=-=-=-=- Loading command(s) -=-=-=-=-=-=-= 
10:25:11.233 INFO  =-=-=-=-=-=-=- Loading event(s) -=-=-=-=-=-=-= 
10:25:15.579 INFO  =-=-=-=-=-=-=- Loading command(s) -=-=-=-=-=-=-= 
10:25:18.722 INFO  =-=-=-=-=-=-=- Loading event(s) -=-=-=-=-=-=-= 
10:25:22.717 INFO  =-=-=-=-=-=-=- Loading command(s) -=-=-=-=-=-=-= 
10:25:25.593 INFO  =-=-=-=-=-=-=- Loading event(s) -=-=-=-=-=-=-= 
10:25:29.433 INFO  =-=-=-=-=-=-=- Loading command(s) -=-=-=-=-=-=-= 
10:25:32.431 INFO  =-=-=-=-=-=-=- Loading event(s) -=-=-=-=-=-=-= 
10:25:36.350 INFO  =-=-=-=-=-=-=- Loading command(s) -=-=-=-=-=-=-= 
10:25:39.583 INFO  =-=-=-=-=-=-=- Loading event(s) -=-=-=-=-=-=-= 
10:25:43.451 INFO  =-=-=-=-=-=-=- Loading command(s) -=-=-=-=-=-=-= 
10:25:46.944 INFO  =-=-=-=-=-=-=- Loading event(s) -=-=-=-=-=-=-= 
10:25:52.936 INFO  =-=-=-=-=-=-=- Loading command(s) -=-=-=-=-=-=-= 
10:25:55.443 INFO  =-=-=-=-=-=-=- Loading event(s) -=-=-=-=-=-=-= 
10:25:59.556 INFO  =-=-=-=-=-=-=- Loading command(s) -=-=-=-=-=-=-= 
10:26:02.237 INFO  =-=-=-=-=-=-=- Loading event(s) -=-=-=-=-=-=-= 
10:26:05.928 INFO  =-=-=-=-=-=-=- Loading command(s) -=-=-=-=-=-=-= 
10:26:08.952 INFO  =-=-=-=-=-=-=- Loading event(s) -=-=-=-=-=-=-= 
10:26:16.273 INFO  =-=-=-=-=-=-=- Loading command(s) -=-=-=-=-=-=-= 
10:26:19.195 INFO  =-=-=-=-=-=-=- Loading event(s) -=-=-=-=-=-=-= 
10:26:23.849 INFO  =-=-=-=-=-=-=- Loading command(s) -=-=-=-=-=-=-= 
10:26:27.080 INFO  =-=-=-=-=-=-=- Loading event(s) -=-=-=-=-=-=-= 
10:26:30.932 INFO  =-=-=-=-=-=-=- Loading command(s) -=-=-=-=-=-=-= 
10:26:33.931 INFO  =-=-=-=-=-=-=- Loading event(s) -=-=-=-=-=-=-= 
10:26:37.967 INFO  =-=-=-=-=-=-=- Loading command(s) -=-=-=-=-=-=-= 
10:26:40.971 INFO  =-=-=-=-=-=-=- Loading event(s) -=-=-=-=-=-=-= 
10:26:44.944 INFO  =-=-=-=-=-=-=- Loading command(s) -=-=-=-=-=-=-= 
10:26:47.722 INFO  =-=-=-=-=-=-=- Loading event(s) -=-=-=-=-=-=-= 
10:26:52.833 INFO  =-=-=-=-=-=-=- Loading command(s) -=-=-=-=-=-=-= 
10:26:55.598 INFO  =-=-=-=-=-=-=- Loading event(s) -=-=-=-=-=-=-= 
10:26:59.283 INFO  =-=-=-=-=-=-=- Loading command(s) -=-=-=-=-=-=-= 
10:27:02.441 INFO  =-=-=-=-=-=-=- Loading event(s) -=-=-=-=-=-=-= 
10:27:06.205 INFO  =-=-=-=-=-=-=- Loading command(s) -=-=-=-=-=-=-= 
10:27:09.163 INFO  =-=-=-=-=-=-=- Loading event(s) -=-=-=-=-=-=-= 
10:27:12.805 INFO  =-=-=-=-=-=-=- Loading command(s) -=-=-=-=-=-=-= 
10:27:16.042 INFO  =-=-=-=-=-=-=- Loading event(s) -=-=-=-=-=-=-= 
10:27:19.749 INFO  =-=-=-=-=-=-=- Loading command(s) -=-=-=-=-=-=-= 
10:27:22.747 INFO  =-=-=-=-=-=-=- Loading event(s) -=-=-=-=-=-=-= 
10:27:26.481 INFO  =-=-=-=-=-=-=- Loading command(s) -=-=-=-=-=-=-= 
10:27:29.599 INFO  =-=-=-=-=-=-=- Loading event(s) -=-=-=-=-=-=-= 
10:27:33.317 INFO  =-=-=-=-=-=-=- Loading command(s) -=-=-=-=-=-=-= 
10:27:36.464 INFO  =-=-=-=-=-=-=- Loading event(s) -=-=-=-=-=-=-= 
10:27:40.378 INFO  =-=-=-=-=-=-=- Loading command(s) -=-=-=-=-=-=-= 
10:27:43.252 INFO  =-=-=-=-=-=-=- Loading event(s) -=-=-=-=-=-=-= 
10:27:46.951 INFO  =-=-=-=-=-=-=- Loading command(s) -=-=-=-=-=-=-= 
10:27:49.878 INFO  =-=-=-=-=-=-=- Loading event(s) -=-=-=-=-=-=-= 
10:27:53.494 INFO  =-=-=-=-=-=-=- Loading command(s) -=-=-=-=-=-=-= 
10:27:55.993 INFO  =-=-=-=-=-=-=- Loading event(s) -=-=-=-=-=-=-= 
10:27:59.711 INFO  =-=-=-=-=-=-=- Loading command(s) -=-=-=-=-=-=-= 
10:28:02.781 INFO  =-=-=-=-=-=-=- Loading event(s) -=-=-=-=-=-=-= 
10:28:06.344 INFO  =-=-=-=-=-=-=- Loading command(s) -=-=-=-=-=-=-= 
10:28:08.921 INFO  =-=-=-=-=-=-=- Loading event(s) -=-=-=-=-=-=-= 
10:28:12.624 INFO  =-=-=-=-=-=-=- Loading command(s) -=-=-=-=-=-=-= 
10:28:15.176 INFO  =-=-=-=-=-=-=- Loading event(s) -=-=-=-=-=-=-= 
10:28:19.261 INFO  =-=-=-=-=-=-=- Loading command(s) -=-=-=-=-=-=-= 
10:28:21.903 INFO  =-=-=-=-=-=-=- Loading event(s) -=-=-=-=-=-=-= 
10:28:26.451 INFO  =-=-=-=-=-=-=- Loading command(s) -=-=-=-=-=-=-= 
10:28:28.978 INFO  =-=-=-=-=-=-=- Loading event(s) -=-=-=-=-=-=-= 
10:28:31.993 INFO  =-=-=-=-=-=-=- Loading command(s) -=-=-=-=-=-=-= 
10:28:34.831 INFO  =-=-=-=-=-=-=- Loading event(s) -=-=-=-=-=-=-= 
10:29:08.483 INFO  =-=-=-=-=-=-=- Loading command(s) -=-=-=-=-=-=-= 
10:29:10.661 INFO  =-=-=-=-=-=-=- Loading event(s) -=-=-=-=-=-=-= 
10:29:13.998 INFO  =-=-=-=-=-=-=- Loading command(s) -=-=-=-=-=-=-= 
10:29:16.417 INFO  =-=-=-=-=-=-=- Loading event(s) -=-=-=-=-=-=-= 
10:29:19.514 INFO  =-=-=-=-=-=-=- Loading command(s) -=-=-=-=-=-=-= 
10:29:21.767 INFO  =-=-=-=-=-=-=- Loading event(s) -=-=-=-=-=-=-= 
10:29:25.029 INFO  =-=-=-=-=-=-=- Loading command(s) -=-=-=-=-=-=-= 
10:29:28.298 INFO  =-=-=-=-=-=-=- Loading event(s) -=-=-=-=-=-=-= 
10:29:26.002 INFO  =-=-=-=-=-=-=- Loading command(s) -=-=-=-=-=-=-= 
10:29:29.421 INFO  =-=-=-=-=-=-=- Loading event(s) -=-=-=-=-=-=-= 
10:29:42.267 INFO  =-=-=-=-=-=-=- Loading command(s) -=-=-=-=-=-=-= 
10:29:44.720 INFO  =-=-=-=-=-=-=- Loading event(s) -=-=-=-=-=-=-= 
10:29:48.268 INFO  =-=-=-=-=-=-=- Loading command(s) -=-=-=-=-=-=-= 
10:29:50.674 INFO  =-=-=-=-=-=-=- Loading event(s) -=-=-=-=-=-=-= 
10:29:54.205 INFO  =-=-=-=-=-=-=- Loading command(s) -=-=-=-=-=-=-= 
10:29:57.087 INFO  =-=-=-=-=-=-=- Loading event(s) -=-=-=-=-=-=-= 
10:30:00.689 INFO  =-=-=-=-=-=-=- Loading command(s) -=-=-=-=-=-=-= 
10:30:03.514 INFO  =-=-=-=-=-=-=- Loading event(s) -=-=-=-=-=-=-= 
10:30:07.385 INFO  =-=-=-=-=-=-=- Loading command(s) -=-=-=-=-=-=-= 
10:30:10.400 INFO  =-=-=-=-=-=-=- Loading event(s) -=-=-=-=-=-=-= 
10:30:14.117 INFO  =-=-=-=-=-=-=- Loading command(s) -=-=-=-=-=-=-= 
10:30:16.875 INFO  =-=-=-=-=-=-=- Loading event(s) -=-=-=-=-=-=-= 
10:30:20.813 INFO  =-=-=-=-=-=-=- Loading command(s) -=-=-=-=-=-=-= 
10:30:23.760 INFO  =-=-=-=-=-=-=- Loading event(s) -=-=-=-=-=-=-= 
10:30:27.801 INFO  =-=-=-=-=-=-=- Loading command(s) -=-=-=-=-=-=-= 
10:30:30.834 INFO  =-=-=-=-=-=-=- Loading event(s) -=-=-=-=-=-=-= 
10:30:34.571 INFO  =-=-=-=-=-=-=- Loading command(s) -=-=-=-=-=-=-= 
10:30:37.358 INFO  =-=-=-=-=-=-=- Loading event(s) -=-=-=-=-=-=-= 
10:30:41.160 INFO  =-=-=-=-=-=-=- Loading command(s) -=-=-=-=-=-=-= 
10:30:43.866 INFO  =-=-=-=-=-=-=- Loading event(s) -=-=-=-=-=-=-= 
10:30:47.477 INFO  =-=-=-=-=-=-=- Loading command(s) -=-=-=-=-=-=-= 
10:30:50.352 INFO  =-=-=-=-=-=-=- Loading event(s) -=-=-=-=-=-=-= 
10:30:53.962 INFO  =-=-=-=-=-=-=- Loading command(s) -=-=-=-=-=-=-= 
10:30:56.746 INFO  =-=-=-=-=-=-=- Loading event(s) -=-=-=-=-=-=-= 
10:31:00.421 INFO  =-=-=-=-=-=-=- Loading command(s) -=-=-=-=-=-=-= 
10:31:02.805 INFO  =-=-=-=-=-=-=- Loading event(s) -=-=-=-=-=-=-= 
10:31:06.514 INFO  =-=-=-=-=-=-=- Loading command(s) -=-=-=-=-=-=-= 
10:31:09.356 INFO  =-=-=-=-=-=-=- Loading event(s) -=-=-=-=-=-=-= 
10:31:13.070 INFO  =-=-=-=-=-=-=- Loading command(s) -=-=-=-=-=-=-= 
10:31:15.459 INFO  =-=-=-=-=-=-=- Loading event(s) -=-=-=-=-=-=-= 
10:31:19.120 INFO  =-=-=-=-=-=-=- Loading command(s) -=-=-=-=-=-=-= 
10:31:21.385 INFO  =-=-=-=-=-=-=- Loading event(s) -=-=-=-=-=-=-= 
10:31:24.972 INFO  =-=-=-=-=-=-=- Loading command(s) -=-=-=-=-=-=-= 
10:31:27.439 INFO  =-=-=-=-=-=-=- Loading event(s) -=-=-=-=-=-=-= 
10:31:31.149 INFO  =-=-=-=-=-=-=- Loading command(s) -=-=-=-=-=-=-= 
10:31:33.852 INFO  =-=-=-=-=-=-=- Loading event(s) -=-=-=-=-=-=-= 
10:31:37.458 INFO  =-=-=-=-=-=-=- Loading command(s) -=-=-=-=-=-=-= 
10:31:40.035 INFO  =-=-=-=-=-=-=- Loading event(s) -=-=-=-=-=-=-= 
10:31:44.453 INFO  =-=-=-=-=-=-=- Loading command(s) -=-=-=-=-=-=-= 
10:31:47.837 INFO  =-=-=-=-=-=-=- Loading event(s) -=-=-=-=-=-=-= 
10:31:51.941 INFO  =-=-=-=-=-=-=- Loading command(s) -=-=-=-=-=-=-= 
10:31:54.422 INFO  =-=-=-=-=-=-=- Loading event(s) -=-=-=-=-=-=-= 
10:31:58.123 INFO  =-=-=-=-=-=-=- Loading command(s) -=-=-=-=-=-=-= 
10:32:00.483 INFO  =-=-=-=-=-=-=- Loading event(s) -=-=-=-=-=-=-= 
10:32:04.200 INFO  =-=-=-=-=-=-=- Loading command(s) -=-=-=-=-=-=-= 
10:32:07.148 INFO  =-=-=-=-=-=-=- Loading event(s) -=-=-=-=-=-=-= 
10:32:11.598 INFO  =-=-=-=-=-=-=- Loading command(s) -=-=-=-=-=-=-= 
10:32:14.509 INFO  =-=-=-=-=-=-=- Loading event(s) -=-=-=-=-=-=-= 
10:32:18.114 INFO  =-=-=-=-=-=-=- Loading command(s) -=-=-=-=-=-=-= 
10:32:20.684 INFO  =-=-=-=-=-=-=- Loading event(s) -=-=-=-=-=-=-= 
10:32:24.417 INFO  =-=-=-=-=-=-=- Loading command(s) -=-=-=-=-=-=-= 
10:32:27.116 INFO  =-=-=-=-=-=-=- Loading event(s) -=-=-=-=-=-=-= 
10:32:31.117 INFO  =-=-=-=-=-=-=- Loading command(s) -=-=-=-=-=-=-= 
10:32:33.870 INFO  =-=-=-=-=-=-=- Loading event(s) -=-=-=-=-=-=-= 
10:32:37.804 INFO  =-=-=-=-=-=-=- Loading command(s) -=-=-=-=-=-=-= 
10:32:40.894 INFO  =-=-=-=-=-=-=- Loading event(s) -=-=-=-=-=-=-= 
10:32:44.603 INFO  =-=-=-=-=-=-=- Loading command(s) -=-=-=-=-=-=-= 
10:32:47.072 INFO  =-=-=-=-=-=-=- Loading event(s) -=-=-=-=-=-=-= 
10:32:51.349 INFO  =-=-=-=-=-=-=- Loading command(s) -=-=-=-=-=-=-= 
10:32:54.401 INFO  =-=-=-=-=-=-=- Loading event(s) -=-=-=-=-=-=-= 
10:32:58.258 INFO  =-=-=-=-=-=-=- Loading command(s) -=-=-=-=-=-=-= 
10:33:01.246 INFO  =-=-=-=-=-=-=- Loading event(s) -=-=-=-=-=-=-= 
10:33:05.030 INFO  =-=-=-=-=-=-=- Loading command(s) -=-=-=-=-=-=-= 
10:33:08.049 INFO  =-=-=-=-=-=-=- Loading event(s) -=-=-=-=-=-=-= 
10:33:11.590 INFO  =-=-=-=-=-=-=- Loading command(s) -=-=-=-=-=-=-= 
10:33:14.471 INFO  =-=-=-=-=-=-=- Loading event(s) -=-=-=-=-=-=-= 
10:33:18.299 INFO  =-=-=-=-=-=-=- Loading command(s) -=-=-=-=-=-=-= 
10:33:21.396 INFO  =-=-=-=-=-=-=- Loading event(s) -=-=-=-=-=-=-= 
10:33:25.198 INFO  =-=-=-=-=-=-=- Loading command(s) -=-=-=-=-=-=-= 
10:33:28.205 INFO  =-=-=-=-=-=-=- Loading event(s) -=-=-=-=-=-=-= 
10:33:31.927 INFO  =-=-=-=-=-=-=- Loading command(s) -=-=-=-=-=-=-= 
10:33:34.105 INFO  =-=-=-=-=-=-=- Loading event(s) -=-=-=-=-=-=-= 
10:33:37.801 INFO  =-=-=-=-=-=-=- Loading command(s) -=-=-=-=-=-=-= 
10:33:40.000 INFO  =-=-=-=-=-=-=- Loading event(s) -=-=-=-=-=-=-= 
10:33:43.659 INFO  =-=-=-=-=-=-=- Loading command(s) -=-=-=-=-=-=-= 
10:33:46.027 INFO  =-=-=-=-=-=-=- Loading event(s) -=-=-=-=-=-=-= 
10:33:49.601 INFO  =-=-=-=-=-=-=- Loading command(s) -=-=-=-=-=-=-= 
10:33:52.745 INFO  =-=-=-=-=-=-=- Loading event(s) -=-=-=-=-=-=-= 
10:33:56.495 INFO  =-=-=-=-=-=-=- Loading command(s) -=-=-=-=-=-=-= 
10:33:59.514 INFO  =-=-=-=-=-=-=- Loading event(s) -=-=-=-=-=-=-= 
10:34:03.383 INFO  =-=-=-=-=-=-=- Loading command(s) -=-=-=-=-=-=-= 
10:34:06.393 INFO  =-=-=-=-=-=-=- Loading event(s) -=-=-=-=-=-=-= 
10:34:10.078 INFO  =-=-=-=-=-=-=- Loading command(s) -=-=-=-=-=-=-= 
10:34:12.505 INFO  =-=-=-=-=-=-=- Loading event(s) -=-=-=-=-=-=-= 
10:34:16.192 INFO  =-=-=-=-=-=-=- Loading command(s) -=-=-=-=-=-=-= 
10:34:19.101 INFO  =-=-=-=-=-=-=- Loading event(s) -=-=-=-=-=-=-= 
10:34:22.710 INFO  =-=-=-=-=-=-=- Loading command(s) -=-=-=-=-=-=-= 
10:34:24.887 INFO  =-=-=-=-=-=-=- Loading event(s) -=-=-=-=-=-=-= 
10:34:28.409 INFO  =-=-=-=-=-=-=- Loading command(s) -=-=-=-=-=-=-= 
10:34:30.911 INFO  =-=-=-=-=-=-=- Loading event(s) -=-=-=-=-=-=-= 
10:34:34.647 INFO  =-=-=-=-=-=-=- Loading command(s) -=-=-=-=-=-=-= 
10:34:37.767 INFO  =-=-=-=-=-=-=- Loading event(s) -=-=-=-=-=-=-= 
10:34:41.400 INFO  =-=-=-=-=-=-=- Loading command(s) -=-=-=-=-=-=-= 
10:34:43.916 INFO  =-=-=-=-=-=-=- Loading event(s) -=-=-=-=-=-=-= 
10:34:47.619 INFO  =-=-=-=-=-=-=- Loading command(s) -=-=-=-=-=-=-= 
10:34:50.427 INFO  =-=-=-=-=-=-=- Loading event(s) -=-=-=-=-=-=-= 
10:34:54.129 INFO  =-=-=-=-=-=-=- Loading command(s) -=-=-=-=-=-=-= 
10:34:57.378 INFO  =-=-=-=-=-=-=- Loading event(s) -=-=-=-=-=-=-= 
10:35:01.208 INFO  =-=-=-=-=-=-=- Loading command(s) -=-=-=-=-=-=-= 
10:35:04.330 INFO  =-=-=-=-=-=-=- Loading event(s) -=-=-=-=-=-=-= 
10:35:08.231 INFO  =-=-=-=-=-=-=- Loading command(s) -=-=-=-=-=-=-= 
10:35:11.180 INFO  =-=-=-=-=-=-=- Loading event(s) -=-=-=-=-=-=-= 
10:35:15.017 INFO  =-=-=-=-=-=-=- Loading command(s) -=-=-=-=-=-=-= 
10:35:18.389 INFO  =-=-=-=-=-=-=- Loading event(s) -=-=-=-=-=-=-= 
10:35:23.427 INFO  =-=-=-=-=-=-=- Loading command(s) -=-=-=-=-=-=-= 
10:35:26.410 INFO  =-=-=-=-=-=-=- Loading event(s) -=-=-=-=-=-=-= 
10:35:30.112 INFO  =-=-=-=-=-=-=- Loading command(s) -=-=-=-=-=-=-= 
10:35:33.332 INFO  =-=-=-=-=-=-=- Loading event(s) -=-=-=-=-=-=-= 
10:35:37.226 INFO  =-=-=-=-=-=-=- Loading command(s) -=-=-=-=-=-=-= 
10:35:40.321 INFO  =-=-=-=-=-=-=- Loading event(s) -=-=-=-=-=-=-= 
10:35:43.960 INFO  =-=-=-=-=-=-=- Loading command(s) -=-=-=-=-=-=-= 
10:35:46.750 INFO  =-=-=-=-=-=-=- Loading event(s) -=-=-=-=-=-=-= 
10:35:50.421 INFO  =-=-=-=-=-=-=- Loading command(s) -=-=-=-=-=-=-= 
10:35:52.904 INFO  =-=-=-=-=-=-=- Loading event(s) -=-=-=-=-=-=-= 
10:35:56.807 INFO  =-=-=-=-=-=-=- Loading command(s) -=-=-=-=-=-=-= 
10:35:59.774 INFO  =-=-=-=-=-=-=- Loading event(s) -=-=-=-=-=-=-= 
10:36:03.590 INFO  =-=-=-=-=-=-=- Loading command(s) -=-=-=-=-=-=-= 
10:36:07.134 INFO  =-=-=-=-=-=-=- Loading event(s) -=-=-=-=-=-=-= 
10:36:10.803 INFO  =-=-=-=-=-=-=- Loading command(s) -=-=-=-=-=-=-= 
10:36:13.594 INFO  =-=-=-=-=-=-=- Loading event(s) -=-=-=-=-=-=-= 
10:36:17.333 INFO  =-=-=-=-=-=-=- Loading command(s) -=-=-=-=-=-=-= 
10:36:20.673 INFO  =-=-=-=-=-=-=- Loading event(s) -=-=-=-=-=-=-= 
10:36:24.333 INFO  =-=-=-=-=-=-=- Loading command(s) -=-=-=-=-=-=-= 
10:36:27.156 INFO  =-=-=-=-=-=-=- Loading event(s) -=-=-=-=-=-=-= 
10:36:30.708 INFO  =-=-=-=-=-=-=- Loading command(s) -=-=-=-=-=-=-= 
10:36:33.084 INFO  =-=-=-=-=-=-=- Loading event(s) -=-=-=-=-=-=-= 
10:36:36.778 INFO  =-=-=-=-=-=-=- Loading command(s) -=-=-=-=-=-=-= 
10:36:39.421 INFO  =-=-=-=-=-=-=- Loading event(s) -=-=-=-=-=-=-= 
10:36:43.126 INFO  =-=-=-=-=-=-=- Loading command(s) -=-=-=-=-=-=-= 
10:36:45.860 INFO  =-=-=-=-=-=-=- Loading event(s) -=-=-=-=-=-=-= 
10:36:49.669 INFO  =-=-=-=-=-=-=- Loading command(s) -=-=-=-=-=-=-= 
10:36:52.712 INFO  =-=-=-=-=-=-=- Loading event(s) -=-=-=-=-=-=-= 
10:36:56.375 INFO  =-=-=-=-=-=-=- Loading command(s) -=-=-=-=-=-=-= 
10:36:59.046 INFO  =-=-=-=-=-=-=- Loading event(s) -=-=-=-=-=-=-= 
10:37:02.685 INFO  =-=-=-=-=-=-=- Loading command(s) -=-=-=-=-=-=-= 
10:37:05.125 INFO  =-=-=-=-=-=-=- Loading event(s) -=-=-=-=-=-=-= 
10:37:08.743 INFO  =-=-=-=-=-=-=- Loading command(s) -=-=-=-=-=-=-= 
10:37:11.424 INFO  =-=-=-=-=-=-=- Loading event(s) -=-=-=-=-=-=-= 
10:37:15.025 INFO  =-=-=-=-=-=-=- Loading command(s) -=-=-=-=-=-=-= 
10:37:17.321 INFO  =-=-=-=-=-=-=- Loading event(s) -=-=-=-=-=-=-= 
10:37:20.935 INFO  =-=-=-=-=-=-=- Loading command(s) -=-=-=-=-=-=-= 
10:37:23.282 INFO  =-=-=-=-=-=-=- Loading event(s) -=-=-=-=-=-=-= 
10:37:26.949 INFO  =-=-=-=-=-=-=- Loading command(s) -=-=-=-=-=-=-= 
10:37:29.655 INFO  =-=-=-=-=-=-=- Loading event(s) -=-=-=-=-=-=-= 
10:37:33.179 INFO  =-=-=-=-=-=-=- Loading command(s) -=-=-=-=-=-=-= 
10:37:35.432 INFO  =-=-=-=-=-=-=- Loading event(s) -=-=-=-=-=-=-= 
10:37:39.066 INFO  =-=-=-=-=-=-=- Loading command(s) -=-=-=-=-=-=-= 
10:37:41.375 INFO  =-=-=-=-=-=-=- Loading event(s) -=-=-=-=-=-=-= 
10:37:44.951 INFO  =-=-=-=-=-=-=- Loading command(s) -=-=-=-=-=-=-= 
10:37:47.364 INFO  =-=-=-=-=-=-=- Loading event(s) -=-=-=-=-=-=-= 
10:38:19.251 INFO  =-=-=-=-=-=-=- Loading command(s) -=-=-=-=-=-=-= 
10:38:21.666 INFO  =-=-=-=-=-=-=- Loading event(s) -=-=-=-=-=-=-= 
10:38:25.000 INFO  =-=-=-=-=-=-=- Loading command(s) -=-=-=-=-=-=-= 
10:38:28.274 INFO  =-=-=-=-=-=-=- Loading event(s) -=-=-=-=-=-=-= 
10:38:30.605 INFO  =-=-=-=-=-=-=- Loading command(s) -=-=-=-=-=-=-= 
10:38:33.622 INFO  =-=-=-=-=-=-=- Loading event(s) -=-=-=-=-=-=-= 
10:38:36.144 INFO  =-=-=-=-=-=-=- Loading command(s) -=-=-=-=-=-=-= 
10:38:38.670 INFO  =-=-=-=-=-=-=- Loading event(s) -=-=-=-=-=-=-= 
11:21:16.287 INFO  =-=-=-=-=-=-=- Loading command(s) -=-=-=-=-=-=-= 
11:21:36.510 INFO  =-=-=-=-=-=-=- Loading event(s) -=-=-=-=-=-=-= 
11:21:58.409 ERROR Đã có lỗi xảy ra: MessageEmbed description must be a string.. 
11:25:11.296 INFO  =-=-=-=-=-=-=- Loading command(s) -=-=-=-=-=-=-= 
11:25:13.892 INFO  =-=-=-=-=-=-=- Loading event(s) -=-=-=-=-=-=-= 
11:27:57.733 INFO  =-=-=-=-=-=-=- Loading command(s) -=-=-=-=-=-=-= 
11:28:00.102 INFO  =-=-=-=-=-=-=- Loading event(s) -=-=-=-=-=-=-= 
11:28:03.293 INFO  =-=-=-=-=-=-=- Loading command(s) -=-=-=-=-=-=-= 
11:28:05.915 INFO  =-=-=-=-=-=-=- Loading event(s) -=-=-=-=-=-=-= 
11:28:08.619 ERROR Đã có lỗi xảy ra: Cannot read properties of null (reading 'id'). 
11:28:08.864 INFO  =-=-=-=-=-=-=- Loading command(s) -=-=-=-=-=-=-= 
11:28:29.333 INFO  =-=-=-=-=-=-=- Loading event(s) -=-=-=-=-=-=-= 
11:28:30.916 INFO  =-=-=-=-=-=-=- Loading command(s) -=-=-=-=-=-=-= 
11:28:34.412 INFO  =-=-=-=-=-=-=- Loading event(s) -=-=-=-=-=-=-= 
11:28:44.322 ERROR Đã có lỗi xảy ra: Cannot read properties of null (reading 'id'). 
13:03:32.176 INFO  =-=-=-=-=-=-=- Loading command(s) -=-=-=-=-=-=-= 
13:03:52.104 INFO  =-=-=-=-=-=-=- Loading event(s) -=-=-=-=-=-=-= 
13:06:13.445 ERROR Đã có lỗi xảy ra: Unknown Message. 
21:54:34.158 INFO  =-=-=-=-=-=-=- Loading command(s) -=-=-=-=-=-=-= 
21:54:55.104 INFO  =-=-=-=-=-=-=- Loading event(s) -=-=-=-=-=-=-= 
21:59:47.312 INFO  =-=-=-=-=-=-=- Loading command(s) -=-=-=-=-=-=-= 
21:59:52.696 INFO  =-=-=-=-=-=-=- Loading event(s) -=-=-=-=-=-=-= 
22:01:56.365 INFO  =-=-=-=-=-=-=- Loading command(s) -=-=-=-=-=-=-= 
22:01:58.927 INFO  =-=-=-=-=-=-=- Loading event(s) -=-=-=-=-=-=-= 
22:03:22.544 INFO  =-=-=-=-=-=-=- Loading command(s) -=-=-=-=-=-=-= 
22:03:26.195 INFO  =-=-=-=-=-=-=- Loading event(s) -=-=-=-=-=-=-= 
22:07:11.184 INFO  =-=-=-=-=-=-=- Loading command(s) -=-=-=-=-=-=-= 
22:07:13.595 INFO  =-=-=-=-=-=-=- Loading event(s) -=-=-=-=-=-=-= 
22:09:53.354 INFO  =-=-=-=-=-=-=- Loading command(s) -=-=-=-=-=-=-= 
22:10:06.723 INFO  =-=-=-=-=-=-=- Loading event(s) -=-=-=-=-=-=-= 
22:10:07.031 INFO  =-=-=-=-=-=-=- Loading command(s) -=-=-=-=-=-=-= 
22:17:05.131 INFO  =-=-=-=-=-=-=- Loading command(s) -=-=-=-=-=-=-= 
22:17:07.560 INFO  =-=-=-=-=-=-=- Loading event(s) -=-=-=-=-=-=-= 
22:17:28.266 INFO  =-=-=-=-=-=-=- Loading command(s) -=-=-=-=-=-=-= 
22:17:30.681 INFO  =-=-=-=-=-=-=- Loading event(s) -=-=-=-=-=-=-= 
23:02:22.251 INFO  =-=-=-=-=-=-=- Loading command(s) -=-=-=-=-=-=-= 
23:02:39.807 INFO  =-=-=-=-=-=-=- Loading event(s) -=-=-=-=-=-=-= 
23:03:00.281 ERROR Đã có lỗi xảy ra: dmGuild is not defined. 
23:03:26.329 INFO  =-=-=-=-=-=-=- Loading command(s) -=-=-=-=-=-=-= 
23:03:30.230 INFO  =-=-=-=-=-=-=- Loading event(s) -=-=-=-=-=-=-= 
23:03:36.483 ERROR Đã có lỗi xảy ra: dmGuild is not defined. 
23:06:33.333 INFO  =-=-=-=-=-=-=- Loading command(s) -=-=-=-=-=-=-= 
23:06:36.038 INFO  =-=-=-=-=-=-=- Loading event(s) -=-=-=-=-=-=-= 
23:06:41.297 ERROR Đã có lỗi xảy ra: Permissions is not defined. 
23:07:08.771 INFO  =-=-=-=-=-=-=- Loading command(s) -=-=-=-=-=-=-= 
23:07:11.227 INFO  =-=-=-=-=-=-=- Loading event(s) -=-=-=-=-=-=-= 
23:07:18.093 ERROR Đã có lỗi xảy ra: dmGuild.members.array is not a function. 
23:07:47.498 INFO  =-=-=-=-=-=-=- Loading command(s) -=-=-=-=-=-=-= 
23:07:50.098 INFO  =-=-=-=-=-=-=- Loading event(s) -=-=-=-=-=-=-= 
23:08:00.053 ERROR Đã có lỗi xảy ra: botcount is not defined. 
23:08:54.542 INFO  =-=-=-=-=-=-=- Loading command(s) -=-=-=-=-=-=-= 
23:08:57.185 INFO  =-=-=-=-=-=-=- Loading event(s) -=-=-=-=-=-=-= 
23:09:08.161 INFO  =-=-=-=-=-=-=- Loading command(s) -=-=-=-=-=-=-= 
23:09:11.123 INFO  =-=-=-=-=-=-=- Loading event(s) -=-=-=-=-=-=-= 
23:09:21.847 ERROR Đã có lỗi xảy ra: messages is not defined. 
23:09:56.217 ERROR Đã có lỗi xảy ra: messages is not defined. 
23:10:01.848 ERROR Đã có lỗi xảy ra: messages is not defined. 
23:10:32.204 ERROR Đã có lỗi xảy ra: messages is not defined. 
