08:45:20.326 INFO  =-=-=-=-=-=-=- Loading command(s) -=-=-=-=-=-=-= 
08:45:37.579 INFO  =-=-=-=-=-=-=- Loading event(s) -=-=-=-=-=-=-= 
08:49:59.655 INFO  =-=-=-=-=-=-=- Loading command(s) -=-=-=-=-=-=-= 
08:50:03.581 INFO  =-=-=-=-=-=-=- Loading event(s) -=-=-=-=-=-=-= 
08:52:00.485 INFO  =-=-=-=-=-=-=- Loading command(s) -=-=-=-=-=-=-= 
08:52:03.149 INFO  =-=-=-=-=-=-=- Loading event(s) -=-=-=-=-=-=-= 
08:54:54.838 INFO  =-=-=-=-=-=-=- Loading command(s) -=-=-=-=-=-=-= 
08:54:57.203 INFO  =-=-=-=-=-=-=- Loading event(s) -=-=-=-=-=-=-= 
08:57:42.777 INFO  =-=-=-=-=-=-=- Loading command(s) -=-=-=-=-=-=-= 
08:57:45.055 INFO  =-=-=-=-=-=-=- Loading event(s) -=-=-=-=-=-=-= 
09:00:27.040 INFO  =-=-=-=-=-=-=- Loading command(s) -=-=-=-=-=-=-= 
09:00:30.443 INFO  =-=-=-=-=-=-=- Loading event(s) -=-=-=-=-=-=-= 
09:04:11.036 INFO  =-=-=-=-=-=-=- Loading command(s) -=-=-=-=-=-=-= 
09:04:13.393 INFO  =-=-=-=-=-=-=- Loading event(s) -=-=-=-=-=-=-= 
09:07:48.568 ERROR Đã có lỗi xảy ra: Unknown Channel. 
09:07:48.575 ERROR Đã có lỗi xảy ra: Unknown Channel. 
09:07:48.580 ERROR Đã có lỗi xảy ra: Unknown Channel. 
09:07:48.582 ERROR Đã có lỗi xảy ra: Unknown Channel. 
09:07:48.586 ERROR Đã có lỗi xảy ra: Unknown Channel. 
09:07:48.589 ERROR Đã có lỗi xảy ra: Unknown Channel. 
09:07:48.596 ERROR Đã có lỗi xảy ra: Unknown Channel. 
09:07:48.599 ERROR Đã có lỗi xảy ra: Unknown Channel. 
09:07:48.603 ERROR Đã có lỗi xảy ra: Unknown Channel. 
09:07:48.610 ERROR Đã có lỗi xảy ra: Unknown Channel. 
09:07:48.614 ERROR Đã có lỗi xảy ra: Unknown Channel. 
09:07:48.618 ERROR Đã có lỗi xảy ra: Unknown Channel. 
09:07:48.625 ERROR Đã có lỗi xảy ra: Unknown Channel. 
09:07:48.633 ERROR Đã có lỗi xảy ra: Unknown Channel. 
09:07:48.639 ERROR Đã có lỗi xảy ra: Unknown Channel. 
09:07:48.643 ERROR Đã có lỗi xảy ra: Unknown Channel. 
09:07:48.648 ERROR Đã có lỗi xảy ra: Unknown Channel. 
09:07:48.656 ERROR Đã có lỗi xảy ra: Unknown Channel. 
09:07:48.663 ERROR Đã có lỗi xảy ra: Unknown Channel. 
09:07:48.681 ERROR Đã có lỗi xảy ra: Unknown Channel. 
09:07:48.688 ERROR Đã có lỗi xảy ra: Unknown Channel. 
09:07:48.694 ERROR Đã có lỗi xảy ra: Unknown Channel. 
09:07:48.714 ERROR Đã có lỗi xảy ra: Unknown Channel. 
09:07:48.740 ERROR Đã có lỗi xảy ra: Unknown Channel. 
09:07:50.251 ERROR Đã có lỗi xảy ra: Unknown Channel. 
09:07:50.266 ERROR Đã có lỗi xảy ra: Unknown Channel. 
09:07:50.274 ERROR Đã có lỗi xảy ra: Unknown Channel. 
09:07:50.277 ERROR Đã có lỗi xảy ra: Unknown Channel. 
09:07:50.281 ERROR Đã có lỗi xảy ra: Unknown Channel. 
09:07:50.285 ERROR Đã có lỗi xảy ra: Unknown Channel. 
09:07:50.288 ERROR Đã có lỗi xảy ra: Unknown Channel. 
09:07:50.290 ERROR Đã có lỗi xảy ra: Unknown Channel. 
09:07:50.294 ERROR Đã có lỗi xảy ra: Unknown Channel. 
09:07:50.299 ERROR Đã có lỗi xảy ra: Unknown Channel. 
09:07:50.301 ERROR Đã có lỗi xảy ra: Unknown Channel. 
09:07:50.303 ERROR Đã có lỗi xảy ra: Unknown Channel. 
09:07:50.305 ERROR Đã có lỗi xảy ra: Unknown Channel. 
09:07:50.307 ERROR Đã có lỗi xảy ra: Unknown Channel. 
09:07:50.310 ERROR Đã có lỗi xảy ra: Unknown Channel. 
09:07:50.314 ERROR Đã có lỗi xảy ra: Unknown Channel. 
09:07:50.316 ERROR Đã có lỗi xảy ra: Unknown Channel. 
09:07:50.319 ERROR Đã có lỗi xảy ra: Unknown Channel. 
09:07:50.321 ERROR Đã có lỗi xảy ra: Unknown Channel. 
09:07:50.323 ERROR Đã có lỗi xảy ra: Unknown Channel. 
09:07:50.327 ERROR Đã có lỗi xảy ra: Unknown Channel. 
09:07:50.333 ERROR Đã có lỗi xảy ra: Unknown Channel. 
09:07:50.338 ERROR Đã có lỗi xảy ra: Unknown Channel. 
09:07:50.342 ERROR Đã có lỗi xảy ra: Unknown Channel. 
09:07:50.346 ERROR Đã có lỗi xảy ra: Unknown Channel. 
09:07:50.356 ERROR Đã có lỗi xảy ra: Unknown Channel. 
09:07:50.361 ERROR Đã có lỗi xảy ra: Unknown Channel. 
09:07:50.364 ERROR Đã có lỗi xảy ra: Unknown Channel. 
09:07:50.369 ERROR Đã có lỗi xảy ra: Unknown Channel. 
09:07:50.378 ERROR Đã có lỗi xảy ra: Unknown Channel. 
09:07:50.381 ERROR Đã có lỗi xảy ra: Unknown Channel. 
09:07:50.386 ERROR Đã có lỗi xảy ra: Unknown Channel. 
09:07:50.391 ERROR Đã có lỗi xảy ra: Unknown Channel. 
09:07:50.393 ERROR Đã có lỗi xảy ra: Unknown Channel. 
09:07:50.397 ERROR Đã có lỗi xảy ra: Unknown Channel. 
09:07:50.399 ERROR Đã có lỗi xảy ra: Unknown Channel. 
09:07:50.406 ERROR Đã có lỗi xảy ra: Unknown Channel. 
09:07:50.411 ERROR Đã có lỗi xảy ra: Unknown Channel. 
09:07:50.414 ERROR Đã có lỗi xảy ra: Unknown Channel. 
09:07:50.419 ERROR Đã có lỗi xảy ra: Unknown Channel. 
09:07:50.421 ERROR Đã có lỗi xảy ra: Unknown Channel. 
09:07:50.426 ERROR Đã có lỗi xảy ra: Unknown Channel. 
09:07:51.900 ERROR Đã có lỗi xảy ra: Unknown Channel. 
09:07:51.904 ERROR Đã có lỗi xảy ra: Unknown Channel. 
09:07:51.908 ERROR Đã có lỗi xảy ra: Unknown Channel. 
09:07:51.911 ERROR Đã có lỗi xảy ra: Unknown Channel. 
09:07:51.915 ERROR Đã có lỗi xảy ra: Unknown Channel. 
09:07:51.920 ERROR Đã có lỗi xảy ra: Unknown Channel. 
09:07:51.923 ERROR Đã có lỗi xảy ra: Unknown Channel. 
09:07:51.926 ERROR Đã có lỗi xảy ra: Unknown Channel. 
09:07:51.930 ERROR Đã có lỗi xảy ra: Unknown Channel. 
09:07:51.935 ERROR Đã có lỗi xảy ra: Unknown Channel. 
09:07:51.938 ERROR Đã có lỗi xảy ra: Unknown Channel. 
09:07:51.940 ERROR Đã có lỗi xảy ra: Unknown Channel. 
09:07:51.943 ERROR Đã có lỗi xảy ra: Unknown Channel. 
09:07:51.949 ERROR Đã có lỗi xảy ra: Unknown Channel. 
09:07:51.951 ERROR Đã có lỗi xảy ra: Unknown Channel. 
09:07:51.953 ERROR Đã có lỗi xảy ra: Unknown Channel. 
09:07:51.956 ERROR Đã có lỗi xảy ra: Unknown Channel. 
09:07:51.958 ERROR Đã có lỗi xảy ra: Unknown Channel. 
09:07:51.963 ERROR Đã có lỗi xảy ra: Unknown Channel. 
09:07:51.966 ERROR Đã có lỗi xảy ra: Unknown Channel. 
09:07:51.969 ERROR Đã có lỗi xảy ra: Unknown Channel. 
09:07:51.971 ERROR Đã có lỗi xảy ra: Unknown Channel. 
09:07:51.973 ERROR Đã có lỗi xảy ra: Unknown Channel. 
09:07:51.979 ERROR Đã có lỗi xảy ra: Unknown Channel. 
09:07:51.982 ERROR Đã có lỗi xảy ra: Unknown Channel. 
09:07:51.986 ERROR Đã có lỗi xảy ra: Unknown Channel. 
09:07:51.988 ERROR Đã có lỗi xảy ra: Unknown Channel. 
09:07:51.990 ERROR Đã có lỗi xảy ra: Unknown Channel. 
09:07:51.995 ERROR Đã có lỗi xảy ra: Unknown Channel. 
09:07:51.998 ERROR Đã có lỗi xảy ra: Unknown Channel. 
09:07:52.000 ERROR Đã có lỗi xảy ra: Unknown Channel. 
09:07:52.002 ERROR Đã có lỗi xảy ra: Unknown Channel. 
09:07:52.006 ERROR Đã có lỗi xảy ra: Unknown Channel. 
09:07:52.011 ERROR Đã có lỗi xảy ra: Unknown Channel. 
09:07:52.015 ERROR Đã có lỗi xảy ra: Unknown Channel. 
09:07:52.019 ERROR Đã có lỗi xảy ra: Unknown Channel. 
09:07:52.023 ERROR Đã có lỗi xảy ra: Unknown Channel. 
09:07:52.030 ERROR Đã có lỗi xảy ra: Unknown Channel. 
09:07:52.034 ERROR Đã có lỗi xảy ra: Unknown Channel. 
09:07:52.040 ERROR Đã có lỗi xảy ra: Unknown Channel. 
09:07:52.043 ERROR Đã có lỗi xảy ra: Unknown Channel. 
09:07:52.048 ERROR Đã có lỗi xảy ra: Unknown Channel. 
09:07:52.051 ERROR Đã có lỗi xảy ra: Unknown Channel. 
09:07:52.060 ERROR Đã có lỗi xảy ra: Unknown Channel. 
09:07:52.064 ERROR Đã có lỗi xảy ra: Unknown Channel. 
09:07:52.067 ERROR Đã có lỗi xảy ra: Unknown Channel. 
09:07:53.613 ERROR Đã có lỗi xảy ra: Unknown Channel. 
09:07:53.618 ERROR Đã có lỗi xảy ra: Unknown Channel. 
09:07:53.623 ERROR Đã có lỗi xảy ra: Unknown Channel. 
09:07:53.627 ERROR Đã có lỗi xảy ra: Unknown Channel. 
09:07:53.632 ERROR Đã có lỗi xảy ra: Unknown Channel. 
09:07:53.635 ERROR Đã có lỗi xảy ra: Unknown Channel. 
09:07:53.639 ERROR Đã có lỗi xảy ra: Unknown Channel. 
09:07:53.642 ERROR Đã có lỗi xảy ra: Unknown Channel. 
09:07:53.646 ERROR Đã có lỗi xảy ra: Unknown Channel. 
09:07:53.649 ERROR Đã có lỗi xảy ra: Unknown Channel. 
09:07:53.651 ERROR Đã có lỗi xảy ra: Unknown Channel. 
09:07:53.653 ERROR Đã có lỗi xảy ra: Unknown Channel. 
09:07:53.656 ERROR Đã có lỗi xảy ra: Unknown Channel. 
09:07:53.662 ERROR Đã có lỗi xảy ra: Unknown Channel. 
09:07:53.666 ERROR Đã có lỗi xảy ra: Unknown Channel. 
09:07:53.670 ERROR Đã có lỗi xảy ra: Unknown Channel. 
09:07:53.677 ERROR Đã có lỗi xảy ra: Unknown Channel. 
09:07:53.679 ERROR Đã có lỗi xảy ra: Unknown Channel. 
09:07:53.682 ERROR Đã có lỗi xảy ra: Unknown Channel. 
09:07:53.685 ERROR Đã có lỗi xảy ra: Unknown Channel. 
09:07:53.689 ERROR Đã có lỗi xảy ra: Unknown Channel. 
09:07:53.694 ERROR Đã có lỗi xảy ra: Unknown Channel. 
09:07:53.697 ERROR Đã có lỗi xảy ra: Unknown Channel. 
09:07:53.701 ERROR Đã có lỗi xảy ra: Unknown Channel. 
09:07:53.705 ERROR Đã có lỗi xảy ra: Unknown Channel. 
09:07:53.711 ERROR Đã có lỗi xảy ra: Unknown Channel. 
09:07:53.714 ERROR Đã có lỗi xảy ra: Unknown Channel. 
09:07:53.717 ERROR Đã có lỗi xảy ra: Unknown Channel. 
09:07:53.722 ERROR Đã có lỗi xảy ra: Unknown Channel. 
09:07:53.724 ERROR Đã có lỗi xảy ra: Unknown Channel. 
09:07:53.727 ERROR Đã có lỗi xảy ra: Unknown Channel. 
09:07:53.730 ERROR Đã có lỗi xảy ra: Unknown Channel. 
09:07:53.735 ERROR Đã có lỗi xảy ra: Unknown Channel. 
09:07:53.741 ERROR Đã có lỗi xảy ra: Unknown Channel. 
09:07:53.745 ERROR Đã có lỗi xảy ra: Unknown Channel. 
09:07:53.748 ERROR Đã có lỗi xảy ra: Unknown Channel. 
09:07:53.754 ERROR Đã có lỗi xảy ra: Unknown Channel. 
09:07:53.756 ERROR Đã có lỗi xảy ra: Unknown Channel. 
09:07:53.760 ERROR Đã có lỗi xảy ra: Unknown Channel. 
09:07:53.763 ERROR Đã có lỗi xảy ra: Unknown Channel. 
09:07:53.769 ERROR Đã có lỗi xảy ra: Unknown Channel. 
09:07:53.773 ERROR Đã có lỗi xảy ra: Unknown Channel. 
09:07:53.777 ERROR Đã có lỗi xảy ra: Unknown Channel. 
09:07:53.784 ERROR Đã có lỗi xảy ra: Unknown Channel. 
09:07:53.787 ERROR Đã có lỗi xảy ra: Unknown Channel. 
09:07:53.789 ERROR Đã có lỗi xảy ra: Unknown Channel. 
09:07:55.370 ERROR Đã có lỗi xảy ra: Unknown Channel. 
09:07:55.374 ERROR Đã có lỗi xảy ra: Unknown Channel. 
09:07:55.377 ERROR Đã có lỗi xảy ra: Unknown Channel. 
09:07:55.380 ERROR Đã có lỗi xảy ra: Unknown Channel. 
09:07:55.383 ERROR Đã có lỗi xảy ra: Unknown Channel. 
09:07:55.385 ERROR Đã có lỗi xảy ra: Unknown Channel. 
09:07:55.387 ERROR Đã có lỗi xảy ra: Unknown Channel. 
09:07:55.390 ERROR Đã có lỗi xảy ra: Unknown Channel. 
09:07:55.395 ERROR Đã có lỗi xảy ra: Unknown Channel. 
09:07:55.398 ERROR Đã có lỗi xảy ra: Unknown Channel. 
09:07:55.401 ERROR Đã có lỗi xảy ra: Unknown Channel. 
09:07:55.404 ERROR Đã có lỗi xảy ra: Unknown Channel. 
09:07:55.406 ERROR Đã có lỗi xảy ra: Unknown Channel. 
09:07:55.410 ERROR Đã có lỗi xảy ra: Unknown Channel. 
09:07:55.413 ERROR Đã có lỗi xảy ra: Unknown Channel. 
09:07:55.415 ERROR Đã có lỗi xảy ra: Unknown Channel. 
09:07:55.418 ERROR Đã có lỗi xảy ra: Unknown Channel. 
09:07:55.420 ERROR Đã có lỗi xảy ra: Unknown Channel. 
09:07:55.429 ERROR Đã có lỗi xảy ra: Unknown Channel. 
09:07:55.432 ERROR Đã có lỗi xảy ra: Unknown Channel. 
09:07:55.675 ERROR Đã có lỗi xảy ra: Unknown Channel. 
09:07:55.681 ERROR Đã có lỗi xảy ra: Unknown Channel. 
09:07:55.735 ERROR Đã có lỗi xảy ra: Unknown Channel. 
09:07:55.770 ERROR Đã có lỗi xảy ra: Unknown Channel. 
09:15:51.059 ERROR Đã có lỗi xảy ra: The operation was aborted. 
11:05:31.638 INFO  =-=-=-=-=-=-=- Loading command(s) -=-=-=-=-=-=-= 
11:05:34.811 INFO  =-=-=-=-=-=-=- Loading event(s) -=-=-=-=-=-=-= 
11:13:59.711 INFO  =-=-=-=-=-=-=- Loading command(s) -=-=-=-=-=-=-= 
11:14:01.913 INFO  =-=-=-=-=-=-=- Loading event(s) -=-=-=-=-=-=-= 
11:15:12.218 ERROR Đã có lỗi xảy ra: Cannot read properties of undefined (reading 'start'). 
11:15:49.781 INFO  =-=-=-=-=-=-=- Loading command(s) -=-=-=-=-=-=-= 
11:15:52.022 INFO  =-=-=-=-=-=-=- Loading event(s) -=-=-=-=-=-=-= 
11:17:10.660 ERROR Đã có lỗi xảy ra: Cannot read properties of undefined (reading 'start'). 
11:19:39.959 INFO  =-=-=-=-=-=-=- Loading command(s) -=-=-=-=-=-=-= 
11:19:42.245 INFO  =-=-=-=-=-=-=- Loading event(s) -=-=-=-=-=-=-= 
21:34:44.819 INFO  =-=-=-=-=-=-=- Loading command(s) -=-=-=-=-=-=-= 
21:34:58.084 INFO  =-=-=-=-=-=-=- Loading event(s) -=-=-=-=-=-=-= 
