00:46:54.747 INFO  =-=-=-=-=-=-=- Loading command(s) -=-=-=-=-=-=-= 
00:46:57.151 INFO  =-=-=-=-=-=-=- Loading event(s) -=-=-=-=-=-=-= 
00:48:30.209 INFO  =-=-=-=-=-=-=- Loading command(s) -=-=-=-=-=-=-= 
00:48:32.585 INFO  =-=-=-=-=-=-=- Loading event(s) -=-=-=-=-=-=-= 
00:49:30.957 ERROR Đã có lỗi xảy ra: Cannot destroy VoiceConnection - it has already been destroyed. 
01:51:29.494 INFO  =-=-=-=-=-=-=- Loading command(s) -=-=-=-=-=-=-= 
01:51:32.150 INFO  =-=-=-=-=-=-=- Loading event(s) -=-=-=-=-=-=-= 
01:52:47.829 ERROR Đã có lỗi xảy ra: Cannot read properties of undefined (reading 'setName'). 
01:53:40.247 INFO  =-=-=-=-=-=-=- Loading command(s) -=-=-=-=-=-=-= 
01:53:43.308 INFO  =-=-=-=-=-=-=- Loading event(s) -=-=-=-=-=-=-= 
01:54:00.372 ERROR Đã có lỗi xảy ra: Cannot read properties of undefined (reading 'setName'). 
01:56:42.825 INFO  =-=-=-=-=-=-=- Loading command(s) -=-=-=-=-=-=-= 
01:56:45.273 INFO  =-=-=-=-=-=-=- Loading event(s) -=-=-=-=-=-=-= 
01:57:02.413 INFO  =-=-=-=-=-=-=- Loading command(s) -=-=-=-=-=-=-= 
01:57:04.744 INFO  =-=-=-=-=-=-=- Loading event(s) -=-=-=-=-=-=-= 
01:58:02.786 INFO  =-=-=-=-=-=-=- Loading command(s) -=-=-=-=-=-=-= 
01:58:05.091 INFO  =-=-=-=-=-=-=- Loading event(s) -=-=-=-=-=-=-= 
02:01:15.214 INFO  =-=-=-=-=-=-=- Loading command(s) -=-=-=-=-=-=-= 
02:01:17.636 INFO  =-=-=-=-=-=-=- Loading event(s) -=-=-=-=-=-=-= 
02:08:21.537 ERROR Đã có lỗi xảy ra: Cannot read properties of undefined (reading 'setName'). 
02:14:27.945 ERROR Đã có lỗi xảy ra: ENOENT: no such file or directory, lstat '/root/Downloads/AIO/dashboard'. 
02:15:15.768 ERROR Đã có lỗi xảy ra: ENOENT: no such file or directory, lstat '/root/Downloads/AIO/dashboard'. 
02:15:34.023 INFO  =-=-=-=-=-=-=- Loading command(s) -=-=-=-=-=-=-= 
02:15:36.511 INFO  =-=-=-=-=-=-=- Loading event(s) -=-=-=-=-=-=-= 
02:16:02.875 ERROR Đã có lỗi xảy ra: ENOENT: no such file or directory, lstat '/root/Downloads/AIO/dashboard'. 
02:16:18.392 ERROR Đã có lỗi xảy ra: ENOENT: no such file or directory, lstat '/root/Downloads/AIO/dashboard'. 
02:16:23.454 ERROR Đã có lỗi xảy ra: ENOENT: no such file or directory, lstat '/root/Downloads/AIO/dashboard'. 
02:30:03.423 ERROR Đã có lỗi xảy ra: Cannot read properties of undefined (reading 'setName'). 
02:30:05.887 INFO  =-=-=-=-=-=-=- Loading command(s) -=-=-=-=-=-=-= 
02:30:08.285 INFO  =-=-=-=-=-=-=- Loading event(s) -=-=-=-=-=-=-= 
02:30:56.282 ERROR Đã có lỗi xảy ra: Cannot read properties of undefined (reading 'setName'). 
02:35:23.391 INFO  =-=-=-=-=-=-=- Loading command(s) -=-=-=-=-=-=-= 
02:35:25.649 INFO  =-=-=-=-=-=-=- Loading event(s) -=-=-=-=-=-=-= 
02:35:49.850 ERROR Đã có lỗi xảy ra: Cannot read properties of undefined (reading 'setName'). 
02:41:07.208 INFO  =-=-=-=-=-=-=- Loading command(s) -=-=-=-=-=-=-= 
02:41:09.626 INFO  =-=-=-=-=-=-=- Loading event(s) -=-=-=-=-=-=-= 
02:43:17.730 ERROR Đã có lỗi xảy ra: Cannot read properties of undefined (reading 'setName'). 
02:50:19.953 INFO  =-=-=-=-=-=-=- Loading command(s) -=-=-=-=-=-=-= 
02:50:22.490 INFO  =-=-=-=-=-=-=- Loading event(s) -=-=-=-=-=-=-= 
02:58:19.246 ERROR Đã có lỗi xảy ra: Cannot read properties of undefined (reading 'setName'). 
03:02:10.706 INFO  =-=-=-=-=-=-=- Loading command(s) -=-=-=-=-=-=-= 
03:02:13.233 INFO  =-=-=-=-=-=-=- Loading event(s) -=-=-=-=-=-=-= 
03:03:28.455 ERROR Đã có lỗi xảy ra: Cannot read properties of undefined (reading 'setName'). 
03:17:35.091 INFO  =-=-=-=-=-=-=- Loading command(s) -=-=-=-=-=-=-= 
03:17:37.596 INFO  =-=-=-=-=-=-=- Loading event(s) -=-=-=-=-=-=-= 
03:20:43.306 ERROR Đã có lỗi xảy ra: Cannot read properties of undefined (reading 'setName'). 
03:20:48.766 INFO  =-=-=-=-=-=-=- Loading command(s) -=-=-=-=-=-=-= 
03:20:51.310 INFO  =-=-=-=-=-=-=- Loading event(s) -=-=-=-=-=-=-= 
03:33:38.164 ERROR Đã có lỗi xảy ra: Cannot read properties of undefined (reading 'setName'). 
03:43:50.510 INFO  =-=-=-=-=-=-=- Loading command(s) -=-=-=-=-=-=-= 
03:43:53.105 INFO  =-=-=-=-=-=-=- Loading event(s) -=-=-=-=-=-=-= 
03:47:49.123 INFO  =-=-=-=-=-=-=- Loading command(s) -=-=-=-=-=-=-= 
03:47:51.626 INFO  =-=-=-=-=-=-=- Loading event(s) -=-=-=-=-=-=-= 
03:50:28.339 ERROR Đã có lỗi xảy ra: Cannot read properties of undefined (reading 'setName'). 
03:52:47.147 INFO  =-=-=-=-=-=-=- Loading command(s) -=-=-=-=-=-=-= 
03:52:49.367 INFO  =-=-=-=-=-=-=- Loading event(s) -=-=-=-=-=-=-= 
03:54:14.855 INFO  =-=-=-=-=-=-=- Loading command(s) -=-=-=-=-=-=-= 
03:54:17.195 INFO  =-=-=-=-=-=-=- Loading event(s) -=-=-=-=-=-=-= 
04:04:13.433 ERROR Đã có lỗi xảy ra: Cannot read properties of undefined (reading 'setName'). 
04:06:37.651 INFO  =-=-=-=-=-=-=- Loading command(s) -=-=-=-=-=-=-= 
04:06:40.088 INFO  =-=-=-=-=-=-=- Loading event(s) -=-=-=-=-=-=-= 
04:10:26.149 ERROR Đã có lỗi xảy ra: Cannot read properties of undefined (reading 'setName'). 
04:11:05.895 INFO  =-=-=-=-=-=-=- Loading command(s) -=-=-=-=-=-=-= 
04:11:08.174 INFO  =-=-=-=-=-=-=- Loading event(s) -=-=-=-=-=-=-= 
04:13:47.062 ERROR Đã có lỗi xảy ra: Cannot read properties of undefined (reading 'setName'). 
04:19:06.385 INFO  =-=-=-=-=-=-=- Loading command(s) -=-=-=-=-=-=-= 
04:19:08.775 INFO  =-=-=-=-=-=-=- Loading event(s) -=-=-=-=-=-=-= 
04:19:43.548 ERROR Đã có lỗi xảy ra: Cannot read properties of undefined (reading 'setName'). 
04:20:16.326 INFO  =-=-=-=-=-=-=- Loading command(s) -=-=-=-=-=-=-= 
04:20:18.630 INFO  =-=-=-=-=-=-=- Loading event(s) -=-=-=-=-=-=-= 
04:39:15.472 ERROR Đã có lỗi xảy ra: Cannot read properties of undefined (reading 'setName'). 
04:55:06.428 INFO  =-=-=-=-=-=-=- Loading command(s) -=-=-=-=-=-=-= 
04:55:08.796 INFO  =-=-=-=-=-=-=- Loading event(s) -=-=-=-=-=-=-= 
05:03:13.190 ERROR Đã có lỗi xảy ra: Cannot read properties of undefined (reading 'setName'). 
05:27:20.771 INFO  =-=-=-=-=-=-=- Loading command(s) -=-=-=-=-=-=-= 
05:27:23.347 INFO  =-=-=-=-=-=-=- Loading event(s) -=-=-=-=-=-=-= 
05:32:37.192 ERROR Đã có lỗi xảy ra: Cannot read properties of undefined (reading 'setName'). 
05:33:52.546 INFO  =-=-=-=-=-=-=- Loading command(s) -=-=-=-=-=-=-= 
05:33:54.996 INFO  =-=-=-=-=-=-=- Loading event(s) -=-=-=-=-=-=-= 
05:35:49.105 ERROR Đã có lỗi xảy ra: Cannot read properties of undefined (reading 'setName'). 
05:46:04.555 INFO  =-=-=-=-=-=-=- Loading command(s) -=-=-=-=-=-=-= 
05:46:07.024 INFO  =-=-=-=-=-=-=- Loading event(s) -=-=-=-=-=-=-= 
05:48:46.113 ERROR Đã có lỗi xảy ra: command.run is not a function. 
06:03:49.900 ERROR Đã có lỗi xảy ra: Cannot read properties of undefined (reading 'setName'). 
06:16:01.984 INFO  =-=-=-=-=-=-=- Loading command(s) -=-=-=-=-=-=-= 
06:16:04.342 INFO  =-=-=-=-=-=-=- Loading event(s) -=-=-=-=-=-=-= 
06:23:48.578 ERROR Đã có lỗi xảy ra: Cannot read properties of undefined (reading 'setName'). 
06:24:04.938 INFO  =-=-=-=-=-=-=- Loading command(s) -=-=-=-=-=-=-= 
06:24:07.264 INFO  =-=-=-=-=-=-=- Loading event(s) -=-=-=-=-=-=-= 
06:35:30.779 ERROR Đã có lỗi xảy ra: Cannot send an empty message. 
06:39:50.980 ERROR Đã có lỗi xảy ra: command.run is not a function. 
06:40:24.864 INFO  =-=-=-=-=-=-=- Loading command(s) -=-=-=-=-=-=-= 
06:40:27.227 INFO  =-=-=-=-=-=-=- Loading event(s) -=-=-=-=-=-=-= 
06:40:36.067 ERROR Đã có lỗi xảy ra: Cannot read properties of undefined (reading 'setName'). 
06:41:32.557 INFO  =-=-=-=-=-=-=- Loading command(s) -=-=-=-=-=-=-= 
06:41:35.017 INFO  =-=-=-=-=-=-=- Loading event(s) -=-=-=-=-=-=-= 
06:48:50.966 ERROR Đã có lỗi xảy ra: Cannot read properties of undefined (reading 'setName'). 
06:57:48.110 ERROR Đã có lỗi xảy ra: Missing Permissions. 
06:57:50.967 INFO  =-=-=-=-=-=-=- Loading command(s) -=-=-=-=-=-=-= 
06:57:53.663 INFO  =-=-=-=-=-=-=- Loading event(s) -=-=-=-=-=-=-= 
07:10:02.588 INFO  =-=-=-=-=-=-=- Loading command(s) -=-=-=-=-=-=-= 
07:10:05.054 INFO  =-=-=-=-=-=-=- Loading event(s) -=-=-=-=-=-=-= 
07:11:48.351 ERROR Đã có lỗi xảy ra: Cannot read properties of undefined (reading 'setName'). 
07:14:32.133 INFO  =-=-=-=-=-=-=- Loading command(s) -=-=-=-=-=-=-= 
07:14:34.563 INFO  =-=-=-=-=-=-=- Loading event(s) -=-=-=-=-=-=-= 
07:26:29.455 INFO  =-=-=-=-=-=-=- Loading command(s) -=-=-=-=-=-=-= 
07:26:31.834 INFO  =-=-=-=-=-=-=- Loading event(s) -=-=-=-=-=-=-= 
07:29:07.346 ERROR Đã có lỗi xảy ra: Cannot read properties of undefined (reading 'setName'). 
07:32:45.428 INFO  =-=-=-=-=-=-=- Loading command(s) -=-=-=-=-=-=-= 
07:32:47.795 INFO  =-=-=-=-=-=-=- Loading event(s) -=-=-=-=-=-=-= 
07:36:02.328 INFO  =-=-=-=-=-=-=- Loading command(s) -=-=-=-=-=-=-= 
07:36:04.873 INFO  =-=-=-=-=-=-=- Loading event(s) -=-=-=-=-=-=-= 
07:54:16.709 ERROR Đã có lỗi xảy ra: Cannot read properties of undefined (reading 'setName'). 
08:01:45.909 INFO  =-=-=-=-=-=-=- Loading command(s) -=-=-=-=-=-=-= 
08:01:48.254 INFO  =-=-=-=-=-=-=- Loading event(s) -=-=-=-=-=-=-= 
08:02:43.270 ERROR Đã có lỗi xảy ra: Cannot read properties of undefined (reading 'setName'). 
08:06:26.397 INFO  =-=-=-=-=-=-=- Loading command(s) -=-=-=-=-=-=-= 
08:06:28.750 INFO  =-=-=-=-=-=-=- Loading event(s) -=-=-=-=-=-=-= 
08:07:50.615 ERROR Đã có lỗi xảy ra: Cannot read properties of undefined (reading 'setName'). 
08:10:22.932 INFO  =-=-=-=-=-=-=- Loading command(s) -=-=-=-=-=-=-= 
08:10:25.334 INFO  =-=-=-=-=-=-=- Loading event(s) -=-=-=-=-=-=-= 
08:12:30.635 INFO  =-=-=-=-=-=-=- Loading command(s) -=-=-=-=-=-=-= 
08:12:32.952 INFO  =-=-=-=-=-=-=- Loading event(s) -=-=-=-=-=-=-= 
08:16:38.267 ERROR Đã có lỗi xảy ra: Cannot read properties of undefined (reading 'setName'). 
08:20:57.947 INFO  =-=-=-=-=-=-=- Loading command(s) -=-=-=-=-=-=-= 
08:21:00.407 INFO  =-=-=-=-=-=-=- Loading event(s) -=-=-=-=-=-=-= 
08:23:28.977 ERROR Đã có lỗi xảy ra: Cannot read properties of undefined (reading 'setName'). 
08:24:44.293 INFO  =-=-=-=-=-=-=- Loading command(s) -=-=-=-=-=-=-= 
08:24:46.810 INFO  =-=-=-=-=-=-=- Loading event(s) -=-=-=-=-=-=-= 
08:27:15.272 ERROR Đã có lỗi xảy ra: Cannot read properties of undefined (reading 'setName'). 
08:39:28.698 INFO  =-=-=-=-=-=-=- Loading command(s) -=-=-=-=-=-=-= 
08:39:31.196 INFO  =-=-=-=-=-=-=- Loading event(s) -=-=-=-=-=-=-= 
08:40:36.911 INFO  =-=-=-=-=-=-=- Loading command(s) -=-=-=-=-=-=-= 
08:40:39.176 INFO  =-=-=-=-=-=-=- Loading event(s) -=-=-=-=-=-=-= 
08:47:13.733 ERROR Đã có lỗi xảy ra: Cannot read properties of undefined (reading 'setName'). 
08:56:05.749 INFO  =-=-=-=-=-=-=- Loading command(s) -=-=-=-=-=-=-= 
08:56:08.175 INFO  =-=-=-=-=-=-=- Loading event(s) -=-=-=-=-=-=-= 
08:56:45.191 ERROR Đã có lỗi xảy ra: Cannot read properties of undefined (reading 'setName'). 
08:57:30.467 INFO  =-=-=-=-=-=-=- Loading command(s) -=-=-=-=-=-=-= 
08:57:32.752 INFO  =-=-=-=-=-=-=- Loading event(s) -=-=-=-=-=-=-= 
09:04:00.856 ERROR Đã có lỗi xảy ra: Cannot read properties of undefined (reading 'setName'). 
09:04:20.191 INFO  =-=-=-=-=-=-=- Loading command(s) -=-=-=-=-=-=-= 
09:04:22.630 INFO  =-=-=-=-=-=-=- Loading event(s) -=-=-=-=-=-=-= 
09:04:29.746 ERROR Đã có lỗi xảy ra: Cannot read properties of undefined (reading 'setName'). 
09:23:01.951 INFO  =-=-=-=-=-=-=- Loading command(s) -=-=-=-=-=-=-= 
09:23:04.530 INFO  =-=-=-=-=-=-=- Loading event(s) -=-=-=-=-=-=-= 
09:24:52.107 ERROR Đã có lỗi xảy ra: Cannot read properties of undefined (reading 'setName'). 
09:27:44.307 INFO  =-=-=-=-=-=-=- Loading command(s) -=-=-=-=-=-=-= 
09:27:46.800 INFO  =-=-=-=-=-=-=- Loading event(s) -=-=-=-=-=-=-= 
09:28:00.712 ERROR Đã có lỗi xảy ra: Cannot read properties of undefined (reading 'setName'). 
09:34:00.698 INFO  =-=-=-=-=-=-=- Loading command(s) -=-=-=-=-=-=-= 
09:34:03.879 INFO  =-=-=-=-=-=-=- Loading event(s) -=-=-=-=-=-=-= 
09:35:16.108 ERROR Đã có lỗi xảy ra: Cannot read properties of undefined (reading 'setName'). 
09:43:40.872 INFO  =-=-=-=-=-=-=- Loading command(s) -=-=-=-=-=-=-= 
09:43:43.410 INFO  =-=-=-=-=-=-=- Loading event(s) -=-=-=-=-=-=-= 
09:49:05.450 ERROR Đã có lỗi xảy ra: Cannot send an empty message. 
09:52:14.374 ERROR Đã có lỗi xảy ra: Cannot read properties of undefined (reading 'setName'). 
10:05:13.912 INFO  =-=-=-=-=-=-=- Loading command(s) -=-=-=-=-=-=-= 
10:05:16.286 INFO  =-=-=-=-=-=-=- Loading event(s) -=-=-=-=-=-=-= 
10:12:38.056 ERROR Đã có lỗi xảy ra: Cannot read properties of undefined (reading 'setName'). 
10:15:03.713 INFO  =-=-=-=-=-=-=- Loading command(s) -=-=-=-=-=-=-= 
10:15:06.193 INFO  =-=-=-=-=-=-=- Loading event(s) -=-=-=-=-=-=-= 
10:15:17.772 ERROR Đã có lỗi xảy ra: Cannot read properties of undefined (reading 'setName'). 
10:15:22.108 INFO  =-=-=-=-=-=-=- Loading command(s) -=-=-=-=-=-=-= 
10:15:24.346 INFO  =-=-=-=-=-=-=- Loading event(s) -=-=-=-=-=-=-= 
10:15:30.171 ERROR Đã có lỗi xảy ra: Cannot read properties of undefined (reading 'setName'). 
10:15:34.489 INFO  =-=-=-=-=-=-=- Loading command(s) -=-=-=-=-=-=-= 
10:15:36.653 INFO  =-=-=-=-=-=-=- Loading event(s) -=-=-=-=-=-=-= 
10:15:40.967 ERROR Đã có lỗi xảy ra: Cannot read properties of undefined (reading 'setName'). 
10:15:43.733 INFO  =-=-=-=-=-=-=- Loading command(s) -=-=-=-=-=-=-= 
10:15:46.008 INFO  =-=-=-=-=-=-=- Loading event(s) -=-=-=-=-=-=-= 
10:15:51.211 ERROR Đã có lỗi xảy ra: Cannot read properties of undefined (reading 'setName'). 
10:15:52.632 INFO  =-=-=-=-=-=-=- Loading command(s) -=-=-=-=-=-=-= 
10:15:54.950 INFO  =-=-=-=-=-=-=- Loading event(s) -=-=-=-=-=-=-= 
10:18:25.967 ERROR Đã có lỗi xảy ra: Cannot read properties of undefined (reading 'setName'). 
10:20:12.586 INFO  =-=-=-=-=-=-=- Loading command(s) -=-=-=-=-=-=-= 
10:20:15.072 INFO  =-=-=-=-=-=-=- Loading event(s) -=-=-=-=-=-=-= 
10:21:02.567 ERROR Đã có lỗi xảy ra: Cannot read properties of undefined (reading 'setName'). 
10:23:02.249 INFO  =-=-=-=-=-=-=- Loading command(s) -=-=-=-=-=-=-= 
10:23:04.610 INFO  =-=-=-=-=-=-=- Loading event(s) -=-=-=-=-=-=-= 
10:31:57.172 ERROR Đã có lỗi xảy ra: Cannot read properties of undefined (reading 'setName'). 
10:34:21.412 INFO  =-=-=-=-=-=-=- Loading command(s) -=-=-=-=-=-=-= 
10:34:23.971 INFO  =-=-=-=-=-=-=- Loading event(s) -=-=-=-=-=-=-= 
10:38:52.387 ERROR Đã có lỗi xảy ra: Cannot read properties of undefined (reading 'setName'). 
10:38:58.446 INFO  =-=-=-=-=-=-=- Loading command(s) -=-=-=-=-=-=-= 
10:39:01.146 INFO  =-=-=-=-=-=-=- Loading event(s) -=-=-=-=-=-=-= 
10:39:11.156 ERROR Đã có lỗi xảy ra: Cannot read properties of undefined (reading 'setName'). 
10:39:38.149 INFO  =-=-=-=-=-=-=- Loading command(s) -=-=-=-=-=-=-= 
10:39:40.289 INFO  =-=-=-=-=-=-=- Loading event(s) -=-=-=-=-=-=-= 
10:39:46.299 ERROR Đã có lỗi xảy ra: Cannot read properties of undefined (reading 'setName'). 
10:45:22.796 INFO  =-=-=-=-=-=-=- Loading command(s) -=-=-=-=-=-=-= 
10:45:25.207 INFO  =-=-=-=-=-=-=- Loading event(s) -=-=-=-=-=-=-= 
10:52:31.952 ERROR Đã có lỗi xảy ra: Cannot read properties of undefined (reading 'setName'). 
10:52:50.950 INFO  =-=-=-=-=-=-=- Loading command(s) -=-=-=-=-=-=-= 
10:52:53.327 INFO  =-=-=-=-=-=-=- Loading event(s) -=-=-=-=-=-=-= 
10:52:57.947 ERROR Đã có lỗi xảy ra: Cannot read properties of undefined (reading 'setName'). 
10:52:59.352 INFO  =-=-=-=-=-=-=- Loading command(s) -=-=-=-=-=-=-= 
10:53:01.584 INFO  =-=-=-=-=-=-=- Loading event(s) -=-=-=-=-=-=-= 
10:53:07.264 ERROR Đã có lỗi xảy ra: Cannot read properties of undefined (reading 'setName'). 
10:53:10.490 INFO  =-=-=-=-=-=-=- Loading command(s) -=-=-=-=-=-=-= 
10:53:12.788 INFO  =-=-=-=-=-=-=- Loading event(s) -=-=-=-=-=-=-= 
10:53:18.430 ERROR Đã có lỗi xảy ra: Cannot read properties of undefined (reading 'setName'). 
10:53:32.392 INFO  =-=-=-=-=-=-=- Loading command(s) -=-=-=-=-=-=-= 
10:53:34.550 INFO  =-=-=-=-=-=-=- Loading event(s) -=-=-=-=-=-=-= 
10:53:44.594 ERROR Đã có lỗi xảy ra: Cannot read properties of undefined (reading 'setName'). 
10:55:19.764 INFO  =-=-=-=-=-=-=- Loading command(s) -=-=-=-=-=-=-= 
10:55:22.168 INFO  =-=-=-=-=-=-=- Loading event(s) -=-=-=-=-=-=-= 
10:57:02.444 ERROR Đã có lỗi xảy ra: Cannot read properties of undefined (reading 'setName'). 
10:57:22.088 INFO  =-=-=-=-=-=-=- Loading command(s) -=-=-=-=-=-=-= 
10:57:24.547 INFO  =-=-=-=-=-=-=- Loading event(s) -=-=-=-=-=-=-= 
11:06:02.314 ERROR Đã có lỗi xảy ra: Cannot read properties of undefined (reading 'setName'). 
11:09:56.106 INFO  =-=-=-=-=-=-=- Loading command(s) -=-=-=-=-=-=-= 
11:09:58.580 INFO  =-=-=-=-=-=-=- Loading event(s) -=-=-=-=-=-=-= 
11:18:04.763 ERROR Đã có lỗi xảy ra: Cannot read properties of undefined (reading 'setName'). 
11:36:22.631 INFO  =-=-=-=-=-=-=- Loading command(s) -=-=-=-=-=-=-= 
11:36:25.210 INFO  =-=-=-=-=-=-=- Loading event(s) -=-=-=-=-=-=-= 
11:38:08.546 ERROR Đã có lỗi xảy ra: Cannot read properties of null (reading 'permissions'). 
11:40:33.326 ERROR Đã có lỗi xảy ra: Cannot read properties of null (reading 'permissions'). 
11:45:57.150 ERROR Đã có lỗi xảy ra: Cannot read properties of undefined (reading 'setName'). 
11:47:12.569 INFO  =-=-=-=-=-=-=- Loading command(s) -=-=-=-=-=-=-= 
11:47:15.546 INFO  =-=-=-=-=-=-=- Loading event(s) -=-=-=-=-=-=-= 
11:55:36.801 ERROR Đã có lỗi xảy ra: Cannot read properties of undefined (reading 'setName'). 
11:56:52.307 ERROR Đã có lỗi xảy ra: command.run is not a function. 
12:01:14.472 INFO  =-=-=-=-=-=-=- Loading command(s) -=-=-=-=-=-=-= 
12:01:16.833 INFO  =-=-=-=-=-=-=- Loading event(s) -=-=-=-=-=-=-= 
12:04:27.190 ERROR Đã có lỗi xảy ra: Cannot read properties of undefined (reading 'setName'). 
12:06:41.030 INFO  =-=-=-=-=-=-=- Loading command(s) -=-=-=-=-=-=-= 
12:06:43.415 INFO  =-=-=-=-=-=-=- Loading event(s) -=-=-=-=-=-=-= 
12:17:34.910 ERROR Đã có lỗi xảy ra: Cannot read properties of undefined (reading 'setName'). 
12:23:36.534 INFO  =-=-=-=-=-=-=- Loading command(s) -=-=-=-=-=-=-= 
12:23:39.115 INFO  =-=-=-=-=-=-=- Loading event(s) -=-=-=-=-=-=-= 
12:33:35.507 ERROR Đã có lỗi xảy ra: Cannot read properties of undefined (reading 'setName'). 
12:45:57.178 INFO  =-=-=-=-=-=-=- Loading command(s) -=-=-=-=-=-=-= 
12:45:59.551 INFO  =-=-=-=-=-=-=- Loading event(s) -=-=-=-=-=-=-= 
12:51:09.758 ERROR Đã có lỗi xảy ra: Cannot read properties of undefined (reading 'setName'). 
12:52:14.686 INFO  =-=-=-=-=-=-=- Loading command(s) -=-=-=-=-=-=-= 
12:52:17.012 INFO  =-=-=-=-=-=-=- Loading event(s) -=-=-=-=-=-=-= 
12:52:56.073 ERROR Đã có lỗi xảy ra: Cannot read properties of undefined (reading 'setName'). 
12:59:55.909 INFO  =-=-=-=-=-=-=- Loading command(s) -=-=-=-=-=-=-= 
12:59:58.162 INFO  =-=-=-=-=-=-=- Loading event(s) -=-=-=-=-=-=-= 
13:05:04.311 ERROR Đã có lỗi xảy ra: Cannot read properties of undefined (reading 'setName'). 
13:05:32.254 INFO  =-=-=-=-=-=-=- Loading command(s) -=-=-=-=-=-=-= 
13:05:34.872 INFO  =-=-=-=-=-=-=- Loading event(s) -=-=-=-=-=-=-= 
13:06:00.752 ERROR Đã có lỗi xảy ra: Cannot read properties of undefined (reading 'setName'). 
13:06:10.229 INFO  =-=-=-=-=-=-=- Loading command(s) -=-=-=-=-=-=-= 
13:06:12.369 INFO  =-=-=-=-=-=-=- Loading event(s) -=-=-=-=-=-=-= 
13:13:39.897 ERROR Đã có lỗi xảy ra: Cannot read properties of undefined (reading 'setName'). 
13:14:21.472 INFO  =-=-=-=-=-=-=- Loading command(s) -=-=-=-=-=-=-= 
13:14:24.015 INFO  =-=-=-=-=-=-=- Loading event(s) -=-=-=-=-=-=-= 
13:14:58.105 ERROR Đã có lỗi xảy ra: Cannot read properties of undefined (reading 'setName'). 
13:18:32.191 INFO  =-=-=-=-=-=-=- Loading command(s) -=-=-=-=-=-=-= 
13:18:34.667 INFO  =-=-=-=-=-=-=- Loading event(s) -=-=-=-=-=-=-= 
13:20:43.539 ERROR Đã có lỗi xảy ra: Cannot read properties of undefined (reading 'setName'). 
13:32:58.788 INFO  =-=-=-=-=-=-=- Loading command(s) -=-=-=-=-=-=-= 
13:33:01.208 INFO  =-=-=-=-=-=-=- Loading event(s) -=-=-=-=-=-=-= 
13:34:52.070 ERROR Đã có lỗi xảy ra: Cannot read properties of undefined (reading 'setName'). 
13:35:01.286 INFO  =-=-=-=-=-=-=- Loading command(s) -=-=-=-=-=-=-= 
13:35:03.928 INFO  =-=-=-=-=-=-=- Loading event(s) -=-=-=-=-=-=-= 
13:37:46.342 ERROR Đã có lỗi xảy ra: Cannot read properties of undefined (reading 'setName'). 
13:41:50.055 INFO  =-=-=-=-=-=-=- Loading command(s) -=-=-=-=-=-=-= 
13:41:52.267 INFO  =-=-=-=-=-=-=- Loading event(s) -=-=-=-=-=-=-= 
13:44:23.249 ERROR Đã có lỗi xảy ra: Cannot read properties of undefined (reading 'setName'). 
13:45:12.109 INFO  =-=-=-=-=-=-=- Loading command(s) -=-=-=-=-=-=-= 
13:45:14.470 INFO  =-=-=-=-=-=-=- Loading event(s) -=-=-=-=-=-=-= 
13:55:36.251 ERROR Đã có lỗi xảy ra: Cannot read properties of undefined (reading 'setName'). 
13:57:30.459 INFO  =-=-=-=-=-=-=- Loading command(s) -=-=-=-=-=-=-= 
13:57:32.804 INFO  =-=-=-=-=-=-=- Loading event(s) -=-=-=-=-=-=-= 
13:59:48.486 ERROR Đã có lỗi xảy ra: Cannot read properties of undefined (reading 'setName'). 
14:00:02.801 INFO  =-=-=-=-=-=-=- Loading command(s) -=-=-=-=-=-=-= 
14:00:05.211 INFO  =-=-=-=-=-=-=- Loading event(s) -=-=-=-=-=-=-= 
14:04:40.780 ERROR Đã có lỗi xảy ra: Cannot read properties of null (reading 'permissions'). 
14:05:05.046 ERROR Đã có lỗi xảy ra: Cannot read properties of undefined (reading 'setName'). 
14:10:49.420 INFO  =-=-=-=-=-=-=- Loading command(s) -=-=-=-=-=-=-= 
14:10:51.719 INFO  =-=-=-=-=-=-=- Loading event(s) -=-=-=-=-=-=-= 
14:17:21.761 ERROR Đã có lỗi xảy ra: Cannot read properties of undefined (reading 'setName'). 
14:20:18.388 INFO  =-=-=-=-=-=-=- Loading command(s) -=-=-=-=-=-=-= 
14:20:20.866 INFO  =-=-=-=-=-=-=- Loading event(s) -=-=-=-=-=-=-= 
14:30:56.665 ERROR Đã có lỗi xảy ra: Cannot read properties of undefined (reading 'setName'). 
14:31:30.690 INFO  =-=-=-=-=-=-=- Loading command(s) -=-=-=-=-=-=-= 
14:31:33.112 INFO  =-=-=-=-=-=-=- Loading event(s) -=-=-=-=-=-=-= 
14:37:54.295 ERROR Đã có lỗi xảy ra: Cannot read properties of undefined (reading 'setName'). 
14:39:42.745 INFO  =-=-=-=-=-=-=- Loading command(s) -=-=-=-=-=-=-= 
14:39:45.122 INFO  =-=-=-=-=-=-=- Loading event(s) -=-=-=-=-=-=-= 
14:50:25.732 ERROR Đã có lỗi xảy ra: Cannot read properties of undefined (reading 'setName'). 
14:52:58.508 INFO  =-=-=-=-=-=-=- Loading command(s) -=-=-=-=-=-=-= 
14:53:00.932 INFO  =-=-=-=-=-=-=- Loading event(s) -=-=-=-=-=-=-= 
14:53:56.928 ERROR Đã có lỗi xảy ra: Cannot read properties of undefined (reading 'setName'). 
14:55:50.891 INFO  =-=-=-=-=-=-=- Loading command(s) -=-=-=-=-=-=-= 
14:55:53.248 INFO  =-=-=-=-=-=-=- Loading event(s) -=-=-=-=-=-=-= 
14:57:07.672 ERROR Đã có lỗi xảy ra: Cannot read properties of undefined (reading 'setName'). 
15:01:05.668 INFO  =-=-=-=-=-=-=- Loading command(s) -=-=-=-=-=-=-= 
15:01:08.210 INFO  =-=-=-=-=-=-=- Loading event(s) -=-=-=-=-=-=-= 
15:02:19.829 ERROR Đã có lỗi xảy ra: Cannot read properties of undefined (reading 'setName'). 
15:02:34.675 INFO  =-=-=-=-=-=-=- Loading command(s) -=-=-=-=-=-=-= 
15:02:37.071 INFO  =-=-=-=-=-=-=- Loading event(s) -=-=-=-=-=-=-= 
15:04:15.026 ERROR Đã có lỗi xảy ra: Cannot read properties of undefined (reading 'setName'). 
15:08:02.138 INFO  =-=-=-=-=-=-=- Loading command(s) -=-=-=-=-=-=-= 
15:08:04.781 INFO  =-=-=-=-=-=-=- Loading event(s) -=-=-=-=-=-=-= 
15:15:01.267 ERROR Đã có lỗi xảy ra: Cannot read properties of undefined (reading 'setName'). 
15:15:53.366 INFO  =-=-=-=-=-=-=- Loading command(s) -=-=-=-=-=-=-= 
15:15:55.685 INFO  =-=-=-=-=-=-=- Loading event(s) -=-=-=-=-=-=-= 
15:24:18.769 ERROR Đã có lỗi xảy ra: Cannot read properties of undefined (reading 'setName'). 
15:26:31.528 INFO  =-=-=-=-=-=-=- Loading command(s) -=-=-=-=-=-=-= 
15:26:33.835 INFO  =-=-=-=-=-=-=- Loading event(s) -=-=-=-=-=-=-= 
15:40:04.485 ERROR Đã có lỗi xảy ra: Cannot read properties of undefined (reading 'setName'). 
15:41:11.949 INFO  =-=-=-=-=-=-=- Loading command(s) -=-=-=-=-=-=-= 
15:41:14.328 INFO  =-=-=-=-=-=-=- Loading event(s) -=-=-=-=-=-=-= 
15:53:17.932 ERROR Đã có lỗi xảy ra: Supplied roles is not a Role, Snowflake or Array or Collection of Roles or Snowflakes.. 
15:56:12.565 ERROR Đã có lỗi xảy ra: Cannot read properties of undefined (reading 'setName'). 
15:59:38.871 INFO  =-=-=-=-=-=-=- Loading command(s) -=-=-=-=-=-=-= 
15:59:41.152 INFO  =-=-=-=-=-=-=- Loading event(s) -=-=-=-=-=-=-= 
16:05:31.108 ERROR Đã có lỗi xảy ra: Cannot read properties of undefined (reading 'setName'). 
16:18:00.215 INFO  =-=-=-=-=-=-=- Loading command(s) -=-=-=-=-=-=-= 
16:18:02.592 INFO  =-=-=-=-=-=-=- Loading event(s) -=-=-=-=-=-=-= 
16:19:53.326 ERROR Đã có lỗi xảy ra: Cannot read properties of undefined (reading 'setName'). 
16:28:38.721 INFO  =-=-=-=-=-=-=- Loading command(s) -=-=-=-=-=-=-= 
16:28:41.051 INFO  =-=-=-=-=-=-=- Loading event(s) -=-=-=-=-=-=-= 
16:28:58.753 ERROR Đã có lỗi xảy ra: Cannot read properties of undefined (reading 'setName'). 
16:33:57.277 INFO  =-=-=-=-=-=-=- Loading command(s) -=-=-=-=-=-=-= 
16:33:59.606 INFO  =-=-=-=-=-=-=- Loading event(s) -=-=-=-=-=-=-= 
16:37:20.677 ERROR Đã có lỗi xảy ra: Cannot read properties of undefined (reading 'setName'). 
16:38:40.711 INFO  =-=-=-=-=-=-=- Loading command(s) -=-=-=-=-=-=-= 
16:38:42.964 INFO  =-=-=-=-=-=-=- Loading event(s) -=-=-=-=-=-=-= 
16:41:39.632 ERROR Đã có lỗi xảy ra: Cannot read properties of undefined (reading 'setName'). 
16:44:02.415 INFO  =-=-=-=-=-=-=- Loading command(s) -=-=-=-=-=-=-= 
16:44:04.831 INFO  =-=-=-=-=-=-=- Loading event(s) -=-=-=-=-=-=-= 
16:46:14.453 ERROR Đã có lỗi xảy ra: Cannot read properties of undefined (reading 'setName'). 
16:51:52.848 INFO  =-=-=-=-=-=-=- Loading command(s) -=-=-=-=-=-=-= 
16:51:55.093 INFO  =-=-=-=-=-=-=- Loading event(s) -=-=-=-=-=-=-= 
16:53:06.590 ERROR Đã có lỗi xảy ra: Cannot read properties of undefined (reading 'setName'). 
16:55:26.928 INFO  =-=-=-=-=-=-=- Loading command(s) -=-=-=-=-=-=-= 
16:55:29.185 INFO  =-=-=-=-=-=-=- Loading event(s) -=-=-=-=-=-=-= 
17:00:30.391 ERROR Đã có lỗi xảy ra: Cannot read properties of undefined (reading 'setName'). 
17:30:49.312 INFO  =-=-=-=-=-=-=- Loading command(s) -=-=-=-=-=-=-= 
17:30:51.948 INFO  =-=-=-=-=-=-=- Loading event(s) -=-=-=-=-=-=-= 

